CRITICAL - 2020-09-04 20:53:36 --> Access denied for user ''@'localhost' (using password: NO)
#0 D:\Server\htdocs\Sisfomaru\system\Database\BaseConnection.php(377): CodeIgniter\Database\MySQLi\Connection->connect(false)
#1 D:\Server\htdocs\Sisfomaru\system\Database\BaseConnection.php(643): CodeIgniter\Database\BaseConnection->initialize()
#2 D:\Server\htdocs\Sisfomaru\app\Views\front\index.php(258): CodeIgniter\Database\BaseConnection->query('SELECT judul,in...')
#3 D:\Server\htdocs\Sisfomaru\system\View\View.php(246): include('D:\\Server\\htdoc...')
#4 D:\Server\htdocs\Sisfomaru\system\Common.php(1087): CodeIgniter\View\View->render('front/index', Array, true)
#5 D:\Server\htdocs\Sisfomaru\app\Controllers\Pages.php(13): view('front/index')
#6 D:\Server\htdocs\Sisfomaru\system\CodeIgniter.php(914): App\Controllers\Pages->index()
#7 D:\Server\htdocs\Sisfomaru\system\CodeIgniter.php(400): CodeIgniter\CodeIgniter->runController(Object(App\Controllers\Pages))
#8 D:\Server\htdocs\Sisfomaru\system\CodeIgniter.php(308): CodeIgniter\CodeIgniter->handleRequest(NULL, Object(Config\Cache), false)
#9 D:\Server\htdocs\Sisfomaru\public\index.php(45): CodeIgniter\CodeIgniter->run()
#10 D:\Server\htdocs\Sisfomaru\system\Commands\Server\rewrite.php(34): require_once('D:\\Server\\htdoc...')
#11 {main}
CRITICAL - 2020-09-04 20:55:31 --> Unknown column 'judul' in 'field list'
#0 D:\Server\htdocs\Sisfomaru\system\Database\MySQLi\Connection.php(331): mysqli->query('SELECT judul,in...')
#1 D:\Server\htdocs\Sisfomaru\system\Database\BaseConnection.php(738): CodeIgniter\Database\MySQLi\Connection->execute('SELECT judul,in...')
#2 D:\Server\htdocs\Sisfomaru\system\Database\BaseConnection.php(666): CodeIgniter\Database\BaseConnection->simpleQuery('SELECT judul,in...')
#3 D:\Server\htdocs\Sisfomaru\app\Views\front\index.php(258): CodeIgniter\Database\BaseConnection->query('SELECT judul,in...')
#4 D:\Server\htdocs\Sisfomaru\system\View\View.php(246): include('D:\\Server\\htdoc...')
#5 D:\Server\htdocs\Sisfomaru\system\Common.php(1087): CodeIgniter\View\View->render('front/index', Array, true)
#6 D:\Server\htdocs\Sisfomaru\app\Controllers\Pages.php(13): view('front/index')
#7 D:\Server\htdocs\Sisfomaru\system\CodeIgniter.php(914): App\Controllers\Pages->index()
#8 D:\Server\htdocs\Sisfomaru\system\CodeIgniter.php(400): CodeIgniter\CodeIgniter->runController(Object(App\Controllers\Pages))
#9 D:\Server\htdocs\Sisfomaru\system\CodeIgniter.php(308): CodeIgniter\CodeIgniter->handleRequest(NULL, Object(Config\Cache), false)
#10 D:\Server\htdocs\Sisfomaru\public\index.php(45): CodeIgniter\CodeIgniter->run()
#11 D:\Server\htdocs\Sisfomaru\system\Commands\Server\rewrite.php(34): require_once('D:\\Server\\htdoc...')
#12 {main}
CRITICAL - 2020-09-04 20:56:14 --> Unknown column 'created_at' in 'field list'
#0 D:\Server\htdocs\Sisfomaru\system\Database\MySQLi\Connection.php(331): mysqli->query('SELECT judul,in...')
#1 D:\Server\htdocs\Sisfomaru\system\Database\BaseConnection.php(738): CodeIgniter\Database\MySQLi\Connection->execute('SELECT judul,in...')
#2 D:\Server\htdocs\Sisfomaru\system\Database\BaseConnection.php(666): CodeIgniter\Database\BaseConnection->simpleQuery('SELECT judul,in...')
#3 D:\Server\htdocs\Sisfomaru\app\Views\front\index.php(258): CodeIgniter\Database\BaseConnection->query('SELECT judul,in...')
#4 D:\Server\htdocs\Sisfomaru\system\View\View.php(246): include('D:\\Server\\htdoc...')
#5 D:\Server\htdocs\Sisfomaru\system\Common.php(1087): CodeIgniter\View\View->render('front/index', Array, true)
#6 D:\Server\htdocs\Sisfomaru\app\Controllers\Pages.php(13): view('front/index')
#7 D:\Server\htdocs\Sisfomaru\system\CodeIgniter.php(914): App\Controllers\Pages->index()
#8 D:\Server\htdocs\Sisfomaru\system\CodeIgniter.php(400): CodeIgniter\CodeIgniter->runController(Object(App\Controllers\Pages))
#9 D:\Server\htdocs\Sisfomaru\system\CodeIgniter.php(308): CodeIgniter\CodeIgniter->handleRequest(NULL, Object(Config\Cache), false)
#10 D:\Server\htdocs\Sisfomaru\public\index.php(45): CodeIgniter\CodeIgniter->run()
#11 D:\Server\htdocs\Sisfomaru\system\Commands\Server\rewrite.php(34): require_once('D:\\Server\\htdoc...')
#12 {main}
CRITICAL - 2020-09-04 20:56:15 --> Unknown column 'created_at' in 'field list'
#0 D:\Server\htdocs\Sisfomaru\system\Database\MySQLi\Connection.php(331): mysqli->query('SELECT judul,in...')
#1 D:\Server\htdocs\Sisfomaru\system\Database\BaseConnection.php(738): CodeIgniter\Database\MySQLi\Connection->execute('SELECT judul,in...')
#2 D:\Server\htdocs\Sisfomaru\system\Database\BaseConnection.php(666): CodeIgniter\Database\BaseConnection->simpleQuery('SELECT judul,in...')
#3 D:\Server\htdocs\Sisfomaru\app\Views\front\index.php(258): CodeIgniter\Database\BaseConnection->query('SELECT judul,in...')
#4 D:\Server\htdocs\Sisfomaru\system\View\View.php(246): include('D:\\Server\\htdoc...')
#5 D:\Server\htdocs\Sisfomaru\system\Common.php(1087): CodeIgniter\View\View->render('front/index', Array, true)
#6 D:\Server\htdocs\Sisfomaru\app\Controllers\Pages.php(13): view('front/index')
#7 D:\Server\htdocs\Sisfomaru\system\CodeIgniter.php(914): App\Controllers\Pages->index()
#8 D:\Server\htdocs\Sisfomaru\system\CodeIgniter.php(400): CodeIgniter\CodeIgniter->runController(Object(App\Controllers\Pages))
#9 D:\Server\htdocs\Sisfomaru\system\CodeIgniter.php(308): CodeIgniter\CodeIgniter->handleRequest(NULL, Object(Config\Cache), false)
#10 D:\Server\htdocs\Sisfomaru\public\index.php(45): CodeIgniter\CodeIgniter->run()
#11 D:\Server\htdocs\Sisfomaru\system\Commands\Server\rewrite.php(34): require_once('D:\\Server\\htdoc...')
#12 {main}
CRITICAL - 2020-09-04 20:56:17 --> Unknown column 'created_at' in 'field list'
#0 D:\Server\htdocs\Sisfomaru\system\Database\MySQLi\Connection.php(331): mysqli->query('SELECT judul,in...')
#1 D:\Server\htdocs\Sisfomaru\system\Database\BaseConnection.php(738): CodeIgniter\Database\MySQLi\Connection->execute('SELECT judul,in...')
#2 D:\Server\htdocs\Sisfomaru\system\Database\BaseConnection.php(666): CodeIgniter\Database\BaseConnection->simpleQuery('SELECT judul,in...')
#3 D:\Server\htdocs\Sisfomaru\app\Views\front\index.php(258): CodeIgniter\Database\BaseConnection->query('SELECT judul,in...')
#4 D:\Server\htdocs\Sisfomaru\system\View\View.php(246): include('D:\\Server\\htdoc...')
#5 D:\Server\htdocs\Sisfomaru\system\Common.php(1087): CodeIgniter\View\View->render('front/index', Array, true)
#6 D:\Server\htdocs\Sisfomaru\app\Controllers\Pages.php(13): view('front/index')
#7 D:\Server\htdocs\Sisfomaru\system\CodeIgniter.php(914): App\Controllers\Pages->index()
#8 D:\Server\htdocs\Sisfomaru\system\CodeIgniter.php(400): CodeIgniter\CodeIgniter->runController(Object(App\Controllers\Pages))
#9 D:\Server\htdocs\Sisfomaru\system\CodeIgniter.php(308): CodeIgniter\CodeIgniter->handleRequest(NULL, Object(Config\Cache), false)
#10 D:\Server\htdocs\Sisfomaru\public\index.php(45): CodeIgniter\CodeIgniter->run()
#11 D:\Server\htdocs\Sisfomaru\system\Commands\Server\rewrite.php(34): require_once('D:\\Server\\htdoc...')
#12 {main}
CRITICAL - 2020-09-04 20:57:51 --> Table 'db_pmb.users' doesn't exist
#0 D:\Server\htdocs\Sisfomaru\system\Database\MySQLi\Connection.php(331): mysqli->query('SELECT 1\nFROM `...')
#1 D:\Server\htdocs\Sisfomaru\system\Database\BaseConnection.php(738): CodeIgniter\Database\MySQLi\Connection->execute('SELECT 1\nFROM `...')
#2 D:\Server\htdocs\Sisfomaru\system\Database\BaseConnection.php(666): CodeIgniter\Database\BaseConnection->simpleQuery('SELECT 1\nFROM `...')
#3 D:\Server\htdocs\Sisfomaru\system\Database\BaseBuilder.php(1845): CodeIgniter\Database\BaseConnection->query('SELECT 1\nFROM `...', Array, false)
#4 D:\Server\htdocs\Sisfomaru\system\Validation\Rules.php(234): CodeIgniter\Database\BaseBuilder->get()
#5 D:\Server\htdocs\Sisfomaru\system\Validation\Validation.php(294): CodeIgniter\Validation\Rules->is_unique('Muhammad Azmi', 'nama', Array, NULL)
#6 D:\Server\htdocs\Sisfomaru\system\Validation\Validation.php(189): CodeIgniter\Validation\Validation->processRules('nama', 'nama', 'Muhammad Azmi', Array, Array)
#7 D:\Server\htdocs\Sisfomaru\system\Controller.php(219): CodeIgniter\Validation\Validation->run()
#8 D:\Server\htdocs\Sisfomaru\app\Controllers\Auth.php(110): CodeIgniter\Controller->validate(Array)
#9 D:\Server\htdocs\Sisfomaru\system\CodeIgniter.php(914): App\Controllers\Auth->proses_register()
#10 D:\Server\htdocs\Sisfomaru\system\CodeIgniter.php(400): CodeIgniter\CodeIgniter->runController(Object(App\Controllers\Auth))
#11 D:\Server\htdocs\Sisfomaru\system\CodeIgniter.php(308): CodeIgniter\CodeIgniter->handleRequest(NULL, Object(Config\Cache), false)
#12 D:\Server\htdocs\Sisfomaru\public\index.php(45): CodeIgniter\CodeIgniter->run()
#13 D:\Server\htdocs\Sisfomaru\system\Commands\Server\rewrite.php(34): require_once('D:\\Server\\htdoc...')
#14 {main}
CRITICAL - 2020-09-04 20:58:37 --> Table 'db_pmb.pengaturan' doesn't exist
#0 D:\Server\htdocs\Sisfomaru\system\Database\MySQLi\Connection.php(331): mysqli->query('SELECT *\nFROM `...')
#1 D:\Server\htdocs\Sisfomaru\system\Database\BaseConnection.php(738): CodeIgniter\Database\MySQLi\Connection->execute('SELECT *\nFROM `...')
#2 D:\Server\htdocs\Sisfomaru\system\Database\BaseConnection.php(666): CodeIgniter\Database\BaseConnection->simpleQuery('SELECT *\nFROM `...')
#3 D:\Server\htdocs\Sisfomaru\system\Database\BaseBuilder.php(1845): CodeIgniter\Database\BaseConnection->query('SELECT *\nFROM `...', Array, false)
#4 D:\Server\htdocs\Sisfomaru\system\Model.php(445): CodeIgniter\Database\BaseBuilder->get()
#5 D:\Server\htdocs\Sisfomaru\app\Models\PengaturanModel.php(16): CodeIgniter\Model->findAll()
#6 D:\Server\htdocs\Sisfomaru\app\Controllers\User.php(31): App\Models\PengaturanModel->getPengaturan()
#7 D:\Server\htdocs\Sisfomaru\system\CodeIgniter.php(914): App\Controllers\User->index()
#8 D:\Server\htdocs\Sisfomaru\system\CodeIgniter.php(400): CodeIgniter\CodeIgniter->runController(Object(App\Controllers\User))
#9 D:\Server\htdocs\Sisfomaru\system\CodeIgniter.php(308): CodeIgniter\CodeIgniter->handleRequest(NULL, Object(Config\Cache), false)
#10 D:\Server\htdocs\Sisfomaru\public\index.php(45): CodeIgniter\CodeIgniter->run()
#11 D:\Server\htdocs\Sisfomaru\system\Commands\Server\rewrite.php(34): require_once('D:\\Server\\htdoc...')
#12 {main}
CRITICAL - 2020-09-04 20:59:05 --> Undefined index: tahun_akademik
#0 D:\Server\htdocs\Sisfomaru\app\Views\camaba\dasboard\index.php(27): CodeIgniter\Debug\Exceptions->errorHandler(8, 'Undefined index...', 'D:\\Server\\htdoc...', 27, Array)
#1 D:\Server\htdocs\Sisfomaru\system\View\View.php(246): include('D:\\Server\\htdoc...')
#2 D:\Server\htdocs\Sisfomaru\system\Common.php(1087): CodeIgniter\View\View->render('camaba/dasboard...', Array, true)
#3 D:\Server\htdocs\Sisfomaru\app\Controllers\User.php(35): view('camaba/dasboard...', Array)
#4 D:\Server\htdocs\Sisfomaru\system\CodeIgniter.php(914): App\Controllers\User->index()
#5 D:\Server\htdocs\Sisfomaru\system\CodeIgniter.php(400): CodeIgniter\CodeIgniter->runController(Object(App\Controllers\User))
#6 D:\Server\htdocs\Sisfomaru\system\CodeIgniter.php(308): CodeIgniter\CodeIgniter->handleRequest(NULL, Object(Config\Cache), false)
#7 D:\Server\htdocs\Sisfomaru\public\index.php(45): CodeIgniter\CodeIgniter->run()
#8 D:\Server\htdocs\Sisfomaru\system\Commands\Server\rewrite.php(34): require_once('D:\\Server\\htdoc...')
#9 {main}
CRITICAL - 2020-09-04 20:59:07 --> Undefined index: tahun_akademik
#0 D:\Server\htdocs\Sisfomaru\app\Views\camaba\dasboard\index.php(27): CodeIgniter\Debug\Exceptions->errorHandler(8, 'Undefined index...', 'D:\\Server\\htdoc...', 27, Array)
#1 D:\Server\htdocs\Sisfomaru\system\View\View.php(246): include('D:\\Server\\htdoc...')
#2 D:\Server\htdocs\Sisfomaru\system\Common.php(1087): CodeIgniter\View\View->render('camaba/dasboard...', Array, true)
#3 D:\Server\htdocs\Sisfomaru\app\Controllers\User.php(35): view('camaba/dasboard...', Array)
#4 D:\Server\htdocs\Sisfomaru\system\CodeIgniter.php(914): App\Controllers\User->index()
#5 D:\Server\htdocs\Sisfomaru\system\CodeIgniter.php(400): CodeIgniter\CodeIgniter->runController(Object(App\Controllers\User))
#6 D:\Server\htdocs\Sisfomaru\system\CodeIgniter.php(308): CodeIgniter\CodeIgniter->handleRequest(NULL, Object(Config\Cache), false)
#7 D:\Server\htdocs\Sisfomaru\public\index.php(45): CodeIgniter\CodeIgniter->run()
#8 D:\Server\htdocs\Sisfomaru\system\Commands\Server\rewrite.php(34): require_once('D:\\Server\\htdoc...')
#9 {main}
CRITICAL - 2020-09-04 21:01:15 --> Invalid file: {0}
#0 D:\Server\htdocs\Sisfomaru\system\View\View.php(228): CodeIgniter\Exceptions\FrameworkException::forInvalidFile('camaba/dasboard...')
#1 D:\Server\htdocs\Sisfomaru\system\Common.php(1087): CodeIgniter\View\View->render('camaba/dasboard...', Array, true)
#2 D:\Server\htdocs\Sisfomaru\app\Controllers\User.php(35): view('camaba/dasboard...', Array)
#3 D:\Server\htdocs\Sisfomaru\system\CodeIgniter.php(914): App\Controllers\User->index()
#4 D:\Server\htdocs\Sisfomaru\system\CodeIgniter.php(400): CodeIgniter\CodeIgniter->runController(Object(App\Controllers\User))
#5 D:\Server\htdocs\Sisfomaru\system\CodeIgniter.php(308): CodeIgniter\CodeIgniter->handleRequest(NULL, Object(Config\Cache), false)
#6 D:\Server\htdocs\Sisfomaru\public\index.php(45): CodeIgniter\CodeIgniter->run()
#7 D:\Server\htdocs\Sisfomaru\system\Commands\Server\rewrite.php(34): require_once('D:\\Server\\htdoc...')
#8 {main}
CRITICAL - 2020-09-04 21:02:39 --> Invalid file: {0}
#0 D:\Server\htdocs\Sisfomaru\system\View\View.php(228): CodeIgniter\Exceptions\FrameworkException::forInvalidFile('camaba/dasboard...')
#1 D:\Server\htdocs\Sisfomaru\system\Common.php(1087): CodeIgniter\View\View->render('camaba/dasboard...', Array, true)
#2 D:\Server\htdocs\Sisfomaru\app\Controllers\User.php(35): view('camaba/dasboard...', Array)
#3 D:\Server\htdocs\Sisfomaru\system\CodeIgniter.php(914): App\Controllers\User->index()
#4 D:\Server\htdocs\Sisfomaru\system\CodeIgniter.php(400): CodeIgniter\CodeIgniter->runController(Object(App\Controllers\User))
#5 D:\Server\htdocs\Sisfomaru\system\CodeIgniter.php(308): CodeIgniter\CodeIgniter->handleRequest(NULL, Object(Config\Cache), false)
#6 D:\Server\htdocs\Sisfomaru\public\index.php(45): CodeIgniter\CodeIgniter->run()
#7 D:\Server\htdocs\Sisfomaru\system\Commands\Server\rewrite.php(34): require_once('D:\\Server\\htdoc...')
#8 {main}
CRITICAL - 2020-09-04 21:11:13 --> Undefined index: nama_aplikasi
#0 D:\Server\htdocs\Sisfomaru\app\Controllers\Pengaturan.php(38): CodeIgniter\Debug\Exceptions->errorHandler(8, 'Undefined index...', 'D:\\Server\\htdoc...', 38, Array)
#1 D:\Server\htdocs\Sisfomaru\system\CodeIgniter.php(914): App\Controllers\Pengaturan->update('1')
#2 D:\Server\htdocs\Sisfomaru\system\CodeIgniter.php(400): CodeIgniter\CodeIgniter->runController(Object(App\Controllers\Pengaturan))
#3 D:\Server\htdocs\Sisfomaru\system\CodeIgniter.php(308): CodeIgniter\CodeIgniter->handleRequest(NULL, Object(Config\Cache), false)
#4 D:\Server\htdocs\Sisfomaru\public\index.php(45): CodeIgniter\CodeIgniter->run()
#5 D:\Server\htdocs\Sisfomaru\system\Commands\Server\rewrite.php(34): require_once('D:\\Server\\htdoc...')
#6 {main}
CRITICAL - 2020-09-04 21:12:23 --> Undefined index: nama_aplikasi
#0 D:\Server\htdocs\Sisfomaru\app\Controllers\Pengaturan.php(38): CodeIgniter\Debug\Exceptions->errorHandler(8, 'Undefined index...', 'D:\\Server\\htdoc...', 38, Array)
#1 D:\Server\htdocs\Sisfomaru\system\CodeIgniter.php(914): App\Controllers\Pengaturan->update('1')
#2 D:\Server\htdocs\Sisfomaru\system\CodeIgniter.php(400): CodeIgniter\CodeIgniter->runController(Object(App\Controllers\Pengaturan))
#3 D:\Server\htdocs\Sisfomaru\system\CodeIgniter.php(308): CodeIgniter\CodeIgniter->handleRequest(NULL, Object(Config\Cache), false)
#4 D:\Server\htdocs\Sisfomaru\public\index.php(45): CodeIgniter\CodeIgniter->run()
#5 D:\Server\htdocs\Sisfomaru\system\Commands\Server\rewrite.php(34): require_once('D:\\Server\\htdoc...')
#6 {main}
CRITICAL - 2020-09-04 21:15:27 --> Unknown column 'slug' in 'field list'
#0 D:\Server\htdocs\Sisfomaru\system\Database\MySQLi\Connection.php(331): mysqli->query('INSERT INTO `in...')
#1 D:\Server\htdocs\Sisfomaru\system\Database\BaseConnection.php(738): CodeIgniter\Database\MySQLi\Connection->execute('INSERT INTO `in...')
#2 D:\Server\htdocs\Sisfomaru\system\Database\BaseConnection.php(666): CodeIgniter\Database\BaseConnection->simpleQuery('INSERT INTO `in...')
#3 D:\Server\htdocs\Sisfomaru\system\Database\BaseBuilder.php(2234): CodeIgniter\Database\BaseConnection->query('INSERT INTO `in...', Array, false)
#4 D:\Server\htdocs\Sisfomaru\system\Model.php(729): CodeIgniter\Database\BaseBuilder->insert()
#5 D:\Server\htdocs\Sisfomaru\system\Model.php(557): CodeIgniter\Model->insert(Array, false)
#6 D:\Server\htdocs\Sisfomaru\app\Controllers\Informasi.php(69): CodeIgniter\Model->save(Array)
#7 D:\Server\htdocs\Sisfomaru\system\CodeIgniter.php(914): App\Controllers\Informasi->save()
#8 D:\Server\htdocs\Sisfomaru\system\CodeIgniter.php(400): CodeIgniter\CodeIgniter->runController(Object(App\Controllers\Informasi))
#9 D:\Server\htdocs\Sisfomaru\system\CodeIgniter.php(308): CodeIgniter\CodeIgniter->handleRequest(NULL, Object(Config\Cache), false)
#10 D:\Server\htdocs\Sisfomaru\public\index.php(45): CodeIgniter\CodeIgniter->run()
#11 D:\Server\htdocs\Sisfomaru\system\Commands\Server\rewrite.php(34): require_once('D:\\Server\\htdoc...')
#12 {main}
CRITICAL - 2020-09-04 21:16:05 --> Trying to access array offset on value of type null
#0 D:\Server\htdocs\Sisfomaru\app\Views\admin\informasi\edit.php(13): CodeIgniter\Debug\Exceptions->errorHandler(8, 'Trying to acces...', 'D:\\Server\\htdoc...', 13, Array)
#1 D:\Server\htdocs\Sisfomaru\system\View\View.php(246): include('D:\\Server\\htdoc...')
#2 D:\Server\htdocs\Sisfomaru\system\Common.php(1087): CodeIgniter\View\View->render('admin/informasi...', Array, true)
#3 D:\Server\htdocs\Sisfomaru\app\Controllers\Informasi.php(103): view('admin/informasi...', Array)
#4 D:\Server\htdocs\Sisfomaru\system\CodeIgniter.php(914): App\Controllers\Informasi->edit('assets', 'js', 'style', 'js', 'plugins', 'pace.min.js')
#5 D:\Server\htdocs\Sisfomaru\system\CodeIgniter.php(400): CodeIgniter\CodeIgniter->runController(Object(App\Controllers\Informasi))
#6 D:\Server\htdocs\Sisfomaru\system\CodeIgniter.php(308): CodeIgniter\CodeIgniter->handleRequest(NULL, Object(Config\Cache), false)
#7 D:\Server\htdocs\Sisfomaru\public\index.php(45): CodeIgniter\CodeIgniter->run()
#8 D:\Server\htdocs\Sisfomaru\system\Commands\Server\rewrite.php(34): require_once('D:\\Server\\htdoc...')
#9 {main}
CRITICAL - 2020-09-04 21:16:06 --> Trying to access array offset on value of type null
#0 D:\Server\htdocs\Sisfomaru\app\Views\admin\informasi\edit.php(13): CodeIgniter\Debug\Exceptions->errorHandler(8, 'Trying to acces...', 'D:\\Server\\htdoc...', 13, Array)
#1 D:\Server\htdocs\Sisfomaru\system\View\View.php(246): include('D:\\Server\\htdoc...')
#2 D:\Server\htdocs\Sisfomaru\system\Common.php(1087): CodeIgniter\View\View->render('admin/informasi...', Array, true)
#3 D:\Server\htdocs\Sisfomaru\app\Controllers\Informasi.php(103): view('admin/informasi...', Array)
#4 D:\Server\htdocs\Sisfomaru\system\CodeIgniter.php(914): App\Controllers\Informasi->edit('assets', 'js', 'style', 'js', 'plugins', 'pace.min.js')
#5 D:\Server\htdocs\Sisfomaru\system\CodeIgniter.php(400): CodeIgniter\CodeIgniter->runController(Object(App\Controllers\Informasi))
#6 D:\Server\htdocs\Sisfomaru\system\CodeIgniter.php(308): CodeIgniter\CodeIgniter->handleRequest(NULL, Object(Config\Cache), false)
#7 D:\Server\htdocs\Sisfomaru\public\index.php(45): CodeIgniter\CodeIgniter->run()
#8 D:\Server\htdocs\Sisfomaru\system\Commands\Server\rewrite.php(34): require_once('D:\\Server\\htdoc...')
#9 {main}
CRITICAL - 2020-09-04 21:23:49 --> Duplicate entry 'muhammadazmi@gmail.com' for key 'email_UNIQUE'
#0 D:\Server\htdocs\Sisfomaru\system\Database\MySQLi\Connection.php(331): mysqli->query('INSERT INTO `pe...')
#1 D:\Server\htdocs\Sisfomaru\system\Database\BaseConnection.php(738): CodeIgniter\Database\MySQLi\Connection->execute('INSERT INTO `pe...')
#2 D:\Server\htdocs\Sisfomaru\system\Database\BaseConnection.php(666): CodeIgniter\Database\BaseConnection->simpleQuery('INSERT INTO `pe...')
#3 D:\Server\htdocs\Sisfomaru\system\Database\BaseBuilder.php(2234): CodeIgniter\Database\BaseConnection->query('INSERT INTO `pe...', Array, false)
#4 D:\Server\htdocs\Sisfomaru\system\Model.php(729): CodeIgniter\Database\BaseBuilder->insert()
#5 D:\Server\htdocs\Sisfomaru\system\Model.php(557): CodeIgniter\Model->insert(Array, false)
#6 D:\Server\htdocs\Sisfomaru\app\Controllers\Auth.php(164): CodeIgniter\Model->save(Array)
#7 D:\Server\htdocs\Sisfomaru\system\CodeIgniter.php(914): App\Controllers\Auth->proses_register()
#8 D:\Server\htdocs\Sisfomaru\system\CodeIgniter.php(400): CodeIgniter\CodeIgniter->runController(Object(App\Controllers\Auth))
#9 D:\Server\htdocs\Sisfomaru\system\CodeIgniter.php(308): CodeIgniter\CodeIgniter->handleRequest(NULL, Object(Config\Cache), false)
#10 D:\Server\htdocs\Sisfomaru\public\index.php(45): CodeIgniter\CodeIgniter->run()
#11 D:\Server\htdocs\Sisfomaru\system\Commands\Server\rewrite.php(34): require_once('D:\\Server\\htdoc...')
#12 {main}
CRITICAL - 2020-09-04 21:26:11 --> Duplicate entry 'muhammadazmi@gmail.com' for key 'email_UNIQUE'
#0 D:\Server\htdocs\Sisfomaru\system\Database\MySQLi\Connection.php(331): mysqli->query('INSERT INTO `pe...')
#1 D:\Server\htdocs\Sisfomaru\system\Database\BaseConnection.php(738): CodeIgniter\Database\MySQLi\Connection->execute('INSERT INTO `pe...')
#2 D:\Server\htdocs\Sisfomaru\system\Database\BaseConnection.php(666): CodeIgniter\Database\BaseConnection->simpleQuery('INSERT INTO `pe...')
#3 D:\Server\htdocs\Sisfomaru\system\Database\BaseBuilder.php(2234): CodeIgniter\Database\BaseConnection->query('INSERT INTO `pe...', Array, false)
#4 D:\Server\htdocs\Sisfomaru\system\Model.php(729): CodeIgniter\Database\BaseBuilder->insert()
#5 D:\Server\htdocs\Sisfomaru\system\Model.php(557): CodeIgniter\Model->insert(Array, false)
#6 D:\Server\htdocs\Sisfomaru\app\Controllers\Auth.php(164): CodeIgniter\Model->save(Array)
#7 D:\Server\htdocs\Sisfomaru\system\CodeIgniter.php(914): App\Controllers\Auth->proses_register()
#8 D:\Server\htdocs\Sisfomaru\system\CodeIgniter.php(400): CodeIgniter\CodeIgniter->runController(Object(App\Controllers\Auth))
#9 D:\Server\htdocs\Sisfomaru\system\CodeIgniter.php(308): CodeIgniter\CodeIgniter->handleRequest(NULL, Object(Config\Cache), false)
#10 D:\Server\htdocs\Sisfomaru\public\index.php(45): CodeIgniter\CodeIgniter->run()
#11 D:\Server\htdocs\Sisfomaru\system\Commands\Server\rewrite.php(34): require_once('D:\\Server\\htdoc...')
#12 {main}
