CRITICAL - 2020-10-21 04:13:47 --> No such file or directory
#0 /Applications/MAMP/htdocs/Sisfomaru/system/Database/BaseConnection.php(377): CodeIgniter\Database\MySQLi\Connection->connect(false)
#1 /Applications/MAMP/htdocs/Sisfomaru/system/Database/BaseConnection.php(643): CodeIgniter\Database\BaseConnection->initialize()
#2 /Applications/MAMP/htdocs/Sisfomaru/app/Views/front/index.php(258): CodeIgniter\Database\BaseConnection->query('SELECT judul,in...')
#3 /Applications/MAMP/htdocs/Sisfomaru/system/View/View.php(246): include('/Applications/M...')
#4 /Applications/MAMP/htdocs/Sisfomaru/system/Common.php(1087): CodeIgniter\View\View->render('front/index', Array, true)
#5 /Applications/MAMP/htdocs/Sisfomaru/app/Controllers/Pages.php(13): view('front/index')
#6 /Applications/MAMP/htdocs/Sisfomaru/system/CodeIgniter.php(914): App\Controllers\Pages->index()
#7 /Applications/MAMP/htdocs/Sisfomaru/system/CodeIgniter.php(400): CodeIgniter\CodeIgniter->runController(Object(App\Controllers\Pages))
#8 /Applications/MAMP/htdocs/Sisfomaru/system/CodeIgniter.php(308): CodeIgniter\CodeIgniter->handleRequest(NULL, Object(Config\Cache), false)
#9 /Applications/MAMP/htdocs/Sisfomaru/public/index.php(45): CodeIgniter\CodeIgniter->run()
#10 /Applications/MAMP/htdocs/Sisfomaru/system/Commands/Server/rewrite.php(34): require_once('/Applications/M...')
#11 {main}
CRITICAL - 2020-10-21 04:13:47 --> Uncaught ErrorException: preg_match_all(): Allocation of JIT memory failed, PCRE JIT will be disabled. This is likely caused by security restrictions. Either grant PHP permission to allocate executable memory, or set pcre.jit=0 in /Applications/MAMP/htdocs/Sisfomaru/system/Debug/Exceptions.php:485
Stack trace:
#0 [internal function]: CodeIgniter\Debug\Exceptions->errorHandler(2, 'preg_match_all(...', '/Applications/M...', 485, Array)
#1 /Applications/MAMP/htdocs/Sisfomaru/system/Debug/Exceptions.php(485): preg_match_all('#<[^>]+>#', '&nbsp;&nbsp;&nb...', Array)
#2 /Applications/MAMP/htdocs/Sisfomaru/app/Views/errors/html/error_exception.php(37): CodeIgniter\Debug\Exceptions::highlightFile('/Applications/M...', 225, 15)
#3 /Applications/MAMP/htdocs/Sisfomaru/system/Debug/Exceptions.php(299): include('/Applications/M...')
#4 /Applications/MAMP/htdocs/Sisfomaru/system/Debug/Exceptions.php(172): CodeIgniter\Debug\Exceptions->render(Object(mysqli_sql_exception), 500)
#5 [internal function]: CodeIgniter\Debug\Excep
#0 [internal function]: CodeIgniter\Debug\Exceptions->shutdownHandler()
#1 {main}
CRITICAL - 2020-10-21 04:14:52 --> No such file or directory
#0 /Applications/MAMP/htdocs/Sisfomaru/system/Database/BaseConnection.php(377): CodeIgniter\Database\MySQLi\Connection->connect(false)
#1 /Applications/MAMP/htdocs/Sisfomaru/system/Database/BaseConnection.php(643): CodeIgniter\Database\BaseConnection->initialize()
#2 /Applications/MAMP/htdocs/Sisfomaru/app/Views/front/index.php(258): CodeIgniter\Database\BaseConnection->query('SELECT judul,in...')
#3 /Applications/MAMP/htdocs/Sisfomaru/system/View/View.php(246): include('/Applications/M...')
#4 /Applications/MAMP/htdocs/Sisfomaru/system/Common.php(1087): CodeIgniter\View\View->render('front/index', Array, true)
#5 /Applications/MAMP/htdocs/Sisfomaru/app/Controllers/Pages.php(13): view('front/index')
#6 /Applications/MAMP/htdocs/Sisfomaru/system/CodeIgniter.php(914): App\Controllers\Pages->index()
#7 /Applications/MAMP/htdocs/Sisfomaru/system/CodeIgniter.php(400): CodeIgniter\CodeIgniter->runController(Object(App\Controllers\Pages))
#8 /Applications/MAMP/htdocs/Sisfomaru/system/CodeIgniter.php(308): CodeIgniter\CodeIgniter->handleRequest(NULL, Object(Config\Cache), false)
#9 /Applications/MAMP/htdocs/Sisfomaru/public/index.php(45): CodeIgniter\CodeIgniter->run()
#10 /Applications/MAMP/htdocs/Sisfomaru/system/Commands/Server/rewrite.php(34): require_once('/Applications/M...')
#11 {main}
CRITICAL - 2020-10-21 04:15:05 --> No such file or directory
#0 /Applications/MAMP/htdocs/Sisfomaru/system/Database/BaseConnection.php(377): CodeIgniter\Database\MySQLi\Connection->connect(false)
#1 /Applications/MAMP/htdocs/Sisfomaru/system/Database/BaseConnection.php(643): CodeIgniter\Database\BaseConnection->initialize()
#2 /Applications/MAMP/htdocs/Sisfomaru/app/Views/front/index.php(258): CodeIgniter\Database\BaseConnection->query('SELECT judul,in...')
#3 /Applications/MAMP/htdocs/Sisfomaru/system/View/View.php(246): include('/Applications/M...')
#4 /Applications/MAMP/htdocs/Sisfomaru/system/Common.php(1087): CodeIgniter\View\View->render('front/index', Array, true)
#5 /Applications/MAMP/htdocs/Sisfomaru/app/Controllers/Pages.php(13): view('front/index')
#6 /Applications/MAMP/htdocs/Sisfomaru/system/CodeIgniter.php(914): App\Controllers\Pages->index()
#7 /Applications/MAMP/htdocs/Sisfomaru/system/CodeIgniter.php(400): CodeIgniter\CodeIgniter->runController(Object(App\Controllers\Pages))
#8 /Applications/MAMP/htdocs/Sisfomaru/system/CodeIgniter.php(308): CodeIgniter\CodeIgniter->handleRequest(NULL, Object(Config\Cache), false)
#9 /Applications/MAMP/htdocs/Sisfomaru/public/index.php(45): CodeIgniter\CodeIgniter->run()
#10 /Applications/MAMP/htdocs/Sisfomaru/system/Commands/Server/rewrite.php(34): require_once('/Applications/M...')
#11 {main}
CRITICAL - 2020-10-21 04:15:51 --> Access denied for user '****'@'localhost' (using password: NO)
#0 /Applications/MAMP/htdocs/Sisfomaru/system/Database/BaseConnection.php(377): CodeIgniter\Database\MySQLi\Connection->connect(false)
#1 /Applications/MAMP/htdocs/Sisfomaru/system/Database/BaseConnection.php(643): CodeIgniter\Database\BaseConnection->initialize()
#2 /Applications/MAMP/htdocs/Sisfomaru/app/Views/front/index.php(258): CodeIgniter\Database\BaseConnection->query('SELECT judul,in...')
#3 /Applications/MAMP/htdocs/Sisfomaru/system/View/View.php(246): include('/Applications/M...')
#4 /Applications/MAMP/htdocs/Sisfomaru/system/Common.php(1087): CodeIgniter\View\View->render('front/index', Array, true)
#5 /Applications/MAMP/htdocs/Sisfomaru/app/Controllers/Pages.php(13): view('front/index')
#6 /Applications/MAMP/htdocs/Sisfomaru/system/CodeIgniter.php(914): App\Controllers\Pages->index()
#7 /Applications/MAMP/htdocs/Sisfomaru/system/CodeIgniter.php(400): CodeIgniter\CodeIgniter->runController(Object(App\Controllers\Pages))
#8 /Applications/MAMP/htdocs/Sisfomaru/system/CodeIgniter.php(308): CodeIgniter\CodeIgniter->handleRequest(NULL, Object(Config\Cache), false)
#9 /Applications/MAMP/htdocs/Sisfomaru/public/index.php(45): CodeIgniter\CodeIgniter->run()
#10 {main}
CRITICAL - 2020-10-21 19:50:47 --> Access denied for user '****'@'localhost' (using password: NO)
#0 /Applications/MAMP/htdocs/Sisfomaru/system/Database/BaseConnection.php(377): CodeIgniter\Database\MySQLi\Connection->connect(false)
#1 /Applications/MAMP/htdocs/Sisfomaru/system/Database/BaseConnection.php(643): CodeIgniter\Database\BaseConnection->initialize()
#2 /Applications/MAMP/htdocs/Sisfomaru/app/Views/front/index.php(258): CodeIgniter\Database\BaseConnection->query('SELECT judul,in...')
#3 /Applications/MAMP/htdocs/Sisfomaru/system/View/View.php(246): include('/Applications/M...')
#4 /Applications/MAMP/htdocs/Sisfomaru/system/Common.php(1087): CodeIgniter\View\View->render('front/index', Array, true)
#5 /Applications/MAMP/htdocs/Sisfomaru/app/Controllers/Pages.php(13): view('front/index')
#6 /Applications/MAMP/htdocs/Sisfomaru/system/CodeIgniter.php(914): App\Controllers\Pages->index()
#7 /Applications/MAMP/htdocs/Sisfomaru/system/CodeIgniter.php(400): CodeIgniter\CodeIgniter->runController(Object(App\Controllers\Pages))
#8 /Applications/MAMP/htdocs/Sisfomaru/system/CodeIgniter.php(308): CodeIgniter\CodeIgniter->handleRequest(NULL, Object(Config\Cache), false)
#9 /Applications/MAMP/htdocs/Sisfomaru/public/index.php(45): CodeIgniter\CodeIgniter->run()
#10 /Applications/MAMP/htdocs/Sisfomaru/system/Commands/Server/rewrite.php(34): require_once('/Applications/M...')
#11 {main}
CRITICAL - 2020-10-21 21:04:02 --> No such file or directory
#0 /Applications/MAMP/htdocs/Sisfomaru/system/Database/BaseConnection.php(377): CodeIgniter\Database\MySQLi\Connection->connect(false)
#1 /Applications/MAMP/htdocs/Sisfomaru/system/Database/BaseConnection.php(643): CodeIgniter\Database\BaseConnection->initialize()
#2 /Applications/MAMP/htdocs/Sisfomaru/app/Views/front/index.php(258): CodeIgniter\Database\BaseConnection->query('SELECT judul,in...')
#3 /Applications/MAMP/htdocs/Sisfomaru/system/View/View.php(246): include('/Applications/M...')
#4 /Applications/MAMP/htdocs/Sisfomaru/system/Common.php(1087): CodeIgniter\View\View->render('front/index', Array, true)
#5 /Applications/MAMP/htdocs/Sisfomaru/app/Controllers/Pages.php(13): view('front/index')
#6 /Applications/MAMP/htdocs/Sisfomaru/system/CodeIgniter.php(914): App\Controllers\Pages->index()
#7 /Applications/MAMP/htdocs/Sisfomaru/system/CodeIgniter.php(400): CodeIgniter\CodeIgniter->runController(Object(App\Controllers\Pages))
#8 /Applications/MAMP/htdocs/Sisfomaru/system/CodeIgniter.php(308): CodeIgniter\CodeIgniter->handleRequest(NULL, Object(Config\Cache), false)
#9 /Applications/MAMP/htdocs/Sisfomaru/public/index.php(45): CodeIgniter\CodeIgniter->run()
#10 /Applications/MAMP/htdocs/Sisfomaru/system/Commands/Server/rewrite.php(34): require_once('/Applications/M...')
#11 {main}
CRITICAL - 2020-10-21 21:04:02 --> Uncaught ErrorException: preg_match_all(): Allocation of JIT memory failed, PCRE JIT will be disabled. This is likely caused by security restrictions. Either grant PHP permission to allocate executable memory, or set pcre.jit=0 in /Applications/MAMP/htdocs/Sisfomaru/system/Debug/Exceptions.php:485
Stack trace:
#0 [internal function]: CodeIgniter\Debug\Exceptions->errorHandler(2, 'preg_match_all(...', '/Applications/M...', 485, Array)
#1 /Applications/MAMP/htdocs/Sisfomaru/system/Debug/Exceptions.php(485): preg_match_all('#<[^>]+>#', '&nbsp;&nbsp;&nb...', Array)
#2 /Applications/MAMP/htdocs/Sisfomaru/app/Views/errors/html/error_exception.php(37): CodeIgniter\Debug\Exceptions::highlightFile('/Applications/M...', 225, 15)
#3 /Applications/MAMP/htdocs/Sisfomaru/system/Debug/Exceptions.php(299): include('/Applications/M...')
#4 /Applications/MAMP/htdocs/Sisfomaru/system/Debug/Exceptions.php(172): CodeIgniter\Debug\Exceptions->render(Object(mysqli_sql_exception), 500)
#5 [internal function]: CodeIgniter\Debug\Excep
#0 [internal function]: CodeIgniter\Debug\Exceptions->shutdownHandler()
#1 {main}
CRITICAL - 2020-10-21 21:04:12 --> No such file or directory
#0 /Applications/MAMP/htdocs/Sisfomaru/system/Database/BaseConnection.php(377): CodeIgniter\Database\MySQLi\Connection->connect(false)
#1 /Applications/MAMP/htdocs/Sisfomaru/system/Database/BaseConnection.php(643): CodeIgniter\Database\BaseConnection->initialize()
#2 /Applications/MAMP/htdocs/Sisfomaru/app/Views/front/index.php(258): CodeIgniter\Database\BaseConnection->query('SELECT judul,in...')
#3 /Applications/MAMP/htdocs/Sisfomaru/system/View/View.php(246): include('/Applications/M...')
#4 /Applications/MAMP/htdocs/Sisfomaru/system/Common.php(1087): CodeIgniter\View\View->render('front/index', Array, true)
#5 /Applications/MAMP/htdocs/Sisfomaru/app/Controllers/Pages.php(13): view('front/index')
#6 /Applications/MAMP/htdocs/Sisfomaru/system/CodeIgniter.php(914): App\Controllers\Pages->index()
#7 /Applications/MAMP/htdocs/Sisfomaru/system/CodeIgniter.php(400): CodeIgniter\CodeIgniter->runController(Object(App\Controllers\Pages))
#8 /Applications/MAMP/htdocs/Sisfomaru/system/CodeIgniter.php(308): CodeIgniter\CodeIgniter->handleRequest(NULL, Object(Config\Cache), false)
#9 /Applications/MAMP/htdocs/Sisfomaru/public/index.php(45): CodeIgniter\CodeIgniter->run()
#10 /Applications/MAMP/htdocs/Sisfomaru/system/Commands/Server/rewrite.php(34): require_once('/Applications/M...')
#11 {main}
CRITICAL - 2020-10-21 21:04:15 --> No such file or directory
#0 /Applications/MAMP/htdocs/Sisfomaru/system/Database/BaseConnection.php(377): CodeIgniter\Database\MySQLi\Connection->connect(false)
#1 /Applications/MAMP/htdocs/Sisfomaru/system/Database/BaseConnection.php(643): CodeIgniter\Database\BaseConnection->initialize()
#2 /Applications/MAMP/htdocs/Sisfomaru/app/Views/front/index.php(258): CodeIgniter\Database\BaseConnection->query('SELECT judul,in...')
#3 /Applications/MAMP/htdocs/Sisfomaru/system/View/View.php(246): include('/Applications/M...')
#4 /Applications/MAMP/htdocs/Sisfomaru/system/Common.php(1087): CodeIgniter\View\View->render('front/index', Array, true)
#5 /Applications/MAMP/htdocs/Sisfomaru/app/Controllers/Pages.php(13): view('front/index')
#6 /Applications/MAMP/htdocs/Sisfomaru/system/CodeIgniter.php(914): App\Controllers\Pages->index()
#7 /Applications/MAMP/htdocs/Sisfomaru/system/CodeIgniter.php(400): CodeIgniter\CodeIgniter->runController(Object(App\Controllers\Pages))
#8 /Applications/MAMP/htdocs/Sisfomaru/system/CodeIgniter.php(308): CodeIgniter\CodeIgniter->handleRequest(NULL, Object(Config\Cache), false)
#9 /Applications/MAMP/htdocs/Sisfomaru/public/index.php(45): CodeIgniter\CodeIgniter->run()
#10 /Applications/MAMP/htdocs/Sisfomaru/system/Commands/Server/rewrite.php(34): require_once('/Applications/M...')
#11 {main}
CRITICAL - 2020-10-21 21:05:25 --> No such file or directory
#0 /Applications/MAMP/htdocs/Sisfomaru/system/Database/BaseConnection.php(377): CodeIgniter\Database\MySQLi\Connection->connect(false)
#1 /Applications/MAMP/htdocs/Sisfomaru/system/Database/BaseConnection.php(643): CodeIgniter\Database\BaseConnection->initialize()
#2 /Applications/MAMP/htdocs/Sisfomaru/app/Views/front/index.php(258): CodeIgniter\Database\BaseConnection->query('SELECT judul,in...')
#3 /Applications/MAMP/htdocs/Sisfomaru/system/View/View.php(246): include('/Applications/M...')
#4 /Applications/MAMP/htdocs/Sisfomaru/system/Common.php(1087): CodeIgniter\View\View->render('front/index', Array, true)
#5 /Applications/MAMP/htdocs/Sisfomaru/app/Controllers/Pages.php(13): view('front/index')
#6 /Applications/MAMP/htdocs/Sisfomaru/system/CodeIgniter.php(914): App\Controllers\Pages->index()
#7 /Applications/MAMP/htdocs/Sisfomaru/system/CodeIgniter.php(400): CodeIgniter\CodeIgniter->runController(Object(App\Controllers\Pages))
#8 /Applications/MAMP/htdocs/Sisfomaru/system/CodeIgniter.php(308): CodeIgniter\CodeIgniter->handleRequest(NULL, Object(Config\Cache), false)
#9 /Applications/MAMP/htdocs/Sisfomaru/public/index.php(45): CodeIgniter\CodeIgniter->run()
#10 /Applications/MAMP/htdocs/Sisfomaru/system/Commands/Server/rewrite.php(34): require_once('/Applications/M...')
#11 {main}
CRITICAL - 2020-10-21 21:05:26 --> No such file or directory
#0 /Applications/MAMP/htdocs/Sisfomaru/system/Database/BaseConnection.php(377): CodeIgniter\Database\MySQLi\Connection->connect(false)
#1 /Applications/MAMP/htdocs/Sisfomaru/system/Database/BaseConnection.php(643): CodeIgniter\Database\BaseConnection->initialize()
#2 /Applications/MAMP/htdocs/Sisfomaru/app/Views/front/index.php(258): CodeIgniter\Database\BaseConnection->query('SELECT judul,in...')
#3 /Applications/MAMP/htdocs/Sisfomaru/system/View/View.php(246): include('/Applications/M...')
#4 /Applications/MAMP/htdocs/Sisfomaru/system/Common.php(1087): CodeIgniter\View\View->render('front/index', Array, true)
#5 /Applications/MAMP/htdocs/Sisfomaru/app/Controllers/Pages.php(13): view('front/index')
#6 /Applications/MAMP/htdocs/Sisfomaru/system/CodeIgniter.php(914): App\Controllers\Pages->index()
#7 /Applications/MAMP/htdocs/Sisfomaru/system/CodeIgniter.php(400): CodeIgniter\CodeIgniter->runController(Object(App\Controllers\Pages))
#8 /Applications/MAMP/htdocs/Sisfomaru/system/CodeIgniter.php(308): CodeIgniter\CodeIgniter->handleRequest(NULL, Object(Config\Cache), false)
#9 /Applications/MAMP/htdocs/Sisfomaru/public/index.php(45): CodeIgniter\CodeIgniter->run()
#10 /Applications/MAMP/htdocs/Sisfomaru/system/Commands/Server/rewrite.php(34): require_once('/Applications/M...')
#11 {main}
CRITICAL - 2020-10-21 21:05:27 --> No such file or directory
#0 /Applications/MAMP/htdocs/Sisfomaru/system/Database/BaseConnection.php(377): CodeIgniter\Database\MySQLi\Connection->connect(false)
#1 /Applications/MAMP/htdocs/Sisfomaru/system/Database/BaseConnection.php(643): CodeIgniter\Database\BaseConnection->initialize()
#2 /Applications/MAMP/htdocs/Sisfomaru/app/Views/front/index.php(258): CodeIgniter\Database\BaseConnection->query('SELECT judul,in...')
#3 /Applications/MAMP/htdocs/Sisfomaru/system/View/View.php(246): include('/Applications/M...')
#4 /Applications/MAMP/htdocs/Sisfomaru/system/Common.php(1087): CodeIgniter\View\View->render('front/index', Array, true)
#5 /Applications/MAMP/htdocs/Sisfomaru/app/Controllers/Pages.php(13): view('front/index')
#6 /Applications/MAMP/htdocs/Sisfomaru/system/CodeIgniter.php(914): App\Controllers\Pages->index()
#7 /Applications/MAMP/htdocs/Sisfomaru/system/CodeIgniter.php(400): CodeIgniter\CodeIgniter->runController(Object(App\Controllers\Pages))
#8 /Applications/MAMP/htdocs/Sisfomaru/system/CodeIgniter.php(308): CodeIgniter\CodeIgniter->handleRequest(NULL, Object(Config\Cache), false)
#9 /Applications/MAMP/htdocs/Sisfomaru/public/index.php(45): CodeIgniter\CodeIgniter->run()
#10 /Applications/MAMP/htdocs/Sisfomaru/system/Commands/Server/rewrite.php(34): require_once('/Applications/M...')
#11 {main}
CRITICAL - 2020-10-21 21:13:02 --> Undefined variable: d
#0 /Applications/MAMP/htdocs/Sisfomaru/app/Views/user/identitas/edit.php(113): CodeIgniter\Debug\Exceptions->errorHandler(8, 'Undefined varia...', '/Applications/M...', 113, Array)
#1 /Applications/MAMP/htdocs/Sisfomaru/system/View/View.php(246): include('/Applications/M...')
#2 /Applications/MAMP/htdocs/Sisfomaru/system/Common.php(1087): CodeIgniter\View\View->render('user/identitas/...', Array, true)
#3 /Applications/MAMP/htdocs/Sisfomaru/app/Controllers/Identitas.php(165): view('user/identitas/...', Array)
#4 /Applications/MAMP/htdocs/Sisfomaru/system/CodeIgniter.php(914): App\Controllers\Identitas->edit('12')
#5 /Applications/MAMP/htdocs/Sisfomaru/system/CodeIgniter.php(400): CodeIgniter\CodeIgniter->runController(Object(App\Controllers\Identitas))
#6 /Applications/MAMP/htdocs/Sisfomaru/system/CodeIgniter.php(308): CodeIgniter\CodeIgniter->handleRequest(NULL, Object(Config\Cache), false)
#7 /Applications/MAMP/htdocs/Sisfomaru/public/index.php(45): CodeIgniter\CodeIgniter->run()
#8 /Applications/MAMP/htdocs/Sisfomaru/system/Commands/Server/rewrite.php(34): require_once('/Applications/M...')
#9 {main}
CRITICAL - 2020-10-21 21:28:08 --> Trying to access array offset on value of type null
#0 /Applications/MAMP/htdocs/Sisfomaru/app/Controllers/Identitas.php(172): CodeIgniter\Debug\Exceptions->errorHandler(8, 'Trying to acces...', '/Applications/M...', 172, Array)
#1 /Applications/MAMP/htdocs/Sisfomaru/system/CodeIgniter.php(914): App\Controllers\Identitas->update('12')
#2 /Applications/MAMP/htdocs/Sisfomaru/system/CodeIgniter.php(400): CodeIgniter\CodeIgniter->runController(Object(App\Controllers\Identitas))
#3 /Applications/MAMP/htdocs/Sisfomaru/system/CodeIgniter.php(308): CodeIgniter\CodeIgniter->handleRequest(NULL, Object(Config\Cache), false)
#4 /Applications/MAMP/htdocs/Sisfomaru/public/index.php(45): CodeIgniter\CodeIgniter->run()
#5 /Applications/MAMP/htdocs/Sisfomaru/system/Commands/Server/rewrite.php(34): require_once('/Applications/M...')
#6 {main}
