CRITICAL - 2020-09-05 07:55:33 --> You have an error in your SQL syntax; check the manual that corresponds to your MariaDB server version for the right syntax to use near 'AND menu_id = 1' at line 3
#0 D:\Server\htdocs\Sisfomaru\system\Database\MySQLi\Connection.php(331): mysqli->query('SELECT * FROM u...')
#1 D:\Server\htdocs\Sisfomaru\system\Database\BaseConnection.php(738): CodeIgniter\Database\MySQLi\Connection->execute('SELECT * FROM u...')
#2 D:\Server\htdocs\Sisfomaru\system\Database\BaseConnection.php(666): CodeIgniter\Database\BaseConnection->simpleQuery('SELECT * FROM u...')
#3 D:\Server\htdocs\Sisfomaru\app\Helpers\pmb_helper.php(24): CodeIgniter\Database\BaseConnection->query('SELECT * FROM u...')
#4 D:\Server\htdocs\Sisfomaru\app\Controllers\Admin.php(16): is_logged_in()
#5 D:\Server\htdocs\Sisfomaru\system\CodeIgniter.php(886): App\Controllers\Admin->__construct()
#6 D:\Server\htdocs\Sisfomaru\system\CodeIgniter.php(395): CodeIgniter\CodeIgniter->createController()
#7 D:\Server\htdocs\Sisfomaru\system\CodeIgniter.php(308): CodeIgniter\CodeIgniter->handleRequest(NULL, Object(Config\Cache), false)
#8 D:\Server\htdocs\Sisfomaru\public\index.php(45): CodeIgniter\CodeIgniter->run()
#9 D:\Server\htdocs\Sisfomaru\system\Commands\Server\rewrite.php(34): require_once('D:\\Server\\htdoc...')
#10 {main}
CRITICAL - 2020-09-05 19:25:34 --> {0} filter must have a matching alias defined.
#0 D:\Server\htdocs\Sisfomaru\system\Filters\Filters.php(324): CodeIgniter\Filters\Exceptions\FilterException::forNoAlias('user')
#1 D:\Server\htdocs\Sisfomaru\system\CodeIgniter.php(369): CodeIgniter\Filters\Filters->enableFilter('user', 'before')
#2 D:\Server\htdocs\Sisfomaru\system\CodeIgniter.php(308): CodeIgniter\CodeIgniter->handleRequest(NULL, Object(Config\Cache), false)
#3 D:\Server\htdocs\Sisfomaru\public\index.php(45): CodeIgniter\CodeIgniter->run()
#4 D:\Server\htdocs\Sisfomaru\system\Commands\Server\rewrite.php(34): require_once('D:\\Server\\htdoc...')
#5 {main}
CRITICAL - 2020-09-05 19:53:49 --> Trying to access array offset on value of type null
#0 D:\Server\htdocs\Sisfomaru\app\Views\admin\informasi\edit.php(13): CodeIgniter\Debug\Exceptions->errorHandler(8, 'Trying to acces...', 'D:\\Server\\htdoc...', 13, Array)
#1 D:\Server\htdocs\Sisfomaru\system\View\View.php(246): include('D:\\Server\\htdoc...')
#2 D:\Server\htdocs\Sisfomaru\system\Common.php(1087): CodeIgniter\View\View->render('admin/informasi...', Array, true)
#3 D:\Server\htdocs\Sisfomaru\app\Controllers\Informasi.php(103): view('admin/informasi...', Array)
#4 D:\Server\htdocs\Sisfomaru\system\CodeIgniter.php(914): App\Controllers\Informasi->edit('assets', 'js', 'style', 'js', 'plugins', 'pace.min.js')
#5 D:\Server\htdocs\Sisfomaru\system\CodeIgniter.php(400): CodeIgniter\CodeIgniter->runController(Object(App\Controllers\Informasi))
#6 D:\Server\htdocs\Sisfomaru\system\CodeIgniter.php(308): CodeIgniter\CodeIgniter->handleRequest(NULL, Object(Config\Cache), false)
#7 D:\Server\htdocs\Sisfomaru\public\index.php(45): CodeIgniter\CodeIgniter->run()
#8 D:\Server\htdocs\Sisfomaru\system\Commands\Server\rewrite.php(34): require_once('D:\\Server\\htdoc...')
#9 {main}
CRITICAL - 2020-09-05 19:53:49 --> Trying to access array offset on value of type null
#0 D:\Server\htdocs\Sisfomaru\app\Views\admin\informasi\edit.php(13): CodeIgniter\Debug\Exceptions->errorHandler(8, 'Trying to acces...', 'D:\\Server\\htdoc...', 13, Array)
#1 D:\Server\htdocs\Sisfomaru\system\View\View.php(246): include('D:\\Server\\htdoc...')
#2 D:\Server\htdocs\Sisfomaru\system\Common.php(1087): CodeIgniter\View\View->render('admin/informasi...', Array, true)
#3 D:\Server\htdocs\Sisfomaru\app\Controllers\Informasi.php(103): view('admin/informasi...', Array)
#4 D:\Server\htdocs\Sisfomaru\system\CodeIgniter.php(914): App\Controllers\Informasi->edit('assets', 'js', 'style', 'js', 'plugins', 'pace.min.js')
#5 D:\Server\htdocs\Sisfomaru\system\CodeIgniter.php(400): CodeIgniter\CodeIgniter->runController(Object(App\Controllers\Informasi))
#6 D:\Server\htdocs\Sisfomaru\system\CodeIgniter.php(308): CodeIgniter\CodeIgniter->handleRequest(NULL, Object(Config\Cache), false)
#7 D:\Server\htdocs\Sisfomaru\public\index.php(45): CodeIgniter\CodeIgniter->run()
#8 D:\Server\htdocs\Sisfomaru\system\Commands\Server\rewrite.php(34): require_once('D:\\Server\\htdoc...')
#9 {main}
CRITICAL - 2020-09-05 19:55:15 --> Trying to access array offset on value of type null
#0 D:\Server\htdocs\Sisfomaru\app\Views\admin\informasi\edit.php(13): CodeIgniter\Debug\Exceptions->errorHandler(8, 'Trying to acces...', 'D:\\Server\\htdoc...', 13, Array)
#1 D:\Server\htdocs\Sisfomaru\system\View\View.php(246): include('D:\\Server\\htdoc...')
#2 D:\Server\htdocs\Sisfomaru\system\Common.php(1087): CodeIgniter\View\View->render('admin/informasi...', Array, true)
#3 D:\Server\htdocs\Sisfomaru\app\Controllers\Informasi.php(103): view('admin/informasi...', Array)
#4 D:\Server\htdocs\Sisfomaru\system\CodeIgniter.php(914): App\Controllers\Informasi->edit('assets', 'js', 'style', 'js', 'plugins', 'pace.min.js')
#5 D:\Server\htdocs\Sisfomaru\system\CodeIgniter.php(400): CodeIgniter\CodeIgniter->runController(Object(App\Controllers\Informasi))
#6 D:\Server\htdocs\Sisfomaru\system\CodeIgniter.php(308): CodeIgniter\CodeIgniter->handleRequest(NULL, Object(Config\Cache), false)
#7 D:\Server\htdocs\Sisfomaru\public\index.php(45): CodeIgniter\CodeIgniter->run()
#8 D:\Server\htdocs\Sisfomaru\system\Commands\Server\rewrite.php(34): require_once('D:\\Server\\htdoc...')
#9 {main}
CRITICAL - 2020-09-05 19:55:15 --> Trying to access array offset on value of type null
#0 D:\Server\htdocs\Sisfomaru\app\Views\admin\informasi\edit.php(13): CodeIgniter\Debug\Exceptions->errorHandler(8, 'Trying to acces...', 'D:\\Server\\htdoc...', 13, Array)
#1 D:\Server\htdocs\Sisfomaru\system\View\View.php(246): include('D:\\Server\\htdoc...')
#2 D:\Server\htdocs\Sisfomaru\system\Common.php(1087): CodeIgniter\View\View->render('admin/informasi...', Array, true)
#3 D:\Server\htdocs\Sisfomaru\app\Controllers\Informasi.php(103): view('admin/informasi...', Array)
#4 D:\Server\htdocs\Sisfomaru\system\CodeIgniter.php(914): App\Controllers\Informasi->edit('assets', 'js', 'style', 'js', 'plugins', 'pace.min.js')
#5 D:\Server\htdocs\Sisfomaru\system\CodeIgniter.php(400): CodeIgniter\CodeIgniter->runController(Object(App\Controllers\Informasi))
#6 D:\Server\htdocs\Sisfomaru\system\CodeIgniter.php(308): CodeIgniter\CodeIgniter->handleRequest(NULL, Object(Config\Cache), false)
#7 D:\Server\htdocs\Sisfomaru\public\index.php(45): CodeIgniter\CodeIgniter->run()
#8 D:\Server\htdocs\Sisfomaru\system\Commands\Server\rewrite.php(34): require_once('D:\\Server\\htdoc...')
#9 {main}
CRITICAL - 2020-09-05 19:56:02 --> Trying to access array offset on value of type null
#0 D:\Server\htdocs\Sisfomaru\app\Views\admin\informasi\edit.php(13): CodeIgniter\Debug\Exceptions->errorHandler(8, 'Trying to acces...', 'D:\\Server\\htdoc...', 13, Array)
#1 D:\Server\htdocs\Sisfomaru\system\View\View.php(246): include('D:\\Server\\htdoc...')
#2 D:\Server\htdocs\Sisfomaru\system\Common.php(1087): CodeIgniter\View\View->render('admin/informasi...', Array, true)
#3 D:\Server\htdocs\Sisfomaru\app\Controllers\Informasi.php(103): view('admin/informasi...', Array)
#4 D:\Server\htdocs\Sisfomaru\system\CodeIgniter.php(914): App\Controllers\Informasi->edit('assets', 'js', 'style', 'js', 'plugins', 'pace.min.js')
#5 D:\Server\htdocs\Sisfomaru\system\CodeIgniter.php(400): CodeIgniter\CodeIgniter->runController(Object(App\Controllers\Informasi))
#6 D:\Server\htdocs\Sisfomaru\system\CodeIgniter.php(308): CodeIgniter\CodeIgniter->handleRequest(NULL, Object(Config\Cache), false)
#7 D:\Server\htdocs\Sisfomaru\public\index.php(45): CodeIgniter\CodeIgniter->run()
#8 D:\Server\htdocs\Sisfomaru\system\Commands\Server\rewrite.php(34): require_once('D:\\Server\\htdoc...')
#9 {main}
CRITICAL - 2020-09-05 19:56:03 --> Trying to access array offset on value of type null
#0 D:\Server\htdocs\Sisfomaru\app\Views\admin\informasi\edit.php(13): CodeIgniter\Debug\Exceptions->errorHandler(8, 'Trying to acces...', 'D:\\Server\\htdoc...', 13, Array)
#1 D:\Server\htdocs\Sisfomaru\system\View\View.php(246): include('D:\\Server\\htdoc...')
#2 D:\Server\htdocs\Sisfomaru\system\Common.php(1087): CodeIgniter\View\View->render('admin/informasi...', Array, true)
#3 D:\Server\htdocs\Sisfomaru\app\Controllers\Informasi.php(103): view('admin/informasi...', Array)
#4 D:\Server\htdocs\Sisfomaru\system\CodeIgniter.php(914): App\Controllers\Informasi->edit('assets', 'js', 'style', 'js', 'plugins', 'pace.min.js')
#5 D:\Server\htdocs\Sisfomaru\system\CodeIgniter.php(400): CodeIgniter\CodeIgniter->runController(Object(App\Controllers\Informasi))
#6 D:\Server\htdocs\Sisfomaru\system\CodeIgniter.php(308): CodeIgniter\CodeIgniter->handleRequest(NULL, Object(Config\Cache), false)
#7 D:\Server\htdocs\Sisfomaru\public\index.php(45): CodeIgniter\CodeIgniter->run()
#8 D:\Server\htdocs\Sisfomaru\system\Commands\Server\rewrite.php(34): require_once('D:\\Server\\htdoc...')
#9 {main}
CRITICAL - 2020-09-05 21:45:16 --> Call to undefined method CodeIgniter\Database\MySQLi\Builder::getRowArray()
#0 D:\Server\htdocs\Sisfomaru\system\CodeIgniter.php(914): App\Controllers\User->data_diri()
#1 D:\Server\htdocs\Sisfomaru\system\CodeIgniter.php(400): CodeIgniter\CodeIgniter->runController(Object(App\Controllers\User))
#2 D:\Server\htdocs\Sisfomaru\system\CodeIgniter.php(308): CodeIgniter\CodeIgniter->handleRequest(NULL, Object(Config\Cache), false)
#3 D:\Server\htdocs\Sisfomaru\public\index.php(45): CodeIgniter\CodeIgniter->run()
#4 D:\Server\htdocs\Sisfomaru\system\Commands\Server\rewrite.php(34): require_once('D:\\Server\\htdoc...')
#5 {main}
CRITICAL - 2020-09-05 21:46:24 --> Illegal string offset 'kode_prodi'
#0 D:\Server\htdocs\Sisfomaru\app\Views\user\identitas\index.php(186): CodeIgniter\Debug\Exceptions->errorHandler(2, 'Illegal string ...', 'D:\\Server\\htdoc...', 186, Array)
#1 D:\Server\htdocs\Sisfomaru\system\View\View.php(246): include('D:\\Server\\htdoc...')
#2 D:\Server\htdocs\Sisfomaru\system\Common.php(1087): CodeIgniter\View\View->render('user/identitas/...', Array, true)
#3 D:\Server\htdocs\Sisfomaru\app\Controllers\User.php(48): view('user/identitas/...', Array)
#4 D:\Server\htdocs\Sisfomaru\system\CodeIgniter.php(914): App\Controllers\User->data_diri()
#5 D:\Server\htdocs\Sisfomaru\system\CodeIgniter.php(400): CodeIgniter\CodeIgniter->runController(Object(App\Controllers\User))
#6 D:\Server\htdocs\Sisfomaru\system\CodeIgniter.php(308): CodeIgniter\CodeIgniter->handleRequest(NULL, Object(Config\Cache), false)
#7 D:\Server\htdocs\Sisfomaru\public\index.php(45): CodeIgniter\CodeIgniter->run()
#8 D:\Server\htdocs\Sisfomaru\system\Commands\Server\rewrite.php(34): require_once('D:\\Server\\htdoc...')
#9 {main}
CRITICAL - 2020-09-05 21:48:14 --> Illegal string offset 'kode_prodi'
#0 D:\Server\htdocs\Sisfomaru\app\Views\user\identitas\index.php(186): CodeIgniter\Debug\Exceptions->errorHandler(2, 'Illegal string ...', 'D:\\Server\\htdoc...', 186, Array)
#1 D:\Server\htdocs\Sisfomaru\system\View\View.php(246): include('D:\\Server\\htdoc...')
#2 D:\Server\htdocs\Sisfomaru\system\Common.php(1087): CodeIgniter\View\View->render('user/identitas/...', Array, true)
#3 D:\Server\htdocs\Sisfomaru\app\Controllers\User.php(48): view('user/identitas/...', Array)
#4 D:\Server\htdocs\Sisfomaru\system\CodeIgniter.php(914): App\Controllers\User->data_diri()
#5 D:\Server\htdocs\Sisfomaru\system\CodeIgniter.php(400): CodeIgniter\CodeIgniter->runController(Object(App\Controllers\User))
#6 D:\Server\htdocs\Sisfomaru\system\CodeIgniter.php(308): CodeIgniter\CodeIgniter->handleRequest(NULL, Object(Config\Cache), false)
#7 D:\Server\htdocs\Sisfomaru\public\index.php(45): CodeIgniter\CodeIgniter->run()
#8 D:\Server\htdocs\Sisfomaru\system\Commands\Server\rewrite.php(34): require_once('D:\\Server\\htdoc...')
#9 {main}
CRITICAL - 2020-09-05 21:48:16 --> Illegal string offset 'kode_prodi'
#0 D:\Server\htdocs\Sisfomaru\app\Views\user\identitas\index.php(186): CodeIgniter\Debug\Exceptions->errorHandler(2, 'Illegal string ...', 'D:\\Server\\htdoc...', 186, Array)
#1 D:\Server\htdocs\Sisfomaru\system\View\View.php(246): include('D:\\Server\\htdoc...')
#2 D:\Server\htdocs\Sisfomaru\system\Common.php(1087): CodeIgniter\View\View->render('user/identitas/...', Array, true)
#3 D:\Server\htdocs\Sisfomaru\app\Controllers\User.php(48): view('user/identitas/...', Array)
#4 D:\Server\htdocs\Sisfomaru\system\CodeIgniter.php(914): App\Controllers\User->data_diri()
#5 D:\Server\htdocs\Sisfomaru\system\CodeIgniter.php(400): CodeIgniter\CodeIgniter->runController(Object(App\Controllers\User))
#6 D:\Server\htdocs\Sisfomaru\system\CodeIgniter.php(308): CodeIgniter\CodeIgniter->handleRequest(NULL, Object(Config\Cache), false)
#7 D:\Server\htdocs\Sisfomaru\public\index.php(45): CodeIgniter\CodeIgniter->run()
#8 D:\Server\htdocs\Sisfomaru\system\Commands\Server\rewrite.php(34): require_once('D:\\Server\\htdoc...')
#9 {main}
CRITICAL - 2020-09-05 22:06:39 --> Undefined index: id
#0 D:\Server\htdocs\Sisfomaru\app\Views\user\identitas\index.php(42): CodeIgniter\Debug\Exceptions->errorHandler(8, 'Undefined index...', 'D:\\Server\\htdoc...', 42, Array)
#1 D:\Server\htdocs\Sisfomaru\system\View\View.php(246): include('D:\\Server\\htdoc...')
#2 D:\Server\htdocs\Sisfomaru\system\Common.php(1087): CodeIgniter\View\View->render('user/identitas/...', Array, true)
#3 D:\Server\htdocs\Sisfomaru\app\Controllers\User.php(48): view('user/identitas/...', Array)
#4 D:\Server\htdocs\Sisfomaru\system\CodeIgniter.php(914): App\Controllers\User->data_diri()
#5 D:\Server\htdocs\Sisfomaru\system\CodeIgniter.php(400): CodeIgniter\CodeIgniter->runController(Object(App\Controllers\User))
#6 D:\Server\htdocs\Sisfomaru\system\CodeIgniter.php(308): CodeIgniter\CodeIgniter->handleRequest(NULL, Object(Config\Cache), false)
#7 D:\Server\htdocs\Sisfomaru\public\index.php(45): CodeIgniter\CodeIgniter->run()
#8 D:\Server\htdocs\Sisfomaru\system\Commands\Server\rewrite.php(34): require_once('D:\\Server\\htdoc...')
#9 {main}
CRITICAL - 2020-09-05 22:07:45 --> Illegal string offset 'id'
#0 D:\Server\htdocs\Sisfomaru\app\Views\user\identitas\index.php(107): CodeIgniter\Debug\Exceptions->errorHandler(2, 'Illegal string ...', 'D:\\Server\\htdoc...', 107, Array)
#1 D:\Server\htdocs\Sisfomaru\system\View\View.php(246): include('D:\\Server\\htdoc...')
#2 D:\Server\htdocs\Sisfomaru\system\Common.php(1087): CodeIgniter\View\View->render('user/identitas/...', Array, true)
#3 D:\Server\htdocs\Sisfomaru\app\Controllers\User.php(48): view('user/identitas/...', Array)
#4 D:\Server\htdocs\Sisfomaru\system\CodeIgniter.php(914): App\Controllers\User->data_diri()
#5 D:\Server\htdocs\Sisfomaru\system\CodeIgniter.php(400): CodeIgniter\CodeIgniter->runController(Object(App\Controllers\User))
#6 D:\Server\htdocs\Sisfomaru\system\CodeIgniter.php(308): CodeIgniter\CodeIgniter->handleRequest(NULL, Object(Config\Cache), false)
#7 D:\Server\htdocs\Sisfomaru\public\index.php(45): CodeIgniter\CodeIgniter->run()
#8 D:\Server\htdocs\Sisfomaru\system\Commands\Server\rewrite.php(34): require_once('D:\\Server\\htdoc...')
#9 {main}
CRITICAL - 2020-09-05 22:08:33 --> Illegal string offset 'id'
#0 D:\Server\htdocs\Sisfomaru\app\Views\user\identitas\index.php(107): CodeIgniter\Debug\Exceptions->errorHandler(2, 'Illegal string ...', 'D:\\Server\\htdoc...', 107, Array)
#1 D:\Server\htdocs\Sisfomaru\system\View\View.php(246): include('D:\\Server\\htdoc...')
#2 D:\Server\htdocs\Sisfomaru\system\Common.php(1087): CodeIgniter\View\View->render('user/identitas/...', Array, true)
#3 D:\Server\htdocs\Sisfomaru\app\Controllers\User.php(48): view('user/identitas/...', Array)
#4 D:\Server\htdocs\Sisfomaru\system\CodeIgniter.php(914): App\Controllers\User->data_diri()
#5 D:\Server\htdocs\Sisfomaru\system\CodeIgniter.php(400): CodeIgniter\CodeIgniter->runController(Object(App\Controllers\User))
#6 D:\Server\htdocs\Sisfomaru\system\CodeIgniter.php(308): CodeIgniter\CodeIgniter->handleRequest(NULL, Object(Config\Cache), false)
#7 D:\Server\htdocs\Sisfomaru\public\index.php(45): CodeIgniter\CodeIgniter->run()
#8 D:\Server\htdocs\Sisfomaru\system\Commands\Server\rewrite.php(34): require_once('D:\\Server\\htdoc...')
#9 {main}
CRITICAL - 2020-09-05 22:10:01 --> Illegal string offset 'nama'
#0 D:\Server\htdocs\Sisfomaru\app\Views\user\identitas\index.php(106): CodeIgniter\Debug\Exceptions->errorHandler(2, 'Illegal string ...', 'D:\\Server\\htdoc...', 106, Array)
#1 D:\Server\htdocs\Sisfomaru\system\View\View.php(246): include('D:\\Server\\htdoc...')
#2 D:\Server\htdocs\Sisfomaru\system\Common.php(1087): CodeIgniter\View\View->render('user/identitas/...', Array, true)
#3 D:\Server\htdocs\Sisfomaru\app\Controllers\User.php(48): view('user/identitas/...', Array)
#4 D:\Server\htdocs\Sisfomaru\system\CodeIgniter.php(914): App\Controllers\User->data_diri()
#5 D:\Server\htdocs\Sisfomaru\system\CodeIgniter.php(400): CodeIgniter\CodeIgniter->runController(Object(App\Controllers\User))
#6 D:\Server\htdocs\Sisfomaru\system\CodeIgniter.php(308): CodeIgniter\CodeIgniter->handleRequest(NULL, Object(Config\Cache), false)
#7 D:\Server\htdocs\Sisfomaru\public\index.php(45): CodeIgniter\CodeIgniter->run()
#8 D:\Server\htdocs\Sisfomaru\system\Commands\Server\rewrite.php(34): require_once('D:\\Server\\htdoc...')
#9 {main}
CRITICAL - 2020-09-05 22:11:04 --> Undefined variable: u
#0 D:\Server\htdocs\Sisfomaru\app\Views\user\identitas\index.php(233): CodeIgniter\Debug\Exceptions->errorHandler(8, 'Undefined varia...', 'D:\\Server\\htdoc...', 233, Array)
#1 D:\Server\htdocs\Sisfomaru\system\View\View.php(246): include('D:\\Server\\htdoc...')
#2 D:\Server\htdocs\Sisfomaru\system\Common.php(1087): CodeIgniter\View\View->render('user/identitas/...', Array, true)
#3 D:\Server\htdocs\Sisfomaru\app\Controllers\User.php(48): view('user/identitas/...', Array)
#4 D:\Server\htdocs\Sisfomaru\system\CodeIgniter.php(914): App\Controllers\User->data_diri()
#5 D:\Server\htdocs\Sisfomaru\system\CodeIgniter.php(400): CodeIgniter\CodeIgniter->runController(Object(App\Controllers\User))
#6 D:\Server\htdocs\Sisfomaru\system\CodeIgniter.php(308): CodeIgniter\CodeIgniter->handleRequest(NULL, Object(Config\Cache), false)
#7 D:\Server\htdocs\Sisfomaru\public\index.php(45): CodeIgniter\CodeIgniter->run()
#8 D:\Server\htdocs\Sisfomaru\system\Commands\Server\rewrite.php(34): require_once('D:\\Server\\htdoc...')
#9 {main}
CRITICAL - 2020-09-05 22:11:06 --> Undefined variable: u
#0 D:\Server\htdocs\Sisfomaru\app\Views\user\identitas\index.php(233): CodeIgniter\Debug\Exceptions->errorHandler(8, 'Undefined varia...', 'D:\\Server\\htdoc...', 233, Array)
#1 D:\Server\htdocs\Sisfomaru\system\View\View.php(246): include('D:\\Server\\htdoc...')
#2 D:\Server\htdocs\Sisfomaru\system\Common.php(1087): CodeIgniter\View\View->render('user/identitas/...', Array, true)
#3 D:\Server\htdocs\Sisfomaru\app\Controllers\User.php(48): view('user/identitas/...', Array)
#4 D:\Server\htdocs\Sisfomaru\system\CodeIgniter.php(914): App\Controllers\User->data_diri()
#5 D:\Server\htdocs\Sisfomaru\system\CodeIgniter.php(400): CodeIgniter\CodeIgniter->runController(Object(App\Controllers\User))
#6 D:\Server\htdocs\Sisfomaru\system\CodeIgniter.php(308): CodeIgniter\CodeIgniter->handleRequest(NULL, Object(Config\Cache), false)
#7 D:\Server\htdocs\Sisfomaru\public\index.php(45): CodeIgniter\CodeIgniter->run()
#8 D:\Server\htdocs\Sisfomaru\system\Commands\Server\rewrite.php(34): require_once('D:\\Server\\htdoc...')
#9 {main}
CRITICAL - 2020-09-05 22:17:31 --> Undefined index: status_datadiri
#0 D:\Server\htdocs\Sisfomaru\app\Views\user\identitas\index.php(97): CodeIgniter\Debug\Exceptions->errorHandler(8, 'Undefined index...', 'D:\\Server\\htdoc...', 97, Array)
#1 D:\Server\htdocs\Sisfomaru\system\View\View.php(246): include('D:\\Server\\htdoc...')
#2 D:\Server\htdocs\Sisfomaru\system\Common.php(1087): CodeIgniter\View\View->render('user/identitas/...', Array, true)
#3 D:\Server\htdocs\Sisfomaru\app\Controllers\User.php(48): view('user/identitas/...', Array)
#4 D:\Server\htdocs\Sisfomaru\system\CodeIgniter.php(914): App\Controllers\User->data_diri()
#5 D:\Server\htdocs\Sisfomaru\system\CodeIgniter.php(400): CodeIgniter\CodeIgniter->runController(Object(App\Controllers\User))
#6 D:\Server\htdocs\Sisfomaru\system\CodeIgniter.php(308): CodeIgniter\CodeIgniter->handleRequest(NULL, Object(Config\Cache), false)
#7 D:\Server\htdocs\Sisfomaru\public\index.php(45): CodeIgniter\CodeIgniter->run()
#8 D:\Server\htdocs\Sisfomaru\system\Commands\Server\rewrite.php(34): require_once('D:\\Server\\htdoc...')
#9 {main}
CRITICAL - 2020-09-05 22:30:08 --> Trying to access array offset on value of type null
#0 D:\Server\htdocs\Sisfomaru\app\Views\user\identitas\index.php(97): CodeIgniter\Debug\Exceptions->errorHandler(8, 'Trying to acces...', 'D:\\Server\\htdoc...', 97, Array)
#1 D:\Server\htdocs\Sisfomaru\system\View\View.php(246): include('D:\\Server\\htdoc...')
#2 D:\Server\htdocs\Sisfomaru\system\Common.php(1087): CodeIgniter\View\View->render('user/identitas/...', Array, true)
#3 D:\Server\htdocs\Sisfomaru\app\Controllers\User.php(48): view('user/identitas/...', Array)
#4 D:\Server\htdocs\Sisfomaru\system\CodeIgniter.php(914): App\Controllers\User->data_diri()
#5 D:\Server\htdocs\Sisfomaru\system\CodeIgniter.php(400): CodeIgniter\CodeIgniter->runController(Object(App\Controllers\User))
#6 D:\Server\htdocs\Sisfomaru\system\CodeIgniter.php(308): CodeIgniter\CodeIgniter->handleRequest(NULL, Object(Config\Cache), false)
#7 D:\Server\htdocs\Sisfomaru\public\index.php(45): CodeIgniter\CodeIgniter->run()
#8 D:\Server\htdocs\Sisfomaru\system\Commands\Server\rewrite.php(34): require_once('D:\\Server\\htdoc...')
#9 {main}
CRITICAL - 2020-09-05 22:30:12 --> Trying to access array offset on value of type null
#0 D:\Server\htdocs\Sisfomaru\app\Views\user\identitas\index.php(97): CodeIgniter\Debug\Exceptions->errorHandler(8, 'Trying to acces...', 'D:\\Server\\htdoc...', 97, Array)
#1 D:\Server\htdocs\Sisfomaru\system\View\View.php(246): include('D:\\Server\\htdoc...')
#2 D:\Server\htdocs\Sisfomaru\system\Common.php(1087): CodeIgniter\View\View->render('user/identitas/...', Array, true)
#3 D:\Server\htdocs\Sisfomaru\app\Controllers\User.php(48): view('user/identitas/...', Array)
#4 D:\Server\htdocs\Sisfomaru\system\CodeIgniter.php(914): App\Controllers\User->data_diri()
#5 D:\Server\htdocs\Sisfomaru\system\CodeIgniter.php(400): CodeIgniter\CodeIgniter->runController(Object(App\Controllers\User))
#6 D:\Server\htdocs\Sisfomaru\system\CodeIgniter.php(308): CodeIgniter\CodeIgniter->handleRequest(NULL, Object(Config\Cache), false)
#7 D:\Server\htdocs\Sisfomaru\public\index.php(45): CodeIgniter\CodeIgniter->run()
#8 D:\Server\htdocs\Sisfomaru\system\Commands\Server\rewrite.php(34): require_once('D:\\Server\\htdoc...')
#9 {main}
CRITICAL - 2020-09-05 22:30:47 --> Trying to access array offset on value of type null
#0 D:\Server\htdocs\Sisfomaru\app\Views\user\identitas\index.php(97): CodeIgniter\Debug\Exceptions->errorHandler(8, 'Trying to acces...', 'D:\\Server\\htdoc...', 97, Array)
#1 D:\Server\htdocs\Sisfomaru\system\View\View.php(246): include('D:\\Server\\htdoc...')
#2 D:\Server\htdocs\Sisfomaru\system\Common.php(1087): CodeIgniter\View\View->render('user/identitas/...', Array, true)
#3 D:\Server\htdocs\Sisfomaru\app\Controllers\User.php(48): view('user/identitas/...', Array)
#4 D:\Server\htdocs\Sisfomaru\system\CodeIgniter.php(914): App\Controllers\User->data_diri()
#5 D:\Server\htdocs\Sisfomaru\system\CodeIgniter.php(400): CodeIgniter\CodeIgniter->runController(Object(App\Controllers\User))
#6 D:\Server\htdocs\Sisfomaru\system\CodeIgniter.php(308): CodeIgniter\CodeIgniter->handleRequest(NULL, Object(Config\Cache), false)
#7 D:\Server\htdocs\Sisfomaru\public\index.php(45): CodeIgniter\CodeIgniter->run()
#8 D:\Server\htdocs\Sisfomaru\system\Commands\Server\rewrite.php(34): require_once('D:\\Server\\htdoc...')
#9 {main}
CRITICAL - 2020-09-05 22:30:56 --> Trying to access array offset on value of type null
#0 D:\Server\htdocs\Sisfomaru\app\Views\user\identitas\index.php(97): CodeIgniter\Debug\Exceptions->errorHandler(8, 'Trying to acces...', 'D:\\Server\\htdoc...', 97, Array)
#1 D:\Server\htdocs\Sisfomaru\system\View\View.php(246): include('D:\\Server\\htdoc...')
#2 D:\Server\htdocs\Sisfomaru\system\Common.php(1087): CodeIgniter\View\View->render('user/identitas/...', Array, true)
#3 D:\Server\htdocs\Sisfomaru\app\Controllers\User.php(48): view('user/identitas/...', Array)
#4 D:\Server\htdocs\Sisfomaru\system\CodeIgniter.php(914): App\Controllers\User->data_diri()
#5 D:\Server\htdocs\Sisfomaru\system\CodeIgniter.php(400): CodeIgniter\CodeIgniter->runController(Object(App\Controllers\User))
#6 D:\Server\htdocs\Sisfomaru\system\CodeIgniter.php(308): CodeIgniter\CodeIgniter->handleRequest(NULL, Object(Config\Cache), false)
#7 D:\Server\htdocs\Sisfomaru\public\index.php(45): CodeIgniter\CodeIgniter->run()
#8 D:\Server\htdocs\Sisfomaru\system\Commands\Server\rewrite.php(34): require_once('D:\\Server\\htdoc...')
#9 {main}
CRITICAL - 2020-09-05 22:31:08 --> Trying to access array offset on value of type null
#0 D:\Server\htdocs\Sisfomaru\app\Views\user\identitas\index.php(97): CodeIgniter\Debug\Exceptions->errorHandler(8, 'Trying to acces...', 'D:\\Server\\htdoc...', 97, Array)
#1 D:\Server\htdocs\Sisfomaru\system\View\View.php(246): include('D:\\Server\\htdoc...')
#2 D:\Server\htdocs\Sisfomaru\system\Common.php(1087): CodeIgniter\View\View->render('user/identitas/...', Array, true)
#3 D:\Server\htdocs\Sisfomaru\app\Controllers\User.php(48): view('user/identitas/...', Array)
#4 D:\Server\htdocs\Sisfomaru\system\CodeIgniter.php(914): App\Controllers\User->data_diri()
#5 D:\Server\htdocs\Sisfomaru\system\CodeIgniter.php(400): CodeIgniter\CodeIgniter->runController(Object(App\Controllers\User))
#6 D:\Server\htdocs\Sisfomaru\system\CodeIgniter.php(308): CodeIgniter\CodeIgniter->handleRequest(NULL, Object(Config\Cache), false)
#7 D:\Server\htdocs\Sisfomaru\public\index.php(45): CodeIgniter\CodeIgniter->run()
#8 D:\Server\htdocs\Sisfomaru\system\Commands\Server\rewrite.php(34): require_once('D:\\Server\\htdoc...')
#9 {main}
CRITICAL - 2020-09-05 22:31:33 --> Trying to access array offset on value of type null
#0 D:\Server\htdocs\Sisfomaru\app\Views\user\identitas\index.php(97): CodeIgniter\Debug\Exceptions->errorHandler(8, 'Trying to acces...', 'D:\\Server\\htdoc...', 97, Array)
#1 D:\Server\htdocs\Sisfomaru\system\View\View.php(246): include('D:\\Server\\htdoc...')
#2 D:\Server\htdocs\Sisfomaru\system\Common.php(1087): CodeIgniter\View\View->render('user/identitas/...', Array, true)
#3 D:\Server\htdocs\Sisfomaru\app\Controllers\User.php(48): view('user/identitas/...', Array)
#4 D:\Server\htdocs\Sisfomaru\system\CodeIgniter.php(914): App\Controllers\User->data_diri()
#5 D:\Server\htdocs\Sisfomaru\system\CodeIgniter.php(400): CodeIgniter\CodeIgniter->runController(Object(App\Controllers\User))
#6 D:\Server\htdocs\Sisfomaru\system\CodeIgniter.php(308): CodeIgniter\CodeIgniter->handleRequest(NULL, Object(Config\Cache), false)
#7 D:\Server\htdocs\Sisfomaru\public\index.php(45): CodeIgniter\CodeIgniter->run()
#8 D:\Server\htdocs\Sisfomaru\system\Commands\Server\rewrite.php(34): require_once('D:\\Server\\htdoc...')
#9 {main}
CRITICAL - 2020-09-05 22:31:34 --> Trying to access array offset on value of type null
#0 D:\Server\htdocs\Sisfomaru\app\Views\user\identitas\index.php(97): CodeIgniter\Debug\Exceptions->errorHandler(8, 'Trying to acces...', 'D:\\Server\\htdoc...', 97, Array)
#1 D:\Server\htdocs\Sisfomaru\system\View\View.php(246): include('D:\\Server\\htdoc...')
#2 D:\Server\htdocs\Sisfomaru\system\Common.php(1087): CodeIgniter\View\View->render('user/identitas/...', Array, true)
#3 D:\Server\htdocs\Sisfomaru\app\Controllers\User.php(48): view('user/identitas/...', Array)
#4 D:\Server\htdocs\Sisfomaru\system\CodeIgniter.php(914): App\Controllers\User->data_diri()
#5 D:\Server\htdocs\Sisfomaru\system\CodeIgniter.php(400): CodeIgniter\CodeIgniter->runController(Object(App\Controllers\User))
#6 D:\Server\htdocs\Sisfomaru\system\CodeIgniter.php(308): CodeIgniter\CodeIgniter->handleRequest(NULL, Object(Config\Cache), false)
#7 D:\Server\htdocs\Sisfomaru\public\index.php(45): CodeIgniter\CodeIgniter->run()
#8 D:\Server\htdocs\Sisfomaru\system\Commands\Server\rewrite.php(34): require_once('D:\\Server\\htdoc...')
#9 {main}
CRITICAL - 2020-09-05 22:31:52 --> Trying to access array offset on value of type null
#0 D:\Server\htdocs\Sisfomaru\app\Views\user\identitas\index.php(97): CodeIgniter\Debug\Exceptions->errorHandler(8, 'Trying to acces...', 'D:\\Server\\htdoc...', 97, Array)
#1 D:\Server\htdocs\Sisfomaru\system\View\View.php(246): include('D:\\Server\\htdoc...')
#2 D:\Server\htdocs\Sisfomaru\system\Common.php(1087): CodeIgniter\View\View->render('user/identitas/...', Array, true)
#3 D:\Server\htdocs\Sisfomaru\app\Controllers\User.php(48): view('user/identitas/...', Array)
#4 D:\Server\htdocs\Sisfomaru\system\CodeIgniter.php(914): App\Controllers\User->data_diri()
#5 D:\Server\htdocs\Sisfomaru\system\CodeIgniter.php(400): CodeIgniter\CodeIgniter->runController(Object(App\Controllers\User))
#6 D:\Server\htdocs\Sisfomaru\system\CodeIgniter.php(308): CodeIgniter\CodeIgniter->handleRequest(NULL, Object(Config\Cache), false)
#7 D:\Server\htdocs\Sisfomaru\public\index.php(45): CodeIgniter\CodeIgniter->run()
#8 D:\Server\htdocs\Sisfomaru\system\Commands\Server\rewrite.php(34): require_once('D:\\Server\\htdoc...')
#9 {main}
CRITICAL - 2020-09-05 22:31:53 --> Trying to access array offset on value of type null
#0 D:\Server\htdocs\Sisfomaru\app\Views\user\identitas\index.php(97): CodeIgniter\Debug\Exceptions->errorHandler(8, 'Trying to acces...', 'D:\\Server\\htdoc...', 97, Array)
#1 D:\Server\htdocs\Sisfomaru\system\View\View.php(246): include('D:\\Server\\htdoc...')
#2 D:\Server\htdocs\Sisfomaru\system\Common.php(1087): CodeIgniter\View\View->render('user/identitas/...', Array, true)
#3 D:\Server\htdocs\Sisfomaru\app\Controllers\User.php(48): view('user/identitas/...', Array)
#4 D:\Server\htdocs\Sisfomaru\system\CodeIgniter.php(914): App\Controllers\User->data_diri()
#5 D:\Server\htdocs\Sisfomaru\system\CodeIgniter.php(400): CodeIgniter\CodeIgniter->runController(Object(App\Controllers\User))
#6 D:\Server\htdocs\Sisfomaru\system\CodeIgniter.php(308): CodeIgniter\CodeIgniter->handleRequest(NULL, Object(Config\Cache), false)
#7 D:\Server\htdocs\Sisfomaru\public\index.php(45): CodeIgniter\CodeIgniter->run()
#8 D:\Server\htdocs\Sisfomaru\system\Commands\Server\rewrite.php(34): require_once('D:\\Server\\htdoc...')
#9 {main}
CRITICAL - 2020-09-05 22:31:55 --> Trying to access array offset on value of type null
#0 D:\Server\htdocs\Sisfomaru\app\Views\user\identitas\index.php(97): CodeIgniter\Debug\Exceptions->errorHandler(8, 'Trying to acces...', 'D:\\Server\\htdoc...', 97, Array)
#1 D:\Server\htdocs\Sisfomaru\system\View\View.php(246): include('D:\\Server\\htdoc...')
#2 D:\Server\htdocs\Sisfomaru\system\Common.php(1087): CodeIgniter\View\View->render('user/identitas/...', Array, true)
#3 D:\Server\htdocs\Sisfomaru\app\Controllers\User.php(48): view('user/identitas/...', Array)
#4 D:\Server\htdocs\Sisfomaru\system\CodeIgniter.php(914): App\Controllers\User->data_diri()
#5 D:\Server\htdocs\Sisfomaru\system\CodeIgniter.php(400): CodeIgniter\CodeIgniter->runController(Object(App\Controllers\User))
#6 D:\Server\htdocs\Sisfomaru\system\CodeIgniter.php(308): CodeIgniter\CodeIgniter->handleRequest(NULL, Object(Config\Cache), false)
#7 D:\Server\htdocs\Sisfomaru\public\index.php(45): CodeIgniter\CodeIgniter->run()
#8 D:\Server\htdocs\Sisfomaru\system\Commands\Server\rewrite.php(34): require_once('D:\\Server\\htdoc...')
#9 {main}
CRITICAL - 2020-09-05 22:32:08 --> Trying to access array offset on value of type null
#0 D:\Server\htdocs\Sisfomaru\app\Views\user\identitas\index.php(97): CodeIgniter\Debug\Exceptions->errorHandler(8, 'Trying to acces...', 'D:\\Server\\htdoc...', 97, Array)
#1 D:\Server\htdocs\Sisfomaru\system\View\View.php(246): include('D:\\Server\\htdoc...')
#2 D:\Server\htdocs\Sisfomaru\system\Common.php(1087): CodeIgniter\View\View->render('user/identitas/...', Array, true)
#3 D:\Server\htdocs\Sisfomaru\app\Controllers\User.php(48): view('user/identitas/...', Array)
#4 D:\Server\htdocs\Sisfomaru\system\CodeIgniter.php(914): App\Controllers\User->data_diri()
#5 D:\Server\htdocs\Sisfomaru\system\CodeIgniter.php(400): CodeIgniter\CodeIgniter->runController(Object(App\Controllers\User))
#6 D:\Server\htdocs\Sisfomaru\system\CodeIgniter.php(308): CodeIgniter\CodeIgniter->handleRequest(NULL, Object(Config\Cache), false)
#7 D:\Server\htdocs\Sisfomaru\public\index.php(45): CodeIgniter\CodeIgniter->run()
#8 D:\Server\htdocs\Sisfomaru\system\Commands\Server\rewrite.php(34): require_once('D:\\Server\\htdoc...')
#9 {main}
CRITICAL - 2020-09-05 22:33:03 --> Undefined index: status_datadiri
#0 D:\Server\htdocs\Sisfomaru\app\Views\user\identitas\index.php(97): CodeIgniter\Debug\Exceptions->errorHandler(8, 'Undefined index...', 'D:\\Server\\htdoc...', 97, Array)
#1 D:\Server\htdocs\Sisfomaru\system\View\View.php(246): include('D:\\Server\\htdoc...')
#2 D:\Server\htdocs\Sisfomaru\system\Common.php(1087): CodeIgniter\View\View->render('user/identitas/...', Array, true)
#3 D:\Server\htdocs\Sisfomaru\app\Controllers\User.php(48): view('user/identitas/...', Array)
#4 D:\Server\htdocs\Sisfomaru\system\CodeIgniter.php(914): App\Controllers\User->data_diri()
#5 D:\Server\htdocs\Sisfomaru\system\CodeIgniter.php(400): CodeIgniter\CodeIgniter->runController(Object(App\Controllers\User))
#6 D:\Server\htdocs\Sisfomaru\system\CodeIgniter.php(308): CodeIgniter\CodeIgniter->handleRequest(NULL, Object(Config\Cache), false)
#7 D:\Server\htdocs\Sisfomaru\public\index.php(45): CodeIgniter\CodeIgniter->run()
#8 D:\Server\htdocs\Sisfomaru\system\Commands\Server\rewrite.php(34): require_once('D:\\Server\\htdoc...')
#9 {main}
CRITICAL - 2020-09-05 22:33:05 --> Undefined index: status_datadiri
#0 D:\Server\htdocs\Sisfomaru\app\Views\user\identitas\index.php(97): CodeIgniter\Debug\Exceptions->errorHandler(8, 'Undefined index...', 'D:\\Server\\htdoc...', 97, Array)
#1 D:\Server\htdocs\Sisfomaru\system\View\View.php(246): include('D:\\Server\\htdoc...')
#2 D:\Server\htdocs\Sisfomaru\system\Common.php(1087): CodeIgniter\View\View->render('user/identitas/...', Array, true)
#3 D:\Server\htdocs\Sisfomaru\app\Controllers\User.php(48): view('user/identitas/...', Array)
#4 D:\Server\htdocs\Sisfomaru\system\CodeIgniter.php(914): App\Controllers\User->data_diri()
#5 D:\Server\htdocs\Sisfomaru\system\CodeIgniter.php(400): CodeIgniter\CodeIgniter->runController(Object(App\Controllers\User))
#6 D:\Server\htdocs\Sisfomaru\system\CodeIgniter.php(308): CodeIgniter\CodeIgniter->handleRequest(NULL, Object(Config\Cache), false)
#7 D:\Server\htdocs\Sisfomaru\public\index.php(45): CodeIgniter\CodeIgniter->run()
#8 D:\Server\htdocs\Sisfomaru\system\Commands\Server\rewrite.php(34): require_once('D:\\Server\\htdoc...')
#9 {main}
CRITICAL - 2020-09-05 22:34:29 --> Trying to access array offset on value of type null
#0 D:\Server\htdocs\Sisfomaru\app\Views\user\identitas\index.php(97): CodeIgniter\Debug\Exceptions->errorHandler(8, 'Trying to acces...', 'D:\\Server\\htdoc...', 97, Array)
#1 D:\Server\htdocs\Sisfomaru\system\View\View.php(246): include('D:\\Server\\htdoc...')
#2 D:\Server\htdocs\Sisfomaru\system\Common.php(1087): CodeIgniter\View\View->render('user/identitas/...', Array, true)
#3 D:\Server\htdocs\Sisfomaru\app\Controllers\User.php(48): view('user/identitas/...', Array)
#4 D:\Server\htdocs\Sisfomaru\system\CodeIgniter.php(914): App\Controllers\User->data_diri()
#5 D:\Server\htdocs\Sisfomaru\system\CodeIgniter.php(400): CodeIgniter\CodeIgniter->runController(Object(App\Controllers\User))
#6 D:\Server\htdocs\Sisfomaru\system\CodeIgniter.php(308): CodeIgniter\CodeIgniter->handleRequest(NULL, Object(Config\Cache), false)
#7 D:\Server\htdocs\Sisfomaru\public\index.php(45): CodeIgniter\CodeIgniter->run()
#8 D:\Server\htdocs\Sisfomaru\system\Commands\Server\rewrite.php(34): require_once('D:\\Server\\htdoc...')
#9 {main}
CRITICAL - 2020-09-05 22:34:31 --> Trying to access array offset on value of type null
#0 D:\Server\htdocs\Sisfomaru\app\Views\user\identitas\index.php(97): CodeIgniter\Debug\Exceptions->errorHandler(8, 'Trying to acces...', 'D:\\Server\\htdoc...', 97, Array)
#1 D:\Server\htdocs\Sisfomaru\system\View\View.php(246): include('D:\\Server\\htdoc...')
#2 D:\Server\htdocs\Sisfomaru\system\Common.php(1087): CodeIgniter\View\View->render('user/identitas/...', Array, true)
#3 D:\Server\htdocs\Sisfomaru\app\Controllers\User.php(48): view('user/identitas/...', Array)
#4 D:\Server\htdocs\Sisfomaru\system\CodeIgniter.php(914): App\Controllers\User->data_diri()
#5 D:\Server\htdocs\Sisfomaru\system\CodeIgniter.php(400): CodeIgniter\CodeIgniter->runController(Object(App\Controllers\User))
#6 D:\Server\htdocs\Sisfomaru\system\CodeIgniter.php(308): CodeIgniter\CodeIgniter->handleRequest(NULL, Object(Config\Cache), false)
#7 D:\Server\htdocs\Sisfomaru\public\index.php(45): CodeIgniter\CodeIgniter->run()
#8 D:\Server\htdocs\Sisfomaru\system\Commands\Server\rewrite.php(34): require_once('D:\\Server\\htdoc...')
#9 {main}
CRITICAL - 2020-09-05 22:34:32 --> Trying to access array offset on value of type null
#0 D:\Server\htdocs\Sisfomaru\app\Views\user\identitas\index.php(97): CodeIgniter\Debug\Exceptions->errorHandler(8, 'Trying to acces...', 'D:\\Server\\htdoc...', 97, Array)
#1 D:\Server\htdocs\Sisfomaru\system\View\View.php(246): include('D:\\Server\\htdoc...')
#2 D:\Server\htdocs\Sisfomaru\system\Common.php(1087): CodeIgniter\View\View->render('user/identitas/...', Array, true)
#3 D:\Server\htdocs\Sisfomaru\app\Controllers\User.php(48): view('user/identitas/...', Array)
#4 D:\Server\htdocs\Sisfomaru\system\CodeIgniter.php(914): App\Controllers\User->data_diri()
#5 D:\Server\htdocs\Sisfomaru\system\CodeIgniter.php(400): CodeIgniter\CodeIgniter->runController(Object(App\Controllers\User))
#6 D:\Server\htdocs\Sisfomaru\system\CodeIgniter.php(308): CodeIgniter\CodeIgniter->handleRequest(NULL, Object(Config\Cache), false)
#7 D:\Server\htdocs\Sisfomaru\public\index.php(45): CodeIgniter\CodeIgniter->run()
#8 D:\Server\htdocs\Sisfomaru\system\Commands\Server\rewrite.php(34): require_once('D:\\Server\\htdoc...')
#9 {main}
CRITICAL - 2020-09-05 22:34:35 --> Trying to access array offset on value of type null
#0 D:\Server\htdocs\Sisfomaru\app\Views\user\identitas\index.php(97): CodeIgniter\Debug\Exceptions->errorHandler(8, 'Trying to acces...', 'D:\\Server\\htdoc...', 97, Array)
#1 D:\Server\htdocs\Sisfomaru\system\View\View.php(246): include('D:\\Server\\htdoc...')
#2 D:\Server\htdocs\Sisfomaru\system\Common.php(1087): CodeIgniter\View\View->render('user/identitas/...', Array, true)
#3 D:\Server\htdocs\Sisfomaru\app\Controllers\User.php(48): view('user/identitas/...', Array)
#4 D:\Server\htdocs\Sisfomaru\system\CodeIgniter.php(914): App\Controllers\User->data_diri()
#5 D:\Server\htdocs\Sisfomaru\system\CodeIgniter.php(400): CodeIgniter\CodeIgniter->runController(Object(App\Controllers\User))
#6 D:\Server\htdocs\Sisfomaru\system\CodeIgniter.php(308): CodeIgniter\CodeIgniter->handleRequest(NULL, Object(Config\Cache), false)
#7 D:\Server\htdocs\Sisfomaru\public\index.php(45): CodeIgniter\CodeIgniter->run()
#8 D:\Server\htdocs\Sisfomaru\system\Commands\Server\rewrite.php(34): require_once('D:\\Server\\htdoc...')
#9 {main}
CRITICAL - 2020-09-05 22:35:31 --> Trying to access array offset on value of type null
#0 D:\Server\htdocs\Sisfomaru\app\Views\user\identitas\index.php(97): CodeIgniter\Debug\Exceptions->errorHandler(8, 'Trying to acces...', 'D:\\Server\\htdoc...', 97, Array)
#1 D:\Server\htdocs\Sisfomaru\system\View\View.php(246): include('D:\\Server\\htdoc...')
#2 D:\Server\htdocs\Sisfomaru\system\Common.php(1087): CodeIgniter\View\View->render('user/identitas/...', Array, true)
#3 D:\Server\htdocs\Sisfomaru\app\Controllers\User.php(48): view('user/identitas/...', Array)
#4 D:\Server\htdocs\Sisfomaru\system\CodeIgniter.php(914): App\Controllers\User->data_diri()
#5 D:\Server\htdocs\Sisfomaru\system\CodeIgniter.php(400): CodeIgniter\CodeIgniter->runController(Object(App\Controllers\User))
#6 D:\Server\htdocs\Sisfomaru\system\CodeIgniter.php(308): CodeIgniter\CodeIgniter->handleRequest(NULL, Object(Config\Cache), false)
#7 D:\Server\htdocs\Sisfomaru\public\index.php(45): CodeIgniter\CodeIgniter->run()
#8 D:\Server\htdocs\Sisfomaru\system\Commands\Server\rewrite.php(34): require_once('D:\\Server\\htdoc...')
#9 {main}
CRITICAL - 2020-09-05 22:39:32 --> Trying to access array offset on value of type null
#0 D:\Server\htdocs\Sisfomaru\app\Views\user\identitas\index.php(97): CodeIgniter\Debug\Exceptions->errorHandler(8, 'Trying to acces...', 'D:\\Server\\htdoc...', 97, Array)
#1 D:\Server\htdocs\Sisfomaru\system\View\View.php(246): include('D:\\Server\\htdoc...')
#2 D:\Server\htdocs\Sisfomaru\system\Common.php(1087): CodeIgniter\View\View->render('user/identitas/...', Array, true)
#3 D:\Server\htdocs\Sisfomaru\app\Controllers\User.php(48): view('user/identitas/...', Array)
#4 D:\Server\htdocs\Sisfomaru\system\CodeIgniter.php(914): App\Controllers\User->data_diri()
#5 D:\Server\htdocs\Sisfomaru\system\CodeIgniter.php(400): CodeIgniter\CodeIgniter->runController(Object(App\Controllers\User))
#6 D:\Server\htdocs\Sisfomaru\system\CodeIgniter.php(308): CodeIgniter\CodeIgniter->handleRequest(NULL, Object(Config\Cache), false)
#7 D:\Server\htdocs\Sisfomaru\public\index.php(45): CodeIgniter\CodeIgniter->run()
#8 D:\Server\htdocs\Sisfomaru\system\Commands\Server\rewrite.php(34): require_once('D:\\Server\\htdoc...')
#9 {main}
CRITICAL - 2020-09-05 22:39:33 --> Trying to access array offset on value of type null
#0 D:\Server\htdocs\Sisfomaru\app\Views\user\identitas\index.php(97): CodeIgniter\Debug\Exceptions->errorHandler(8, 'Trying to acces...', 'D:\\Server\\htdoc...', 97, Array)
#1 D:\Server\htdocs\Sisfomaru\system\View\View.php(246): include('D:\\Server\\htdoc...')
#2 D:\Server\htdocs\Sisfomaru\system\Common.php(1087): CodeIgniter\View\View->render('user/identitas/...', Array, true)
#3 D:\Server\htdocs\Sisfomaru\app\Controllers\User.php(48): view('user/identitas/...', Array)
#4 D:\Server\htdocs\Sisfomaru\system\CodeIgniter.php(914): App\Controllers\User->data_diri()
#5 D:\Server\htdocs\Sisfomaru\system\CodeIgniter.php(400): CodeIgniter\CodeIgniter->runController(Object(App\Controllers\User))
#6 D:\Server\htdocs\Sisfomaru\system\CodeIgniter.php(308): CodeIgniter\CodeIgniter->handleRequest(NULL, Object(Config\Cache), false)
#7 D:\Server\htdocs\Sisfomaru\public\index.php(45): CodeIgniter\CodeIgniter->run()
#8 D:\Server\htdocs\Sisfomaru\system\Commands\Server\rewrite.php(34): require_once('D:\\Server\\htdoc...')
#9 {main}
CRITICAL - 2020-09-05 22:42:18 --> Trying to access array offset on value of type null
#0 D:\Server\htdocs\Sisfomaru\app\Views\admin\informasi\edit.php(13): CodeIgniter\Debug\Exceptions->errorHandler(8, 'Trying to acces...', 'D:\\Server\\htdoc...', 13, Array)
#1 D:\Server\htdocs\Sisfomaru\system\View\View.php(246): include('D:\\Server\\htdoc...')
#2 D:\Server\htdocs\Sisfomaru\system\Common.php(1087): CodeIgniter\View\View->render('admin/informasi...', Array, true)
#3 D:\Server\htdocs\Sisfomaru\app\Controllers\Informasi.php(103): view('admin/informasi...', Array)
#4 D:\Server\htdocs\Sisfomaru\system\CodeIgniter.php(914): App\Controllers\Informasi->edit('9')
#5 D:\Server\htdocs\Sisfomaru\system\CodeIgniter.php(400): CodeIgniter\CodeIgniter->runController(Object(App\Controllers\Informasi))
#6 D:\Server\htdocs\Sisfomaru\system\CodeIgniter.php(308): CodeIgniter\CodeIgniter->handleRequest(NULL, Object(Config\Cache), false)
#7 D:\Server\htdocs\Sisfomaru\public\index.php(45): CodeIgniter\CodeIgniter->run()
#8 D:\Server\htdocs\Sisfomaru\system\Commands\Server\rewrite.php(34): require_once('D:\\Server\\htdoc...')
#9 {main}
