CRITICAL - 2020-09-01 18:50:14 --> No connection could be made because the target machine actively refused it.

#0 D:\server\htdocs\Sisfomaru\system\Database\BaseConnection.php(377): CodeIgniter\Database\MySQLi\Connection->connect(false)
#1 D:\server\htdocs\Sisfomaru\system\Database\BaseConnection.php(643): CodeIgniter\Database\BaseConnection->initialize()
#2 D:\server\htdocs\Sisfomaru\app\Views\front\index.php(258): CodeIgniter\Database\BaseConnection->query('SELECT judul,in...')
#3 D:\server\htdocs\Sisfomaru\system\View\View.php(246): include('D:\\server\\htdoc...')
#4 D:\server\htdocs\Sisfomaru\system\Common.php(1087): CodeIgniter\View\View->render('front/index', Array, true)
#5 D:\server\htdocs\Sisfomaru\app\Controllers\Pages.php(13): view('front/index')
#6 D:\server\htdocs\Sisfomaru\system\CodeIgniter.php(914): App\Controllers\Pages->index()
#7 D:\server\htdocs\Sisfomaru\system\CodeIgniter.php(400): CodeIgniter\CodeIgniter->runController(Object(App\Controllers\Pages))
#8 D:\server\htdocs\Sisfomaru\system\CodeIgniter.php(308): CodeIgniter\CodeIgniter->handleRequest(NULL, Object(Config\Cache), false)
#9 D:\server\htdocs\Sisfomaru\public\index.php(45): CodeIgniter\CodeIgniter->run()
#10 D:\server\htdocs\Sisfomaru\system\Commands\Server\rewrite.php(34): require_once('D:\\server\\htdoc...')
#11 {main}
CRITICAL - 2020-09-01 18:50:36 --> No connection could be made because the target machine actively refused it.

#0 D:\server\htdocs\Sisfomaru\system\Database\BaseConnection.php(377): CodeIgniter\Database\MySQLi\Connection->connect(false)
#1 D:\server\htdocs\Sisfomaru\system\Database\BaseConnection.php(643): CodeIgniter\Database\BaseConnection->initialize()
#2 D:\server\htdocs\Sisfomaru\app\Views\front\index.php(258): CodeIgniter\Database\BaseConnection->query('SELECT judul,in...')
#3 D:\server\htdocs\Sisfomaru\system\View\View.php(246): include('D:\\server\\htdoc...')
#4 D:\server\htdocs\Sisfomaru\system\Common.php(1087): CodeIgniter\View\View->render('front/index', Array, true)
#5 D:\server\htdocs\Sisfomaru\app\Controllers\Pages.php(13): view('front/index')
#6 D:\server\htdocs\Sisfomaru\system\CodeIgniter.php(914): App\Controllers\Pages->index()
#7 D:\server\htdocs\Sisfomaru\system\CodeIgniter.php(400): CodeIgniter\CodeIgniter->runController(Object(App\Controllers\Pages))
#8 D:\server\htdocs\Sisfomaru\system\CodeIgniter.php(308): CodeIgniter\CodeIgniter->handleRequest(NULL, Object(Config\Cache), false)
#9 D:\server\htdocs\Sisfomaru\public\index.php(45): CodeIgniter\CodeIgniter->run()
#10 D:\server\htdocs\Sisfomaru\system\Commands\Server\rewrite.php(34): require_once('D:\\server\\htdoc...')
#11 {main}
CRITICAL - 2020-09-01 18:52:16 --> No connection could be made because the target machine actively refused it.

#0 D:\server\htdocs\Sisfomaru\system\Database\BaseConnection.php(377): CodeIgniter\Database\MySQLi\Connection->connect(false)
#1 D:\server\htdocs\Sisfomaru\system\Database\BaseConnection.php(643): CodeIgniter\Database\BaseConnection->initialize()
#2 D:\server\htdocs\Sisfomaru\app\Views\front\index.php(258): CodeIgniter\Database\BaseConnection->query('SELECT judul,in...')
#3 D:\server\htdocs\Sisfomaru\system\View\View.php(246): include('D:\\server\\htdoc...')
#4 D:\server\htdocs\Sisfomaru\system\Common.php(1087): CodeIgniter\View\View->render('front/index', Array, true)
#5 D:\server\htdocs\Sisfomaru\app\Controllers\Pages.php(13): view('front/index')
#6 D:\server\htdocs\Sisfomaru\system\CodeIgniter.php(914): App\Controllers\Pages->index()
#7 D:\server\htdocs\Sisfomaru\system\CodeIgniter.php(400): CodeIgniter\CodeIgniter->runController(Object(App\Controllers\Pages))
#8 D:\server\htdocs\Sisfomaru\system\CodeIgniter.php(308): CodeIgniter\CodeIgniter->handleRequest(NULL, Object(Config\Cache), false)
#9 D:\server\htdocs\Sisfomaru\public\index.php(45): CodeIgniter\CodeIgniter->run()
#10 D:\server\htdocs\Sisfomaru\system\Commands\Server\rewrite.php(34): require_once('D:\\server\\htdoc...')
#11 {main}
CRITICAL - 2020-09-01 19:15:38 --> Access denied for user ''@'localhost' (using password: NO)
#0 D:\server\htdocs\Sisfomaru\system\Database\BaseConnection.php(377): CodeIgniter\Database\MySQLi\Connection->connect(false)
#1 D:\server\htdocs\Sisfomaru\system\Database\BaseConnection.php(643): CodeIgniter\Database\BaseConnection->initialize()
#2 D:\server\htdocs\Sisfomaru\app\Views\front\index.php(258): CodeIgniter\Database\BaseConnection->query('SELECT judul,in...')
#3 D:\server\htdocs\Sisfomaru\system\View\View.php(246): include('D:\\server\\htdoc...')
#4 D:\server\htdocs\Sisfomaru\system\Common.php(1087): CodeIgniter\View\View->render('front/index', Array, true)
#5 D:\server\htdocs\Sisfomaru\app\Controllers\Pages.php(13): view('front/index')
#6 D:\server\htdocs\Sisfomaru\system\CodeIgniter.php(914): App\Controllers\Pages->index()
#7 D:\server\htdocs\Sisfomaru\system\CodeIgniter.php(400): CodeIgniter\CodeIgniter->runController(Object(App\Controllers\Pages))
#8 D:\server\htdocs\Sisfomaru\system\CodeIgniter.php(308): CodeIgniter\CodeIgniter->handleRequest(NULL, Object(Config\Cache), false)
#9 D:\server\htdocs\Sisfomaru\public\index.php(45): CodeIgniter\CodeIgniter->run()
#10 D:\server\htdocs\Sisfomaru\system\Commands\Server\rewrite.php(34): require_once('D:\\server\\htdoc...')
#11 {main}
CRITICAL - 2020-09-01 19:15:57 --> Access denied for user ''@'localhost' (using password: NO)
#0 D:\server\htdocs\Sisfomaru\system\Database\BaseConnection.php(377): CodeIgniter\Database\MySQLi\Connection->connect(false)
#1 D:\server\htdocs\Sisfomaru\system\Database\BaseConnection.php(643): CodeIgniter\Database\BaseConnection->initialize()
#2 D:\server\htdocs\Sisfomaru\app\Views\front\index.php(258): CodeIgniter\Database\BaseConnection->query('SELECT judul,in...')
#3 D:\server\htdocs\Sisfomaru\system\View\View.php(246): include('D:\\server\\htdoc...')
#4 D:\server\htdocs\Sisfomaru\system\Common.php(1087): CodeIgniter\View\View->render('front/index', Array, true)
#5 D:\server\htdocs\Sisfomaru\app\Controllers\Pages.php(13): view('front/index')
#6 D:\server\htdocs\Sisfomaru\system\CodeIgniter.php(914): App\Controllers\Pages->index()
#7 D:\server\htdocs\Sisfomaru\system\CodeIgniter.php(400): CodeIgniter\CodeIgniter->runController(Object(App\Controllers\Pages))
#8 D:\server\htdocs\Sisfomaru\system\CodeIgniter.php(308): CodeIgniter\CodeIgniter->handleRequest(NULL, Object(Config\Cache), false)
#9 D:\server\htdocs\Sisfomaru\public\index.php(45): CodeIgniter\CodeIgniter->run()
#10 D:\server\htdocs\Sisfomaru\system\Commands\Server\rewrite.php(34): require_once('D:\\server\\htdoc...')
#11 {main}
CRITICAL - 2020-09-01 19:21:26 --> Access denied for user ''@'localhost' (using password: NO)
#0 D:\server\htdocs\Sisfomaru\system\Database\BaseConnection.php(377): CodeIgniter\Database\MySQLi\Connection->connect(false)
#1 D:\server\htdocs\Sisfomaru\system\Database\BaseConnection.php(643): CodeIgniter\Database\BaseConnection->initialize()
#2 D:\server\htdocs\Sisfomaru\app\Views\front\index.php(258): CodeIgniter\Database\BaseConnection->query('SELECT judul,in...')
#3 D:\server\htdocs\Sisfomaru\system\View\View.php(246): include('D:\\server\\htdoc...')
#4 D:\server\htdocs\Sisfomaru\system\Common.php(1087): CodeIgniter\View\View->render('front/index', Array, true)
#5 D:\server\htdocs\Sisfomaru\app\Controllers\Pages.php(13): view('front/index')
#6 D:\server\htdocs\Sisfomaru\system\CodeIgniter.php(914): App\Controllers\Pages->index()
#7 D:\server\htdocs\Sisfomaru\system\CodeIgniter.php(400): CodeIgniter\CodeIgniter->runController(Object(App\Controllers\Pages))
#8 D:\server\htdocs\Sisfomaru\system\CodeIgniter.php(308): CodeIgniter\CodeIgniter->handleRequest(NULL, Object(Config\Cache), false)
#9 D:\server\htdocs\Sisfomaru\public\index.php(45): CodeIgniter\CodeIgniter->run()
#10 D:\server\htdocs\Sisfomaru\system\Commands\Server\rewrite.php(34): require_once('D:\\server\\htdoc...')
#11 {main}
CRITICAL - 2020-09-01 19:21:27 --> Access denied for user ''@'localhost' (using password: NO)
#0 D:\server\htdocs\Sisfomaru\system\Database\BaseConnection.php(377): CodeIgniter\Database\MySQLi\Connection->connect(false)
#1 D:\server\htdocs\Sisfomaru\system\Database\BaseConnection.php(643): CodeIgniter\Database\BaseConnection->initialize()
#2 D:\server\htdocs\Sisfomaru\app\Views\front\index.php(258): CodeIgniter\Database\BaseConnection->query('SELECT judul,in...')
#3 D:\server\htdocs\Sisfomaru\system\View\View.php(246): include('D:\\server\\htdoc...')
#4 D:\server\htdocs\Sisfomaru\system\Common.php(1087): CodeIgniter\View\View->render('front/index', Array, true)
#5 D:\server\htdocs\Sisfomaru\app\Controllers\Pages.php(13): view('front/index')
#6 D:\server\htdocs\Sisfomaru\system\CodeIgniter.php(914): App\Controllers\Pages->index()
#7 D:\server\htdocs\Sisfomaru\system\CodeIgniter.php(400): CodeIgniter\CodeIgniter->runController(Object(App\Controllers\Pages))
#8 D:\server\htdocs\Sisfomaru\system\CodeIgniter.php(308): CodeIgniter\CodeIgniter->handleRequest(NULL, Object(Config\Cache), false)
#9 D:\server\htdocs\Sisfomaru\public\index.php(45): CodeIgniter\CodeIgniter->run()
#10 D:\server\htdocs\Sisfomaru\system\Commands\Server\rewrite.php(34): require_once('D:\\server\\htdoc...')
#11 {main}
CRITICAL - 2020-09-01 19:21:28 --> Access denied for user ''@'localhost' (using password: NO)
#0 D:\server\htdocs\Sisfomaru\system\Database\BaseConnection.php(377): CodeIgniter\Database\MySQLi\Connection->connect(false)
#1 D:\server\htdocs\Sisfomaru\system\Database\BaseConnection.php(643): CodeIgniter\Database\BaseConnection->initialize()
#2 D:\server\htdocs\Sisfomaru\app\Views\front\index.php(258): CodeIgniter\Database\BaseConnection->query('SELECT judul,in...')
#3 D:\server\htdocs\Sisfomaru\system\View\View.php(246): include('D:\\server\\htdoc...')
#4 D:\server\htdocs\Sisfomaru\system\Common.php(1087): CodeIgniter\View\View->render('front/index', Array, true)
#5 D:\server\htdocs\Sisfomaru\app\Controllers\Pages.php(13): view('front/index')
#6 D:\server\htdocs\Sisfomaru\system\CodeIgniter.php(914): App\Controllers\Pages->index()
#7 D:\server\htdocs\Sisfomaru\system\CodeIgniter.php(400): CodeIgniter\CodeIgniter->runController(Object(App\Controllers\Pages))
#8 D:\server\htdocs\Sisfomaru\system\CodeIgniter.php(308): CodeIgniter\CodeIgniter->handleRequest(NULL, Object(Config\Cache), false)
#9 D:\server\htdocs\Sisfomaru\public\index.php(45): CodeIgniter\CodeIgniter->run()
#10 D:\server\htdocs\Sisfomaru\system\Commands\Server\rewrite.php(34): require_once('D:\\server\\htdoc...')
#11 {main}
CRITICAL - 2020-09-01 19:21:29 --> Access denied for user ''@'localhost' (using password: NO)
#0 D:\server\htdocs\Sisfomaru\system\Database\BaseConnection.php(377): CodeIgniter\Database\MySQLi\Connection->connect(false)
#1 D:\server\htdocs\Sisfomaru\system\Database\BaseConnection.php(643): CodeIgniter\Database\BaseConnection->initialize()
#2 D:\server\htdocs\Sisfomaru\app\Views\front\index.php(258): CodeIgniter\Database\BaseConnection->query('SELECT judul,in...')
#3 D:\server\htdocs\Sisfomaru\system\View\View.php(246): include('D:\\server\\htdoc...')
#4 D:\server\htdocs\Sisfomaru\system\Common.php(1087): CodeIgniter\View\View->render('front/index', Array, true)
#5 D:\server\htdocs\Sisfomaru\app\Controllers\Pages.php(13): view('front/index')
#6 D:\server\htdocs\Sisfomaru\system\CodeIgniter.php(914): App\Controllers\Pages->index()
#7 D:\server\htdocs\Sisfomaru\system\CodeIgniter.php(400): CodeIgniter\CodeIgniter->runController(Object(App\Controllers\Pages))
#8 D:\server\htdocs\Sisfomaru\system\CodeIgniter.php(308): CodeIgniter\CodeIgniter->handleRequest(NULL, Object(Config\Cache), false)
#9 D:\server\htdocs\Sisfomaru\public\index.php(45): CodeIgniter\CodeIgniter->run()
#10 D:\server\htdocs\Sisfomaru\system\Commands\Server\rewrite.php(34): require_once('D:\\server\\htdoc...')
#11 {main}
CRITICAL - 2020-09-01 19:21:29 --> Access denied for user ''@'localhost' (using password: NO)
#0 D:\server\htdocs\Sisfomaru\system\Database\BaseConnection.php(377): CodeIgniter\Database\MySQLi\Connection->connect(false)
#1 D:\server\htdocs\Sisfomaru\system\Database\BaseConnection.php(643): CodeIgniter\Database\BaseConnection->initialize()
#2 D:\server\htdocs\Sisfomaru\app\Views\front\index.php(258): CodeIgniter\Database\BaseConnection->query('SELECT judul,in...')
#3 D:\server\htdocs\Sisfomaru\system\View\View.php(246): include('D:\\server\\htdoc...')
#4 D:\server\htdocs\Sisfomaru\system\Common.php(1087): CodeIgniter\View\View->render('front/index', Array, true)
#5 D:\server\htdocs\Sisfomaru\app\Controllers\Pages.php(13): view('front/index')
#6 D:\server\htdocs\Sisfomaru\system\CodeIgniter.php(914): App\Controllers\Pages->index()
#7 D:\server\htdocs\Sisfomaru\system\CodeIgniter.php(400): CodeIgniter\CodeIgniter->runController(Object(App\Controllers\Pages))
#8 D:\server\htdocs\Sisfomaru\system\CodeIgniter.php(308): CodeIgniter\CodeIgniter->handleRequest(NULL, Object(Config\Cache), false)
#9 D:\server\htdocs\Sisfomaru\public\index.php(45): CodeIgniter\CodeIgniter->run()
#10 D:\server\htdocs\Sisfomaru\system\Commands\Server\rewrite.php(34): require_once('D:\\server\\htdoc...')
#11 {main}
CRITICAL - 2020-09-01 19:22:10 --> Access denied for user ''@'localhost' (using password: NO)
#0 D:\server\htdocs\Sisfomaru\system\Database\BaseConnection.php(377): CodeIgniter\Database\MySQLi\Connection->connect(false)
#1 D:\server\htdocs\Sisfomaru\system\Database\BaseConnection.php(643): CodeIgniter\Database\BaseConnection->initialize()
#2 D:\server\htdocs\Sisfomaru\app\Views\front\index.php(258): CodeIgniter\Database\BaseConnection->query('SELECT judul,in...')
#3 D:\server\htdocs\Sisfomaru\system\View\View.php(246): include('D:\\server\\htdoc...')
#4 D:\server\htdocs\Sisfomaru\system\Common.php(1087): CodeIgniter\View\View->render('front/index', Array, true)
#5 D:\server\htdocs\Sisfomaru\app\Controllers\Pages.php(13): view('front/index')
#6 D:\server\htdocs\Sisfomaru\system\CodeIgniter.php(914): App\Controllers\Pages->index()
#7 D:\server\htdocs\Sisfomaru\system\CodeIgniter.php(400): CodeIgniter\CodeIgniter->runController(Object(App\Controllers\Pages))
#8 D:\server\htdocs\Sisfomaru\system\CodeIgniter.php(308): CodeIgniter\CodeIgniter->handleRequest(NULL, Object(Config\Cache), false)
#9 D:\server\htdocs\Sisfomaru\public\index.php(45): CodeIgniter\CodeIgniter->run()
#10 D:\server\htdocs\Sisfomaru\system\Commands\Server\rewrite.php(34): require_once('D:\\server\\htdoc...')
#11 {main}
CRITICAL - 2020-09-01 19:24:16 --> syntax error, unexpected '?>'
#0 D:\server\htdocs\Sisfomaru\system\Common.php(1087): CodeIgniter\View\View->render('front/index', Array, true)
#1 D:\server\htdocs\Sisfomaru\app\Controllers\Pages.php(13): view('front/index')
#2 D:\server\htdocs\Sisfomaru\system\CodeIgniter.php(914): App\Controllers\Pages->index()
#3 D:\server\htdocs\Sisfomaru\system\CodeIgniter.php(400): CodeIgniter\CodeIgniter->runController(Object(App\Controllers\Pages))
#4 D:\server\htdocs\Sisfomaru\system\CodeIgniter.php(308): CodeIgniter\CodeIgniter->handleRequest(NULL, Object(Config\Cache), false)
#5 D:\server\htdocs\Sisfomaru\public\index.php(45): CodeIgniter\CodeIgniter->run()
#6 D:\server\htdocs\Sisfomaru\system\Commands\Server\rewrite.php(34): require_once('D:\\server\\htdoc...')
#7 {main}
CRITICAL - 2020-09-01 19:24:18 --> syntax error, unexpected '?>'
#0 D:\server\htdocs\Sisfomaru\system\Common.php(1087): CodeIgniter\View\View->render('front/index', Array, true)
#1 D:\server\htdocs\Sisfomaru\app\Controllers\Pages.php(13): view('front/index')
#2 D:\server\htdocs\Sisfomaru\system\CodeIgniter.php(914): App\Controllers\Pages->index()
#3 D:\server\htdocs\Sisfomaru\system\CodeIgniter.php(400): CodeIgniter\CodeIgniter->runController(Object(App\Controllers\Pages))
#4 D:\server\htdocs\Sisfomaru\system\CodeIgniter.php(308): CodeIgniter\CodeIgniter->handleRequest(NULL, Object(Config\Cache), false)
#5 D:\server\htdocs\Sisfomaru\public\index.php(45): CodeIgniter\CodeIgniter->run()
#6 D:\server\htdocs\Sisfomaru\system\Commands\Server\rewrite.php(34): require_once('D:\\server\\htdoc...')
#7 {main}
CRITICAL - 2020-09-01 19:24:46 --> syntax error, unexpected '?>'
#0 D:\server\htdocs\Sisfomaru\system\Common.php(1087): CodeIgniter\View\View->render('front/index', Array, true)
#1 D:\server\htdocs\Sisfomaru\app\Controllers\Pages.php(13): view('front/index')
#2 D:\server\htdocs\Sisfomaru\system\CodeIgniter.php(914): App\Controllers\Pages->index()
#3 D:\server\htdocs\Sisfomaru\system\CodeIgniter.php(400): CodeIgniter\CodeIgniter->runController(Object(App\Controllers\Pages))
#4 D:\server\htdocs\Sisfomaru\system\CodeIgniter.php(308): CodeIgniter\CodeIgniter->handleRequest(NULL, Object(Config\Cache), false)
#5 D:\server\htdocs\Sisfomaru\public\index.php(45): CodeIgniter\CodeIgniter->run()
#6 D:\server\htdocs\Sisfomaru\system\Commands\Server\rewrite.php(34): require_once('D:\\server\\htdoc...')
#7 {main}
CRITICAL - 2020-09-01 19:24:47 --> syntax error, unexpected '?>'
#0 D:\server\htdocs\Sisfomaru\system\Common.php(1087): CodeIgniter\View\View->render('front/index', Array, true)
#1 D:\server\htdocs\Sisfomaru\app\Controllers\Pages.php(13): view('front/index')
#2 D:\server\htdocs\Sisfomaru\system\CodeIgniter.php(914): App\Controllers\Pages->index()
#3 D:\server\htdocs\Sisfomaru\system\CodeIgniter.php(400): CodeIgniter\CodeIgniter->runController(Object(App\Controllers\Pages))
#4 D:\server\htdocs\Sisfomaru\system\CodeIgniter.php(308): CodeIgniter\CodeIgniter->handleRequest(NULL, Object(Config\Cache), false)
#5 D:\server\htdocs\Sisfomaru\public\index.php(45): CodeIgniter\CodeIgniter->run()
#6 D:\server\htdocs\Sisfomaru\system\Commands\Server\rewrite.php(34): require_once('D:\\server\\htdoc...')
#7 {main}
CRITICAL - 2020-09-01 19:24:59 --> syntax error, unexpected '?>'
#0 D:\server\htdocs\Sisfomaru\system\Common.php(1087): CodeIgniter\View\View->render('front/index', Array, true)
#1 D:\server\htdocs\Sisfomaru\app\Controllers\Pages.php(13): view('front/index')
#2 D:\server\htdocs\Sisfomaru\system\CodeIgniter.php(914): App\Controllers\Pages->index()
#3 D:\server\htdocs\Sisfomaru\system\CodeIgniter.php(400): CodeIgniter\CodeIgniter->runController(Object(App\Controllers\Pages))
#4 D:\server\htdocs\Sisfomaru\system\CodeIgniter.php(308): CodeIgniter\CodeIgniter->handleRequest(NULL, Object(Config\Cache), false)
#5 D:\server\htdocs\Sisfomaru\public\index.php(45): CodeIgniter\CodeIgniter->run()
#6 D:\server\htdocs\Sisfomaru\system\Commands\Server\rewrite.php(34): require_once('D:\\server\\htdoc...')
#7 {main}
CRITICAL - 2020-09-01 19:25:01 --> syntax error, unexpected '?>'
#0 D:\server\htdocs\Sisfomaru\system\Common.php(1087): CodeIgniter\View\View->render('front/index', Array, true)
#1 D:\server\htdocs\Sisfomaru\app\Controllers\Pages.php(13): view('front/index')
#2 D:\server\htdocs\Sisfomaru\system\CodeIgniter.php(914): App\Controllers\Pages->index()
#3 D:\server\htdocs\Sisfomaru\system\CodeIgniter.php(400): CodeIgniter\CodeIgniter->runController(Object(App\Controllers\Pages))
#4 D:\server\htdocs\Sisfomaru\system\CodeIgniter.php(308): CodeIgniter\CodeIgniter->handleRequest(NULL, Object(Config\Cache), false)
#5 D:\server\htdocs\Sisfomaru\public\index.php(45): CodeIgniter\CodeIgniter->run()
#6 D:\server\htdocs\Sisfomaru\system\Commands\Server\rewrite.php(34): require_once('D:\\server\\htdoc...')
#7 {main}
CRITICAL - 2020-09-01 19:25:19 --> syntax error, unexpected 'endforeach' (T_ENDFOREACH), expecting end of file
#0 D:\server\htdocs\Sisfomaru\system\Common.php(1087): CodeIgniter\View\View->render('front/index', Array, true)
#1 D:\server\htdocs\Sisfomaru\app\Controllers\Pages.php(13): view('front/index')
#2 D:\server\htdocs\Sisfomaru\system\CodeIgniter.php(914): App\Controllers\Pages->index()
#3 D:\server\htdocs\Sisfomaru\system\CodeIgniter.php(400): CodeIgniter\CodeIgniter->runController(Object(App\Controllers\Pages))
#4 D:\server\htdocs\Sisfomaru\system\CodeIgniter.php(308): CodeIgniter\CodeIgniter->handleRequest(NULL, Object(Config\Cache), false)
#5 D:\server\htdocs\Sisfomaru\public\index.php(45): CodeIgniter\CodeIgniter->run()
#6 D:\server\htdocs\Sisfomaru\system\Commands\Server\rewrite.php(34): require_once('D:\\server\\htdoc...')
#7 {main}
CRITICAL - 2020-09-01 19:25:30 --> Undefined variable: info
#0 D:\server\htdocs\Sisfomaru\app\Views\front\index.php(269): CodeIgniter\Debug\Exceptions->errorHandler(8, 'Undefined varia...', 'D:\\server\\htdoc...', 269, Array)
#1 D:\server\htdocs\Sisfomaru\system\View\View.php(246): include('D:\\server\\htdoc...')
#2 D:\server\htdocs\Sisfomaru\system\Common.php(1087): CodeIgniter\View\View->render('front/index', Array, true)
#3 D:\server\htdocs\Sisfomaru\app\Controllers\Pages.php(13): view('front/index')
#4 D:\server\htdocs\Sisfomaru\system\CodeIgniter.php(914): App\Controllers\Pages->index()
#5 D:\server\htdocs\Sisfomaru\system\CodeIgniter.php(400): CodeIgniter\CodeIgniter->runController(Object(App\Controllers\Pages))
#6 D:\server\htdocs\Sisfomaru\system\CodeIgniter.php(308): CodeIgniter\CodeIgniter->handleRequest(NULL, Object(Config\Cache), false)
#7 D:\server\htdocs\Sisfomaru\public\index.php(45): CodeIgniter\CodeIgniter->run()
#8 D:\server\htdocs\Sisfomaru\system\Commands\Server\rewrite.php(34): require_once('D:\\server\\htdoc...')
#9 {main}
CRITICAL - 2020-09-01 19:25:45 --> syntax error, unexpected '?>'
#0 D:\server\htdocs\Sisfomaru\system\Common.php(1087): CodeIgniter\View\View->render('front/index', Array, true)
#1 D:\server\htdocs\Sisfomaru\app\Controllers\Pages.php(13): view('front/index')
#2 D:\server\htdocs\Sisfomaru\system\CodeIgniter.php(914): App\Controllers\Pages->index()
#3 D:\server\htdocs\Sisfomaru\system\CodeIgniter.php(400): CodeIgniter\CodeIgniter->runController(Object(App\Controllers\Pages))
#4 D:\server\htdocs\Sisfomaru\system\CodeIgniter.php(308): CodeIgniter\CodeIgniter->handleRequest(NULL, Object(Config\Cache), false)
#5 D:\server\htdocs\Sisfomaru\public\index.php(45): CodeIgniter\CodeIgniter->run()
#6 D:\server\htdocs\Sisfomaru\system\Commands\Server\rewrite.php(34): require_once('D:\\server\\htdoc...')
#7 {main}
CRITICAL - 2020-09-01 19:26:50 --> Access denied for user ''@'localhost' (using password: NO)
#0 D:\server\htdocs\Sisfomaru\system\Database\BaseConnection.php(377): CodeIgniter\Database\MySQLi\Connection->connect(false)
#1 D:\server\htdocs\Sisfomaru\system\Database\BaseConnection.php(643): CodeIgniter\Database\BaseConnection->initialize()
#2 D:\server\htdocs\Sisfomaru\app\Views\front\index.php(258): CodeIgniter\Database\BaseConnection->query('SELECT judul,in...')
#3 D:\server\htdocs\Sisfomaru\system\View\View.php(246): include('D:\\server\\htdoc...')
#4 D:\server\htdocs\Sisfomaru\system\Common.php(1087): CodeIgniter\View\View->render('front/index', Array, true)
#5 D:\server\htdocs\Sisfomaru\app\Controllers\Pages.php(13): view('front/index')
#6 D:\server\htdocs\Sisfomaru\system\CodeIgniter.php(914): App\Controllers\Pages->index()
#7 D:\server\htdocs\Sisfomaru\system\CodeIgniter.php(400): CodeIgniter\CodeIgniter->runController(Object(App\Controllers\Pages))
#8 D:\server\htdocs\Sisfomaru\system\CodeIgniter.php(308): CodeIgniter\CodeIgniter->handleRequest(NULL, Object(Config\Cache), false)
#9 D:\server\htdocs\Sisfomaru\public\index.php(45): CodeIgniter\CodeIgniter->run()
#10 D:\server\htdocs\Sisfomaru\system\Commands\Server\rewrite.php(34): require_once('D:\\server\\htdoc...')
#11 {main}
CRITICAL - 2020-09-01 19:27:06 --> Access denied for user ''@'localhost' (using password: NO)
#0 D:\server\htdocs\Sisfomaru\system\Database\BaseConnection.php(377): CodeIgniter\Database\MySQLi\Connection->connect(false)
#1 D:\server\htdocs\Sisfomaru\system\Database\BaseConnection.php(643): CodeIgniter\Database\BaseConnection->initialize()
#2 D:\server\htdocs\Sisfomaru\app\Helpers\pmb_helper.php(16): CodeIgniter\Database\BaseConnection->query('SELECT * FROM u...')
#3 D:\server\htdocs\Sisfomaru\app\Controllers\Admin.php(16): is_logged_in()
#4 D:\server\htdocs\Sisfomaru\system\CodeIgniter.php(886): App\Controllers\Admin->__construct()
#5 D:\server\htdocs\Sisfomaru\system\CodeIgniter.php(395): CodeIgniter\CodeIgniter->createController()
#6 D:\server\htdocs\Sisfomaru\system\CodeIgniter.php(308): CodeIgniter\CodeIgniter->handleRequest(NULL, Object(Config\Cache), false)
#7 D:\server\htdocs\Sisfomaru\public\index.php(45): CodeIgniter\CodeIgniter->run()
#8 D:\server\htdocs\Sisfomaru\system\Commands\Server\rewrite.php(34): require_once('D:\\server\\htdoc...')
#9 {main}
