CRITICAL - 2020-09-06 03:53:07 --> Undefined variable: validation
#0 D:\Server\htdocs\Sisfomaru\app\Views\user\identitas\index.php(128): CodeIgniter\Debug\Exceptions->errorHandler(8, 'Undefined varia...', 'D:\\Server\\htdoc...', 128, Array)
#1 D:\Server\htdocs\Sisfomaru\system\View\View.php(246): include('D:\\Server\\htdoc...')
#2 D:\Server\htdocs\Sisfomaru\system\Common.php(1087): CodeIgniter\View\View->render('user/identitas/...', Array, true)
#3 D:\Server\htdocs\Sisfomaru\app\Controllers\User.php(48): view('user/identitas/...', Array)
#4 D:\Server\htdocs\Sisfomaru\system\CodeIgniter.php(914): App\Controllers\User->data_diri()
#5 D:\Server\htdocs\Sisfomaru\system\CodeIgniter.php(400): CodeIgniter\CodeIgniter->runController(Object(App\Controllers\User))
#6 D:\Server\htdocs\Sisfomaru\system\CodeIgniter.php(308): CodeIgniter\CodeIgniter->handleRequest(NULL, Object(Config\Cache), false)
#7 D:\Server\htdocs\Sisfomaru\public\index.php(45): CodeIgniter\CodeIgniter->run()
#8 D:\Server\htdocs\Sisfomaru\system\Commands\Server\rewrite.php(34): require_once('D:\\Server\\htdoc...')
#9 {main}
CRITICAL - 2020-09-06 04:15:51 --> Undefined variable: validation
#0 D:\Server\htdocs\Sisfomaru\app\Views\user\identitas\index.php(128): CodeIgniter\Debug\Exceptions->errorHandler(8, 'Undefined varia...', 'D:\\Server\\htdoc...', 128, Array)
#1 D:\Server\htdocs\Sisfomaru\system\View\View.php(246): include('D:\\Server\\htdoc...')
#2 D:\Server\htdocs\Sisfomaru\system\Common.php(1087): CodeIgniter\View\View->render('user/identitas/...', Array, true)
#3 D:\Server\htdocs\Sisfomaru\app\Controllers\User.php(48): view('user/identitas/...', Array)
#4 D:\Server\htdocs\Sisfomaru\system\CodeIgniter.php(914): App\Controllers\User->data_diri()
#5 D:\Server\htdocs\Sisfomaru\system\CodeIgniter.php(400): CodeIgniter\CodeIgniter->runController(Object(App\Controllers\User))
#6 D:\Server\htdocs\Sisfomaru\system\CodeIgniter.php(308): CodeIgniter\CodeIgniter->handleRequest(NULL, Object(Config\Cache), false)
#7 D:\Server\htdocs\Sisfomaru\public\index.php(45): CodeIgniter\CodeIgniter->run()
#8 D:\Server\htdocs\Sisfomaru\system\Commands\Server\rewrite.php(34): require_once('D:\\Server\\htdoc...')
#9 {main}
CRITICAL - 2020-09-06 04:15:52 --> Undefined variable: validation
#0 D:\Server\htdocs\Sisfomaru\app\Views\user\identitas\index.php(128): CodeIgniter\Debug\Exceptions->errorHandler(8, 'Undefined varia...', 'D:\\Server\\htdoc...', 128, Array)
#1 D:\Server\htdocs\Sisfomaru\system\View\View.php(246): include('D:\\Server\\htdoc...')
#2 D:\Server\htdocs\Sisfomaru\system\Common.php(1087): CodeIgniter\View\View->render('user/identitas/...', Array, true)
#3 D:\Server\htdocs\Sisfomaru\app\Controllers\User.php(48): view('user/identitas/...', Array)
#4 D:\Server\htdocs\Sisfomaru\system\CodeIgniter.php(914): App\Controllers\User->data_diri()
#5 D:\Server\htdocs\Sisfomaru\system\CodeIgniter.php(400): CodeIgniter\CodeIgniter->runController(Object(App\Controllers\User))
#6 D:\Server\htdocs\Sisfomaru\system\CodeIgniter.php(308): CodeIgniter\CodeIgniter->handleRequest(NULL, Object(Config\Cache), false)
#7 D:\Server\htdocs\Sisfomaru\public\index.php(45): CodeIgniter\CodeIgniter->run()
#8 D:\Server\htdocs\Sisfomaru\system\Commands\Server\rewrite.php(34): require_once('D:\\Server\\htdoc...')
#9 {main}
CRITICAL - 2020-09-06 05:07:23 --> Duplicate entry '9' for key 'PRIMARY'
#0 D:\Server\htdocs\Sisfomaru\system\Database\MySQLi\Connection.php(331): mysqli->query('UPDATE pendafta...')
#1 D:\Server\htdocs\Sisfomaru\system\Database\BaseConnection.php(738): CodeIgniter\Database\MySQLi\Connection->execute('UPDATE pendafta...')
#2 D:\Server\htdocs\Sisfomaru\system\Database\BaseConnection.php(666): CodeIgniter\Database\BaseConnection->simpleQuery('UPDATE pendafta...')
#3 D:\Server\htdocs\Sisfomaru\app\Controllers\Identitas.php(130): CodeIgniter\Database\BaseConnection->query('UPDATE pendafta...')
#4 D:\Server\htdocs\Sisfomaru\system\CodeIgniter.php(914): App\Controllers\Identitas->add()
#5 D:\Server\htdocs\Sisfomaru\system\CodeIgniter.php(400): CodeIgniter\CodeIgniter->runController(Object(App\Controllers\Identitas))
#6 D:\Server\htdocs\Sisfomaru\system\CodeIgniter.php(308): CodeIgniter\CodeIgniter->handleRequest(NULL, Object(Config\Cache), false)
#7 D:\Server\htdocs\Sisfomaru\public\index.php(45): CodeIgniter\CodeIgniter->run()
#8 D:\Server\htdocs\Sisfomaru\system\Commands\Server\rewrite.php(34): require_once('D:\\Server\\htdoc...')
#9 {main}
CRITICAL - 2020-09-06 10:31:22 --> syntax error, unexpected end of file, expecting elseif (T_ELSEIF) or else (T_ELSE) or endif (T_ENDIF)
#0 D:\Server\htdocs\Sisfomaru\system\Common.php(1087): CodeIgniter\View\View->render('user/identitas/...', Array, true)
#1 D:\Server\htdocs\Sisfomaru\app\Controllers\Identitas.php(162): view('user/identitas/...', Array)
#2 D:\Server\htdocs\Sisfomaru\system\CodeIgniter.php(914): App\Controllers\Identitas->edit('9')
#3 D:\Server\htdocs\Sisfomaru\system\CodeIgniter.php(400): CodeIgniter\CodeIgniter->runController(Object(App\Controllers\Identitas))
#4 D:\Server\htdocs\Sisfomaru\system\CodeIgniter.php(308): CodeIgniter\CodeIgniter->handleRequest(NULL, Object(Config\Cache), false)
#5 D:\Server\htdocs\Sisfomaru\public\index.php(45): CodeIgniter\CodeIgniter->run()
#6 D:\Server\htdocs\Sisfomaru\system\Commands\Server\rewrite.php(34): require_once('D:\\Server\\htdoc...')
#7 {main}
CRITICAL - 2020-09-06 10:40:16 --> Undefined index: tempat_lahir
#0 D:\Server\htdocs\Sisfomaru\app\Views\user\identitas\edit.php(143): CodeIgniter\Debug\Exceptions->errorHandler(8, 'Undefined index...', 'D:\\Server\\htdoc...', 143, Array)
#1 D:\Server\htdocs\Sisfomaru\system\View\View.php(246): include('D:\\Server\\htdoc...')
#2 D:\Server\htdocs\Sisfomaru\system\Common.php(1087): CodeIgniter\View\View->render('user/identitas/...', Array, true)
#3 D:\Server\htdocs\Sisfomaru\app\Controllers\Identitas.php(162): view('user/identitas/...', Array)
#4 D:\Server\htdocs\Sisfomaru\system\CodeIgniter.php(914): App\Controllers\Identitas->edit('9')
#5 D:\Server\htdocs\Sisfomaru\system\CodeIgniter.php(400): CodeIgniter\CodeIgniter->runController(Object(App\Controllers\Identitas))
#6 D:\Server\htdocs\Sisfomaru\system\CodeIgniter.php(308): CodeIgniter\CodeIgniter->handleRequest(NULL, Object(Config\Cache), false)
#7 D:\Server\htdocs\Sisfomaru\public\index.php(45): CodeIgniter\CodeIgniter->run()
#8 D:\Server\htdocs\Sisfomaru\system\Commands\Server\rewrite.php(34): require_once('D:\\Server\\htdoc...')
#9 {main}
CRITICAL - 2020-09-06 10:40:45 --> Unknown column 'assets' in 'where clause'
#0 D:\Server\htdocs\Sisfomaru\system\Database\MySQLi\Connection.php(331): mysqli->query('SELECT * FROM d...')
#1 D:\Server\htdocs\Sisfomaru\system\Database\BaseConnection.php(738): CodeIgniter\Database\MySQLi\Connection->execute('SELECT * FROM d...')
#2 D:\Server\htdocs\Sisfomaru\system\Database\BaseConnection.php(666): CodeIgniter\Database\BaseConnection->simpleQuery('SELECT * FROM d...')
#3 D:\Server\htdocs\Sisfomaru\app\Controllers\Identitas.php(159): CodeIgniter\Database\BaseConnection->query('SELECT * FROM d...')
#4 D:\Server\htdocs\Sisfomaru\system\CodeIgniter.php(914): App\Controllers\Identitas->edit('assets', 'js', 'style', 'js', 'plugins', 'pace.min.js')
#5 D:\Server\htdocs\Sisfomaru\system\CodeIgniter.php(400): CodeIgniter\CodeIgniter->runController(Object(App\Controllers\Identitas))
#6 D:\Server\htdocs\Sisfomaru\system\CodeIgniter.php(308): CodeIgniter\CodeIgniter->handleRequest(NULL, Object(Config\Cache), false)
#7 D:\Server\htdocs\Sisfomaru\public\index.php(45): CodeIgniter\CodeIgniter->run()
#8 D:\Server\htdocs\Sisfomaru\system\Commands\Server\rewrite.php(34): require_once('D:\\Server\\htdoc...')
#9 {main}
CRITICAL - 2020-09-06 10:40:45 --> Unknown column 'assets' in 'where clause'
#0 D:\Server\htdocs\Sisfomaru\system\Database\MySQLi\Connection.php(331): mysqli->query('SELECT * FROM d...')
#1 D:\Server\htdocs\Sisfomaru\system\Database\BaseConnection.php(738): CodeIgniter\Database\MySQLi\Connection->execute('SELECT * FROM d...')
#2 D:\Server\htdocs\Sisfomaru\system\Database\BaseConnection.php(666): CodeIgniter\Database\BaseConnection->simpleQuery('SELECT * FROM d...')
#3 D:\Server\htdocs\Sisfomaru\app\Controllers\Identitas.php(159): CodeIgniter\Database\BaseConnection->query('SELECT * FROM d...')
#4 D:\Server\htdocs\Sisfomaru\system\CodeIgniter.php(914): App\Controllers\Identitas->edit('assets', 'js', 'style', 'js', 'plugins', 'pace.min.js')
#5 D:\Server\htdocs\Sisfomaru\system\CodeIgniter.php(400): CodeIgniter\CodeIgniter->runController(Object(App\Controllers\Identitas))
#6 D:\Server\htdocs\Sisfomaru\system\CodeIgniter.php(308): CodeIgniter\CodeIgniter->handleRequest(NULL, Object(Config\Cache), false)
#7 D:\Server\htdocs\Sisfomaru\public\index.php(45): CodeIgniter\CodeIgniter->run()
#8 D:\Server\htdocs\Sisfomaru\system\Commands\Server\rewrite.php(34): require_once('D:\\Server\\htdoc...')
#9 {main}
CRITICAL - 2020-09-06 10:41:22 --> Unknown column 'assets' in 'where clause'
#0 D:\Server\htdocs\Sisfomaru\system\Database\MySQLi\Connection.php(331): mysqli->query('SELECT * FROM d...')
#1 D:\Server\htdocs\Sisfomaru\system\Database\BaseConnection.php(738): CodeIgniter\Database\MySQLi\Connection->execute('SELECT * FROM d...')
#2 D:\Server\htdocs\Sisfomaru\system\Database\BaseConnection.php(666): CodeIgniter\Database\BaseConnection->simpleQuery('SELECT * FROM d...')
#3 D:\Server\htdocs\Sisfomaru\app\Controllers\Identitas.php(159): CodeIgniter\Database\BaseConnection->query('SELECT * FROM d...')
#4 D:\Server\htdocs\Sisfomaru\system\CodeIgniter.php(914): App\Controllers\Identitas->edit('assets', 'js', 'style', 'js', 'plugins', 'pace.min.js')
#5 D:\Server\htdocs\Sisfomaru\system\CodeIgniter.php(400): CodeIgniter\CodeIgniter->runController(Object(App\Controllers\Identitas))
#6 D:\Server\htdocs\Sisfomaru\system\CodeIgniter.php(308): CodeIgniter\CodeIgniter->handleRequest(NULL, Object(Config\Cache), false)
#7 D:\Server\htdocs\Sisfomaru\public\index.php(45): CodeIgniter\CodeIgniter->run()
#8 D:\Server\htdocs\Sisfomaru\system\Commands\Server\rewrite.php(34): require_once('D:\\Server\\htdoc...')
#9 {main}
CRITICAL - 2020-09-06 10:41:22 --> Unknown column 'assets' in 'where clause'
#0 D:\Server\htdocs\Sisfomaru\system\Database\MySQLi\Connection.php(331): mysqli->query('SELECT * FROM d...')
#1 D:\Server\htdocs\Sisfomaru\system\Database\BaseConnection.php(738): CodeIgniter\Database\MySQLi\Connection->execute('SELECT * FROM d...')
#2 D:\Server\htdocs\Sisfomaru\system\Database\BaseConnection.php(666): CodeIgniter\Database\BaseConnection->simpleQuery('SELECT * FROM d...')
#3 D:\Server\htdocs\Sisfomaru\app\Controllers\Identitas.php(159): CodeIgniter\Database\BaseConnection->query('SELECT * FROM d...')
#4 D:\Server\htdocs\Sisfomaru\system\CodeIgniter.php(914): App\Controllers\Identitas->edit('assets', 'js', 'style', 'js', 'plugins', 'pace.min.js')
#5 D:\Server\htdocs\Sisfomaru\system\CodeIgniter.php(400): CodeIgniter\CodeIgniter->runController(Object(App\Controllers\Identitas))
#6 D:\Server\htdocs\Sisfomaru\system\CodeIgniter.php(308): CodeIgniter\CodeIgniter->handleRequest(NULL, Object(Config\Cache), false)
#7 D:\Server\htdocs\Sisfomaru\public\index.php(45): CodeIgniter\CodeIgniter->run()
#8 D:\Server\htdocs\Sisfomaru\system\Commands\Server\rewrite.php(34): require_once('D:\\Server\\htdoc...')
#9 {main}
CRITICAL - 2020-09-06 10:42:33 --> Unknown column 'assets' in 'where clause'
#0 D:\Server\htdocs\Sisfomaru\system\Database\MySQLi\Connection.php(331): mysqli->query('SELECT * FROM d...')
#1 D:\Server\htdocs\Sisfomaru\system\Database\BaseConnection.php(738): CodeIgniter\Database\MySQLi\Connection->execute('SELECT * FROM d...')
#2 D:\Server\htdocs\Sisfomaru\system\Database\BaseConnection.php(666): CodeIgniter\Database\BaseConnection->simpleQuery('SELECT * FROM d...')
#3 D:\Server\htdocs\Sisfomaru\app\Controllers\Identitas.php(159): CodeIgniter\Database\BaseConnection->query('SELECT * FROM d...')
#4 D:\Server\htdocs\Sisfomaru\system\CodeIgniter.php(914): App\Controllers\Identitas->edit('assets', 'js', 'style', 'js', 'plugins', 'pace.min.js')
#5 D:\Server\htdocs\Sisfomaru\system\CodeIgniter.php(400): CodeIgniter\CodeIgniter->runController(Object(App\Controllers\Identitas))
#6 D:\Server\htdocs\Sisfomaru\system\CodeIgniter.php(308): CodeIgniter\CodeIgniter->handleRequest(NULL, Object(Config\Cache), false)
#7 D:\Server\htdocs\Sisfomaru\public\index.php(45): CodeIgniter\CodeIgniter->run()
#8 D:\Server\htdocs\Sisfomaru\system\Commands\Server\rewrite.php(34): require_once('D:\\Server\\htdoc...')
#9 {main}
CRITICAL - 2020-09-06 10:42:33 --> Unknown column 'assets' in 'where clause'
#0 D:\Server\htdocs\Sisfomaru\system\Database\MySQLi\Connection.php(331): mysqli->query('SELECT * FROM d...')
#1 D:\Server\htdocs\Sisfomaru\system\Database\BaseConnection.php(738): CodeIgniter\Database\MySQLi\Connection->execute('SELECT * FROM d...')
#2 D:\Server\htdocs\Sisfomaru\system\Database\BaseConnection.php(666): CodeIgniter\Database\BaseConnection->simpleQuery('SELECT * FROM d...')
#3 D:\Server\htdocs\Sisfomaru\app\Controllers\Identitas.php(159): CodeIgniter\Database\BaseConnection->query('SELECT * FROM d...')
#4 D:\Server\htdocs\Sisfomaru\system\CodeIgniter.php(914): App\Controllers\Identitas->edit('assets', 'js', 'style', 'js', 'plugins', 'pace.min.js')
#5 D:\Server\htdocs\Sisfomaru\system\CodeIgniter.php(400): CodeIgniter\CodeIgniter->runController(Object(App\Controllers\Identitas))
#6 D:\Server\htdocs\Sisfomaru\system\CodeIgniter.php(308): CodeIgniter\CodeIgniter->handleRequest(NULL, Object(Config\Cache), false)
#7 D:\Server\htdocs\Sisfomaru\public\index.php(45): CodeIgniter\CodeIgniter->run()
#8 D:\Server\htdocs\Sisfomaru\system\Commands\Server\rewrite.php(34): require_once('D:\\Server\\htdoc...')
#9 {main}
CRITICAL - 2020-09-06 10:43:24 --> Unknown column 'assets' in 'where clause'
#0 D:\Server\htdocs\Sisfomaru\system\Database\MySQLi\Connection.php(331): mysqli->query('SELECT * FROM d...')
#1 D:\Server\htdocs\Sisfomaru\system\Database\BaseConnection.php(738): CodeIgniter\Database\MySQLi\Connection->execute('SELECT * FROM d...')
#2 D:\Server\htdocs\Sisfomaru\system\Database\BaseConnection.php(666): CodeIgniter\Database\BaseConnection->simpleQuery('SELECT * FROM d...')
#3 D:\Server\htdocs\Sisfomaru\app\Controllers\Identitas.php(159): CodeIgniter\Database\BaseConnection->query('SELECT * FROM d...')
#4 D:\Server\htdocs\Sisfomaru\system\CodeIgniter.php(914): App\Controllers\Identitas->edit('assets', 'js', 'style', 'js', 'plugins', 'pace.min.js')
#5 D:\Server\htdocs\Sisfomaru\system\CodeIgniter.php(400): CodeIgniter\CodeIgniter->runController(Object(App\Controllers\Identitas))
#6 D:\Server\htdocs\Sisfomaru\system\CodeIgniter.php(308): CodeIgniter\CodeIgniter->handleRequest(NULL, Object(Config\Cache), false)
#7 D:\Server\htdocs\Sisfomaru\public\index.php(45): CodeIgniter\CodeIgniter->run()
#8 D:\Server\htdocs\Sisfomaru\system\Commands\Server\rewrite.php(34): require_once('D:\\Server\\htdoc...')
#9 {main}
CRITICAL - 2020-09-06 10:43:25 --> Unknown column 'assets' in 'where clause'
#0 D:\Server\htdocs\Sisfomaru\system\Database\MySQLi\Connection.php(331): mysqli->query('SELECT * FROM d...')
#1 D:\Server\htdocs\Sisfomaru\system\Database\BaseConnection.php(738): CodeIgniter\Database\MySQLi\Connection->execute('SELECT * FROM d...')
#2 D:\Server\htdocs\Sisfomaru\system\Database\BaseConnection.php(666): CodeIgniter\Database\BaseConnection->simpleQuery('SELECT * FROM d...')
#3 D:\Server\htdocs\Sisfomaru\app\Controllers\Identitas.php(159): CodeIgniter\Database\BaseConnection->query('SELECT * FROM d...')
#4 D:\Server\htdocs\Sisfomaru\system\CodeIgniter.php(914): App\Controllers\Identitas->edit('assets', 'js', 'style', 'js', 'plugins', 'pace.min.js')
#5 D:\Server\htdocs\Sisfomaru\system\CodeIgniter.php(400): CodeIgniter\CodeIgniter->runController(Object(App\Controllers\Identitas))
#6 D:\Server\htdocs\Sisfomaru\system\CodeIgniter.php(308): CodeIgniter\CodeIgniter->handleRequest(NULL, Object(Config\Cache), false)
#7 D:\Server\htdocs\Sisfomaru\public\index.php(45): CodeIgniter\CodeIgniter->run()
#8 D:\Server\htdocs\Sisfomaru\system\Commands\Server\rewrite.php(34): require_once('D:\\Server\\htdoc...')
#9 {main}
CRITICAL - 2020-09-06 10:44:49 --> Unknown column 'assets' in 'where clause'
#0 D:\Server\htdocs\Sisfomaru\system\Database\MySQLi\Connection.php(331): mysqli->query('SELECT * FROM d...')
#1 D:\Server\htdocs\Sisfomaru\system\Database\BaseConnection.php(738): CodeIgniter\Database\MySQLi\Connection->execute('SELECT * FROM d...')
#2 D:\Server\htdocs\Sisfomaru\system\Database\BaseConnection.php(666): CodeIgniter\Database\BaseConnection->simpleQuery('SELECT * FROM d...')
#3 D:\Server\htdocs\Sisfomaru\app\Controllers\Identitas.php(159): CodeIgniter\Database\BaseConnection->query('SELECT * FROM d...')
#4 D:\Server\htdocs\Sisfomaru\system\CodeIgniter.php(914): App\Controllers\Identitas->edit('assets', 'js', 'style', 'js', 'plugins', 'pace.min.js')
#5 D:\Server\htdocs\Sisfomaru\system\CodeIgniter.php(400): CodeIgniter\CodeIgniter->runController(Object(App\Controllers\Identitas))
#6 D:\Server\htdocs\Sisfomaru\system\CodeIgniter.php(308): CodeIgniter\CodeIgniter->handleRequest(NULL, Object(Config\Cache), false)
#7 D:\Server\htdocs\Sisfomaru\public\index.php(45): CodeIgniter\CodeIgniter->run()
#8 D:\Server\htdocs\Sisfomaru\system\Commands\Server\rewrite.php(34): require_once('D:\\Server\\htdoc...')
#9 {main}
CRITICAL - 2020-09-06 10:44:49 --> Unknown column 'assets' in 'where clause'
#0 D:\Server\htdocs\Sisfomaru\system\Database\MySQLi\Connection.php(331): mysqli->query('SELECT * FROM d...')
#1 D:\Server\htdocs\Sisfomaru\system\Database\BaseConnection.php(738): CodeIgniter\Database\MySQLi\Connection->execute('SELECT * FROM d...')
#2 D:\Server\htdocs\Sisfomaru\system\Database\BaseConnection.php(666): CodeIgniter\Database\BaseConnection->simpleQuery('SELECT * FROM d...')
#3 D:\Server\htdocs\Sisfomaru\app\Controllers\Identitas.php(159): CodeIgniter\Database\BaseConnection->query('SELECT * FROM d...')
#4 D:\Server\htdocs\Sisfomaru\system\CodeIgniter.php(914): App\Controllers\Identitas->edit('assets', 'js', 'style', 'js', 'plugins', 'pace.min.js')
#5 D:\Server\htdocs\Sisfomaru\system\CodeIgniter.php(400): CodeIgniter\CodeIgniter->runController(Object(App\Controllers\Identitas))
#6 D:\Server\htdocs\Sisfomaru\system\CodeIgniter.php(308): CodeIgniter\CodeIgniter->handleRequest(NULL, Object(Config\Cache), false)
#7 D:\Server\htdocs\Sisfomaru\public\index.php(45): CodeIgniter\CodeIgniter->run()
#8 D:\Server\htdocs\Sisfomaru\system\Commands\Server\rewrite.php(34): require_once('D:\\Server\\htdoc...')
#9 {main}
CRITICAL - 2020-09-06 10:45:45 --> Unknown column 'assets' in 'where clause'
#0 D:\Server\htdocs\Sisfomaru\system\Database\MySQLi\Connection.php(331): mysqli->query('SELECT * FROM d...')
#1 D:\Server\htdocs\Sisfomaru\system\Database\BaseConnection.php(738): CodeIgniter\Database\MySQLi\Connection->execute('SELECT * FROM d...')
#2 D:\Server\htdocs\Sisfomaru\system\Database\BaseConnection.php(666): CodeIgniter\Database\BaseConnection->simpleQuery('SELECT * FROM d...')
#3 D:\Server\htdocs\Sisfomaru\app\Controllers\Identitas.php(159): CodeIgniter\Database\BaseConnection->query('SELECT * FROM d...')
#4 D:\Server\htdocs\Sisfomaru\system\CodeIgniter.php(914): App\Controllers\Identitas->edit('assets', 'js', 'style', 'js', 'plugins', 'pace.min.js')
#5 D:\Server\htdocs\Sisfomaru\system\CodeIgniter.php(400): CodeIgniter\CodeIgniter->runController(Object(App\Controllers\Identitas))
#6 D:\Server\htdocs\Sisfomaru\system\CodeIgniter.php(308): CodeIgniter\CodeIgniter->handleRequest(NULL, Object(Config\Cache), false)
#7 D:\Server\htdocs\Sisfomaru\public\index.php(45): CodeIgniter\CodeIgniter->run()
#8 D:\Server\htdocs\Sisfomaru\system\Commands\Server\rewrite.php(34): require_once('D:\\Server\\htdoc...')
#9 {main}
CRITICAL - 2020-09-06 10:45:45 --> Unknown column 'assets' in 'where clause'
#0 D:\Server\htdocs\Sisfomaru\system\Database\MySQLi\Connection.php(331): mysqli->query('SELECT * FROM d...')
#1 D:\Server\htdocs\Sisfomaru\system\Database\BaseConnection.php(738): CodeIgniter\Database\MySQLi\Connection->execute('SELECT * FROM d...')
#2 D:\Server\htdocs\Sisfomaru\system\Database\BaseConnection.php(666): CodeIgniter\Database\BaseConnection->simpleQuery('SELECT * FROM d...')
#3 D:\Server\htdocs\Sisfomaru\app\Controllers\Identitas.php(159): CodeIgniter\Database\BaseConnection->query('SELECT * FROM d...')
#4 D:\Server\htdocs\Sisfomaru\system\CodeIgniter.php(914): App\Controllers\Identitas->edit('assets', 'js', 'style', 'js', 'plugins', 'pace.min.js')
#5 D:\Server\htdocs\Sisfomaru\system\CodeIgniter.php(400): CodeIgniter\CodeIgniter->runController(Object(App\Controllers\Identitas))
#6 D:\Server\htdocs\Sisfomaru\system\CodeIgniter.php(308): CodeIgniter\CodeIgniter->handleRequest(NULL, Object(Config\Cache), false)
#7 D:\Server\htdocs\Sisfomaru\public\index.php(45): CodeIgniter\CodeIgniter->run()
#8 D:\Server\htdocs\Sisfomaru\system\Commands\Server\rewrite.php(34): require_once('D:\\Server\\htdoc...')
#9 {main}
CRITICAL - 2020-09-06 10:47:32 --> syntax error, unexpected '[', expecting variable (T_VARIABLE) or '{' or '$'
#0 D:\Server\htdocs\Sisfomaru\system\Common.php(1087): CodeIgniter\View\View->render('user/identitas/...', Array, true)
#1 D:\Server\htdocs\Sisfomaru\app\Controllers\Identitas.php(162): view('user/identitas/...', Array)
#2 D:\Server\htdocs\Sisfomaru\system\CodeIgniter.php(914): App\Controllers\Identitas->edit('9')
#3 D:\Server\htdocs\Sisfomaru\system\CodeIgniter.php(400): CodeIgniter\CodeIgniter->runController(Object(App\Controllers\Identitas))
#4 D:\Server\htdocs\Sisfomaru\system\CodeIgniter.php(308): CodeIgniter\CodeIgniter->handleRequest(NULL, Object(Config\Cache), false)
#5 D:\Server\htdocs\Sisfomaru\public\index.php(45): CodeIgniter\CodeIgniter->run()
#6 D:\Server\htdocs\Sisfomaru\system\Commands\Server\rewrite.php(34): require_once('D:\\Server\\htdoc...')
#7 {main}
CRITICAL - 2020-09-06 10:47:56 --> Unknown column 'assets' in 'where clause'
#0 D:\Server\htdocs\Sisfomaru\system\Database\MySQLi\Connection.php(331): mysqli->query('SELECT * FROM d...')
#1 D:\Server\htdocs\Sisfomaru\system\Database\BaseConnection.php(738): CodeIgniter\Database\MySQLi\Connection->execute('SELECT * FROM d...')
#2 D:\Server\htdocs\Sisfomaru\system\Database\BaseConnection.php(666): CodeIgniter\Database\BaseConnection->simpleQuery('SELECT * FROM d...')
#3 D:\Server\htdocs\Sisfomaru\app\Controllers\Identitas.php(159): CodeIgniter\Database\BaseConnection->query('SELECT * FROM d...')
#4 D:\Server\htdocs\Sisfomaru\system\CodeIgniter.php(914): App\Controllers\Identitas->edit('assets', 'js', 'style', 'js', 'plugins', 'pace.min.js')
#5 D:\Server\htdocs\Sisfomaru\system\CodeIgniter.php(400): CodeIgniter\CodeIgniter->runController(Object(App\Controllers\Identitas))
#6 D:\Server\htdocs\Sisfomaru\system\CodeIgniter.php(308): CodeIgniter\CodeIgniter->handleRequest(NULL, Object(Config\Cache), false)
#7 D:\Server\htdocs\Sisfomaru\public\index.php(45): CodeIgniter\CodeIgniter->run()
#8 D:\Server\htdocs\Sisfomaru\system\Commands\Server\rewrite.php(34): require_once('D:\\Server\\htdoc...')
#9 {main}
CRITICAL - 2020-09-06 10:47:56 --> Unknown column 'assets' in 'where clause'
#0 D:\Server\htdocs\Sisfomaru\system\Database\MySQLi\Connection.php(331): mysqli->query('SELECT * FROM d...')
#1 D:\Server\htdocs\Sisfomaru\system\Database\BaseConnection.php(738): CodeIgniter\Database\MySQLi\Connection->execute('SELECT * FROM d...')
#2 D:\Server\htdocs\Sisfomaru\system\Database\BaseConnection.php(666): CodeIgniter\Database\BaseConnection->simpleQuery('SELECT * FROM d...')
#3 D:\Server\htdocs\Sisfomaru\app\Controllers\Identitas.php(159): CodeIgniter\Database\BaseConnection->query('SELECT * FROM d...')
#4 D:\Server\htdocs\Sisfomaru\system\CodeIgniter.php(914): App\Controllers\Identitas->edit('assets', 'js', 'style', 'js', 'plugins', 'pace.min.js')
#5 D:\Server\htdocs\Sisfomaru\system\CodeIgniter.php(400): CodeIgniter\CodeIgniter->runController(Object(App\Controllers\Identitas))
#6 D:\Server\htdocs\Sisfomaru\system\CodeIgniter.php(308): CodeIgniter\CodeIgniter->handleRequest(NULL, Object(Config\Cache), false)
#7 D:\Server\htdocs\Sisfomaru\public\index.php(45): CodeIgniter\CodeIgniter->run()
#8 D:\Server\htdocs\Sisfomaru\system\Commands\Server\rewrite.php(34): require_once('D:\\Server\\htdoc...')
#9 {main}
CRITICAL - 2020-09-06 10:48:25 --> Unknown column 'assets' in 'where clause'
#0 D:\Server\htdocs\Sisfomaru\system\Database\MySQLi\Connection.php(331): mysqli->query('SELECT * FROM d...')
#1 D:\Server\htdocs\Sisfomaru\system\Database\BaseConnection.php(738): CodeIgniter\Database\MySQLi\Connection->execute('SELECT * FROM d...')
#2 D:\Server\htdocs\Sisfomaru\system\Database\BaseConnection.php(666): CodeIgniter\Database\BaseConnection->simpleQuery('SELECT * FROM d...')
#3 D:\Server\htdocs\Sisfomaru\app\Controllers\Identitas.php(159): CodeIgniter\Database\BaseConnection->query('SELECT * FROM d...')
#4 D:\Server\htdocs\Sisfomaru\system\CodeIgniter.php(914): App\Controllers\Identitas->edit('assets', 'js', 'style', 'js', 'plugins', 'pace.min.js')
#5 D:\Server\htdocs\Sisfomaru\system\CodeIgniter.php(400): CodeIgniter\CodeIgniter->runController(Object(App\Controllers\Identitas))
#6 D:\Server\htdocs\Sisfomaru\system\CodeIgniter.php(308): CodeIgniter\CodeIgniter->handleRequest(NULL, Object(Config\Cache), false)
#7 D:\Server\htdocs\Sisfomaru\public\index.php(45): CodeIgniter\CodeIgniter->run()
#8 D:\Server\htdocs\Sisfomaru\system\Commands\Server\rewrite.php(34): require_once('D:\\Server\\htdoc...')
#9 {main}
CRITICAL - 2020-09-06 10:48:25 --> Unknown column 'assets' in 'where clause'
#0 D:\Server\htdocs\Sisfomaru\system\Database\MySQLi\Connection.php(331): mysqli->query('SELECT * FROM d...')
#1 D:\Server\htdocs\Sisfomaru\system\Database\BaseConnection.php(738): CodeIgniter\Database\MySQLi\Connection->execute('SELECT * FROM d...')
#2 D:\Server\htdocs\Sisfomaru\system\Database\BaseConnection.php(666): CodeIgniter\Database\BaseConnection->simpleQuery('SELECT * FROM d...')
#3 D:\Server\htdocs\Sisfomaru\app\Controllers\Identitas.php(159): CodeIgniter\Database\BaseConnection->query('SELECT * FROM d...')
#4 D:\Server\htdocs\Sisfomaru\system\CodeIgniter.php(914): App\Controllers\Identitas->edit('assets', 'js', 'style', 'js', 'plugins', 'pace.min.js')
#5 D:\Server\htdocs\Sisfomaru\system\CodeIgniter.php(400): CodeIgniter\CodeIgniter->runController(Object(App\Controllers\Identitas))
#6 D:\Server\htdocs\Sisfomaru\system\CodeIgniter.php(308): CodeIgniter\CodeIgniter->handleRequest(NULL, Object(Config\Cache), false)
#7 D:\Server\htdocs\Sisfomaru\public\index.php(45): CodeIgniter\CodeIgniter->run()
#8 D:\Server\htdocs\Sisfomaru\system\Commands\Server\rewrite.php(34): require_once('D:\\Server\\htdoc...')
#9 {main}
CRITICAL - 2020-09-06 10:50:07 --> Unknown column 'assets' in 'where clause'
#0 D:\Server\htdocs\Sisfomaru\system\Database\MySQLi\Connection.php(331): mysqli->query('SELECT * FROM d...')
#1 D:\Server\htdocs\Sisfomaru\system\Database\BaseConnection.php(738): CodeIgniter\Database\MySQLi\Connection->execute('SELECT * FROM d...')
#2 D:\Server\htdocs\Sisfomaru\system\Database\BaseConnection.php(666): CodeIgniter\Database\BaseConnection->simpleQuery('SELECT * FROM d...')
#3 D:\Server\htdocs\Sisfomaru\app\Controllers\Identitas.php(159): CodeIgniter\Database\BaseConnection->query('SELECT * FROM d...')
#4 D:\Server\htdocs\Sisfomaru\system\CodeIgniter.php(914): App\Controllers\Identitas->edit('assets', 'js', 'style', 'js', 'plugins', 'pace.min.js')
#5 D:\Server\htdocs\Sisfomaru\system\CodeIgniter.php(400): CodeIgniter\CodeIgniter->runController(Object(App\Controllers\Identitas))
#6 D:\Server\htdocs\Sisfomaru\system\CodeIgniter.php(308): CodeIgniter\CodeIgniter->handleRequest(NULL, Object(Config\Cache), false)
#7 D:\Server\htdocs\Sisfomaru\public\index.php(45): CodeIgniter\CodeIgniter->run()
#8 D:\Server\htdocs\Sisfomaru\system\Commands\Server\rewrite.php(34): require_once('D:\\Server\\htdoc...')
#9 {main}
CRITICAL - 2020-09-06 10:50:07 --> Unknown column 'assets' in 'where clause'
#0 D:\Server\htdocs\Sisfomaru\system\Database\MySQLi\Connection.php(331): mysqli->query('SELECT * FROM d...')
#1 D:\Server\htdocs\Sisfomaru\system\Database\BaseConnection.php(738): CodeIgniter\Database\MySQLi\Connection->execute('SELECT * FROM d...')
#2 D:\Server\htdocs\Sisfomaru\system\Database\BaseConnection.php(666): CodeIgniter\Database\BaseConnection->simpleQuery('SELECT * FROM d...')
#3 D:\Server\htdocs\Sisfomaru\app\Controllers\Identitas.php(159): CodeIgniter\Database\BaseConnection->query('SELECT * FROM d...')
#4 D:\Server\htdocs\Sisfomaru\system\CodeIgniter.php(914): App\Controllers\Identitas->edit('assets', 'js', 'style', 'js', 'plugins', 'pace.min.js')
#5 D:\Server\htdocs\Sisfomaru\system\CodeIgniter.php(400): CodeIgniter\CodeIgniter->runController(Object(App\Controllers\Identitas))
#6 D:\Server\htdocs\Sisfomaru\system\CodeIgniter.php(308): CodeIgniter\CodeIgniter->handleRequest(NULL, Object(Config\Cache), false)
#7 D:\Server\htdocs\Sisfomaru\public\index.php(45): CodeIgniter\CodeIgniter->run()
#8 D:\Server\htdocs\Sisfomaru\system\Commands\Server\rewrite.php(34): require_once('D:\\Server\\htdoc...')
#9 {main}
CRITICAL - 2020-09-06 10:50:38 --> Unknown column 'assets' in 'where clause'
#0 D:\Server\htdocs\Sisfomaru\system\Database\MySQLi\Connection.php(331): mysqli->query('SELECT * FROM d...')
#1 D:\Server\htdocs\Sisfomaru\system\Database\BaseConnection.php(738): CodeIgniter\Database\MySQLi\Connection->execute('SELECT * FROM d...')
#2 D:\Server\htdocs\Sisfomaru\system\Database\BaseConnection.php(666): CodeIgniter\Database\BaseConnection->simpleQuery('SELECT * FROM d...')
#3 D:\Server\htdocs\Sisfomaru\app\Controllers\Identitas.php(159): CodeIgniter\Database\BaseConnection->query('SELECT * FROM d...')
#4 D:\Server\htdocs\Sisfomaru\system\CodeIgniter.php(914): App\Controllers\Identitas->edit('assets', 'js', 'style', 'js', 'plugins', 'pace.min.js')
#5 D:\Server\htdocs\Sisfomaru\system\CodeIgniter.php(400): CodeIgniter\CodeIgniter->runController(Object(App\Controllers\Identitas))
#6 D:\Server\htdocs\Sisfomaru\system\CodeIgniter.php(308): CodeIgniter\CodeIgniter->handleRequest(NULL, Object(Config\Cache), false)
#7 D:\Server\htdocs\Sisfomaru\public\index.php(45): CodeIgniter\CodeIgniter->run()
#8 D:\Server\htdocs\Sisfomaru\system\Commands\Server\rewrite.php(34): require_once('D:\\Server\\htdoc...')
#9 {main}
CRITICAL - 2020-09-06 10:50:39 --> Unknown column 'assets' in 'where clause'
#0 D:\Server\htdocs\Sisfomaru\system\Database\MySQLi\Connection.php(331): mysqli->query('SELECT * FROM d...')
#1 D:\Server\htdocs\Sisfomaru\system\Database\BaseConnection.php(738): CodeIgniter\Database\MySQLi\Connection->execute('SELECT * FROM d...')
#2 D:\Server\htdocs\Sisfomaru\system\Database\BaseConnection.php(666): CodeIgniter\Database\BaseConnection->simpleQuery('SELECT * FROM d...')
#3 D:\Server\htdocs\Sisfomaru\app\Controllers\Identitas.php(159): CodeIgniter\Database\BaseConnection->query('SELECT * FROM d...')
#4 D:\Server\htdocs\Sisfomaru\system\CodeIgniter.php(914): App\Controllers\Identitas->edit('assets', 'js', 'style', 'js', 'plugins', 'pace.min.js')
#5 D:\Server\htdocs\Sisfomaru\system\CodeIgniter.php(400): CodeIgniter\CodeIgniter->runController(Object(App\Controllers\Identitas))
#6 D:\Server\htdocs\Sisfomaru\system\CodeIgniter.php(308): CodeIgniter\CodeIgniter->handleRequest(NULL, Object(Config\Cache), false)
#7 D:\Server\htdocs\Sisfomaru\public\index.php(45): CodeIgniter\CodeIgniter->run()
#8 D:\Server\htdocs\Sisfomaru\system\Commands\Server\rewrite.php(34): require_once('D:\\Server\\htdoc...')
#9 {main}
CRITICAL - 2020-09-06 10:55:12 --> Illegal string offset 'prodi'
#0 D:\Server\htdocs\Sisfomaru\app\Views\user\identitas\edit.php(374): CodeIgniter\Debug\Exceptions->errorHandler(2, 'Illegal string ...', 'D:\\Server\\htdoc...', 374, Array)
#1 D:\Server\htdocs\Sisfomaru\system\View\View.php(246): include('D:\\Server\\htdoc...')
#2 D:\Server\htdocs\Sisfomaru\system\Common.php(1087): CodeIgniter\View\View->render('user/identitas/...', Array, true)
#3 D:\Server\htdocs\Sisfomaru\app\Controllers\Identitas.php(162): view('user/identitas/...', Array)
#4 D:\Server\htdocs\Sisfomaru\system\CodeIgniter.php(914): App\Controllers\Identitas->edit('9')
#5 D:\Server\htdocs\Sisfomaru\system\CodeIgniter.php(400): CodeIgniter\CodeIgniter->runController(Object(App\Controllers\Identitas))
#6 D:\Server\htdocs\Sisfomaru\system\CodeIgniter.php(308): CodeIgniter\CodeIgniter->handleRequest(NULL, Object(Config\Cache), false)
#7 D:\Server\htdocs\Sisfomaru\public\index.php(45): CodeIgniter\CodeIgniter->run()
#8 D:\Server\htdocs\Sisfomaru\system\Commands\Server\rewrite.php(34): require_once('D:\\Server\\htdoc...')
#9 {main}
CRITICAL - 2020-09-06 10:56:15 --> Illegal string offset 'kode_prodi'
#0 D:\Server\htdocs\Sisfomaru\app\Views\user\identitas\edit.php(369): CodeIgniter\Debug\Exceptions->errorHandler(2, 'Illegal string ...', 'D:\\Server\\htdoc...', 369, Array)
#1 D:\Server\htdocs\Sisfomaru\system\View\View.php(246): include('D:\\Server\\htdoc...')
#2 D:\Server\htdocs\Sisfomaru\system\Common.php(1087): CodeIgniter\View\View->render('user/identitas/...', Array, true)
#3 D:\Server\htdocs\Sisfomaru\app\Controllers\Identitas.php(162): view('user/identitas/...', Array)
#4 D:\Server\htdocs\Sisfomaru\system\CodeIgniter.php(914): App\Controllers\Identitas->edit('9')
#5 D:\Server\htdocs\Sisfomaru\system\CodeIgniter.php(400): CodeIgniter\CodeIgniter->runController(Object(App\Controllers\Identitas))
#6 D:\Server\htdocs\Sisfomaru\system\CodeIgniter.php(308): CodeIgniter\CodeIgniter->handleRequest(NULL, Object(Config\Cache), false)
#7 D:\Server\htdocs\Sisfomaru\public\index.php(45): CodeIgniter\CodeIgniter->run()
#8 D:\Server\htdocs\Sisfomaru\system\Commands\Server\rewrite.php(34): require_once('D:\\Server\\htdoc...')
#9 {main}
CRITICAL - 2020-09-06 10:56:16 --> Illegal string offset 'kode_prodi'
#0 D:\Server\htdocs\Sisfomaru\app\Views\user\identitas\edit.php(369): CodeIgniter\Debug\Exceptions->errorHandler(2, 'Illegal string ...', 'D:\\Server\\htdoc...', 369, Array)
#1 D:\Server\htdocs\Sisfomaru\system\View\View.php(246): include('D:\\Server\\htdoc...')
#2 D:\Server\htdocs\Sisfomaru\system\Common.php(1087): CodeIgniter\View\View->render('user/identitas/...', Array, true)
#3 D:\Server\htdocs\Sisfomaru\app\Controllers\Identitas.php(162): view('user/identitas/...', Array)
#4 D:\Server\htdocs\Sisfomaru\system\CodeIgniter.php(914): App\Controllers\Identitas->edit('9')
#5 D:\Server\htdocs\Sisfomaru\system\CodeIgniter.php(400): CodeIgniter\CodeIgniter->runController(Object(App\Controllers\Identitas))
#6 D:\Server\htdocs\Sisfomaru\system\CodeIgniter.php(308): CodeIgniter\CodeIgniter->handleRequest(NULL, Object(Config\Cache), false)
#7 D:\Server\htdocs\Sisfomaru\public\index.php(45): CodeIgniter\CodeIgniter->run()
#8 D:\Server\htdocs\Sisfomaru\system\Commands\Server\rewrite.php(34): require_once('D:\\Server\\htdoc...')
#9 {main}
CRITICAL - 2020-09-06 10:57:59 --> Unknown column 'assets' in 'where clause'
#0 D:\Server\htdocs\Sisfomaru\system\Database\MySQLi\Connection.php(331): mysqli->query('SELECT * FROM d...')
#1 D:\Server\htdocs\Sisfomaru\system\Database\BaseConnection.php(738): CodeIgniter\Database\MySQLi\Connection->execute('SELECT * FROM d...')
#2 D:\Server\htdocs\Sisfomaru\system\Database\BaseConnection.php(666): CodeIgniter\Database\BaseConnection->simpleQuery('SELECT * FROM d...')
#3 D:\Server\htdocs\Sisfomaru\app\Controllers\Identitas.php(159): CodeIgniter\Database\BaseConnection->query('SELECT * FROM d...')
#4 D:\Server\htdocs\Sisfomaru\system\CodeIgniter.php(914): App\Controllers\Identitas->edit('assets', 'js', 'style', 'js', 'plugins', 'pace.min.js')
#5 D:\Server\htdocs\Sisfomaru\system\CodeIgniter.php(400): CodeIgniter\CodeIgniter->runController(Object(App\Controllers\Identitas))
#6 D:\Server\htdocs\Sisfomaru\system\CodeIgniter.php(308): CodeIgniter\CodeIgniter->handleRequest(NULL, Object(Config\Cache), false)
#7 D:\Server\htdocs\Sisfomaru\public\index.php(45): CodeIgniter\CodeIgniter->run()
#8 D:\Server\htdocs\Sisfomaru\system\Commands\Server\rewrite.php(34): require_once('D:\\Server\\htdoc...')
#9 {main}
CRITICAL - 2020-09-06 10:58:00 --> Unknown column 'assets' in 'where clause'
#0 D:\Server\htdocs\Sisfomaru\system\Database\MySQLi\Connection.php(331): mysqli->query('SELECT * FROM d...')
#1 D:\Server\htdocs\Sisfomaru\system\Database\BaseConnection.php(738): CodeIgniter\Database\MySQLi\Connection->execute('SELECT * FROM d...')
#2 D:\Server\htdocs\Sisfomaru\system\Database\BaseConnection.php(666): CodeIgniter\Database\BaseConnection->simpleQuery('SELECT * FROM d...')
#3 D:\Server\htdocs\Sisfomaru\app\Controllers\Identitas.php(159): CodeIgniter\Database\BaseConnection->query('SELECT * FROM d...')
#4 D:\Server\htdocs\Sisfomaru\system\CodeIgniter.php(914): App\Controllers\Identitas->edit('assets', 'js', 'style', 'js', 'plugins', 'pace.min.js')
#5 D:\Server\htdocs\Sisfomaru\system\CodeIgniter.php(400): CodeIgniter\CodeIgniter->runController(Object(App\Controllers\Identitas))
#6 D:\Server\htdocs\Sisfomaru\system\CodeIgniter.php(308): CodeIgniter\CodeIgniter->handleRequest(NULL, Object(Config\Cache), false)
#7 D:\Server\htdocs\Sisfomaru\public\index.php(45): CodeIgniter\CodeIgniter->run()
#8 D:\Server\htdocs\Sisfomaru\system\Commands\Server\rewrite.php(34): require_once('D:\\Server\\htdoc...')
#9 {main}
CRITICAL - 2020-09-06 10:59:26 --> Unknown column 'assets' in 'where clause'
#0 D:\Server\htdocs\Sisfomaru\system\Database\MySQLi\Connection.php(331): mysqli->query('SELECT * FROM d...')
#1 D:\Server\htdocs\Sisfomaru\system\Database\BaseConnection.php(738): CodeIgniter\Database\MySQLi\Connection->execute('SELECT * FROM d...')
#2 D:\Server\htdocs\Sisfomaru\system\Database\BaseConnection.php(666): CodeIgniter\Database\BaseConnection->simpleQuery('SELECT * FROM d...')
#3 D:\Server\htdocs\Sisfomaru\app\Controllers\Identitas.php(159): CodeIgniter\Database\BaseConnection->query('SELECT * FROM d...')
#4 D:\Server\htdocs\Sisfomaru\system\CodeIgniter.php(914): App\Controllers\Identitas->edit('assets', 'js', 'style', 'js', 'plugins', 'pace.min.js')
#5 D:\Server\htdocs\Sisfomaru\system\CodeIgniter.php(400): CodeIgniter\CodeIgniter->runController(Object(App\Controllers\Identitas))
#6 D:\Server\htdocs\Sisfomaru\system\CodeIgniter.php(308): CodeIgniter\CodeIgniter->handleRequest(NULL, Object(Config\Cache), false)
#7 D:\Server\htdocs\Sisfomaru\public\index.php(45): CodeIgniter\CodeIgniter->run()
#8 D:\Server\htdocs\Sisfomaru\system\Commands\Server\rewrite.php(34): require_once('D:\\Server\\htdoc...')
#9 {main}
CRITICAL - 2020-09-06 10:59:26 --> Unknown column 'assets' in 'where clause'
#0 D:\Server\htdocs\Sisfomaru\system\Database\MySQLi\Connection.php(331): mysqli->query('SELECT * FROM d...')
#1 D:\Server\htdocs\Sisfomaru\system\Database\BaseConnection.php(738): CodeIgniter\Database\MySQLi\Connection->execute('SELECT * FROM d...')
#2 D:\Server\htdocs\Sisfomaru\system\Database\BaseConnection.php(666): CodeIgniter\Database\BaseConnection->simpleQuery('SELECT * FROM d...')
#3 D:\Server\htdocs\Sisfomaru\app\Controllers\Identitas.php(159): CodeIgniter\Database\BaseConnection->query('SELECT * FROM d...')
#4 D:\Server\htdocs\Sisfomaru\system\CodeIgniter.php(914): App\Controllers\Identitas->edit('assets', 'js', 'style', 'js', 'plugins', 'pace.min.js')
#5 D:\Server\htdocs\Sisfomaru\system\CodeIgniter.php(400): CodeIgniter\CodeIgniter->runController(Object(App\Controllers\Identitas))
#6 D:\Server\htdocs\Sisfomaru\system\CodeIgniter.php(308): CodeIgniter\CodeIgniter->handleRequest(NULL, Object(Config\Cache), false)
#7 D:\Server\htdocs\Sisfomaru\public\index.php(45): CodeIgniter\CodeIgniter->run()
#8 D:\Server\htdocs\Sisfomaru\system\Commands\Server\rewrite.php(34): require_once('D:\\Server\\htdoc...')
#9 {main}
CRITICAL - 2020-09-06 10:59:31 --> Unknown column 'assets' in 'where clause'
#0 D:\Server\htdocs\Sisfomaru\system\Database\MySQLi\Connection.php(331): mysqli->query('SELECT * FROM d...')
#1 D:\Server\htdocs\Sisfomaru\system\Database\BaseConnection.php(738): CodeIgniter\Database\MySQLi\Connection->execute('SELECT * FROM d...')
#2 D:\Server\htdocs\Sisfomaru\system\Database\BaseConnection.php(666): CodeIgniter\Database\BaseConnection->simpleQuery('SELECT * FROM d...')
#3 D:\Server\htdocs\Sisfomaru\app\Controllers\Identitas.php(159): CodeIgniter\Database\BaseConnection->query('SELECT * FROM d...')
#4 D:\Server\htdocs\Sisfomaru\system\CodeIgniter.php(914): App\Controllers\Identitas->edit('assets', 'js', 'style', 'js', 'plugins', 'pace.min.js')
#5 D:\Server\htdocs\Sisfomaru\system\CodeIgniter.php(400): CodeIgniter\CodeIgniter->runController(Object(App\Controllers\Identitas))
#6 D:\Server\htdocs\Sisfomaru\system\CodeIgniter.php(308): CodeIgniter\CodeIgniter->handleRequest(NULL, Object(Config\Cache), false)
#7 D:\Server\htdocs\Sisfomaru\public\index.php(45): CodeIgniter\CodeIgniter->run()
#8 D:\Server\htdocs\Sisfomaru\system\Commands\Server\rewrite.php(34): require_once('D:\\Server\\htdoc...')
#9 {main}
CRITICAL - 2020-09-06 10:59:31 --> Unknown column 'assets' in 'where clause'
#0 D:\Server\htdocs\Sisfomaru\system\Database\MySQLi\Connection.php(331): mysqli->query('SELECT * FROM d...')
#1 D:\Server\htdocs\Sisfomaru\system\Database\BaseConnection.php(738): CodeIgniter\Database\MySQLi\Connection->execute('SELECT * FROM d...')
#2 D:\Server\htdocs\Sisfomaru\system\Database\BaseConnection.php(666): CodeIgniter\Database\BaseConnection->simpleQuery('SELECT * FROM d...')
#3 D:\Server\htdocs\Sisfomaru\app\Controllers\Identitas.php(159): CodeIgniter\Database\BaseConnection->query('SELECT * FROM d...')
#4 D:\Server\htdocs\Sisfomaru\system\CodeIgniter.php(914): App\Controllers\Identitas->edit('assets', 'js', 'style', 'js', 'plugins', 'pace.min.js')
#5 D:\Server\htdocs\Sisfomaru\system\CodeIgniter.php(400): CodeIgniter\CodeIgniter->runController(Object(App\Controllers\Identitas))
#6 D:\Server\htdocs\Sisfomaru\system\CodeIgniter.php(308): CodeIgniter\CodeIgniter->handleRequest(NULL, Object(Config\Cache), false)
#7 D:\Server\htdocs\Sisfomaru\public\index.php(45): CodeIgniter\CodeIgniter->run()
#8 D:\Server\htdocs\Sisfomaru\system\Commands\Server\rewrite.php(34): require_once('D:\\Server\\htdoc...')
#9 {main}
CRITICAL - 2020-09-06 11:00:57 --> Unknown column 'assets' in 'where clause'
#0 D:\Server\htdocs\Sisfomaru\system\Database\MySQLi\Connection.php(331): mysqli->query('SELECT * FROM d...')
#1 D:\Server\htdocs\Sisfomaru\system\Database\BaseConnection.php(738): CodeIgniter\Database\MySQLi\Connection->execute('SELECT * FROM d...')
#2 D:\Server\htdocs\Sisfomaru\system\Database\BaseConnection.php(666): CodeIgniter\Database\BaseConnection->simpleQuery('SELECT * FROM d...')
#3 D:\Server\htdocs\Sisfomaru\app\Controllers\Identitas.php(159): CodeIgniter\Database\BaseConnection->query('SELECT * FROM d...')
#4 D:\Server\htdocs\Sisfomaru\system\CodeIgniter.php(914): App\Controllers\Identitas->edit('assets', 'js', 'style', 'js', 'plugins', 'pace.min.js')
#5 D:\Server\htdocs\Sisfomaru\system\CodeIgniter.php(400): CodeIgniter\CodeIgniter->runController(Object(App\Controllers\Identitas))
#6 D:\Server\htdocs\Sisfomaru\system\CodeIgniter.php(308): CodeIgniter\CodeIgniter->handleRequest(NULL, Object(Config\Cache), false)
#7 D:\Server\htdocs\Sisfomaru\public\index.php(45): CodeIgniter\CodeIgniter->run()
#8 D:\Server\htdocs\Sisfomaru\system\Commands\Server\rewrite.php(34): require_once('D:\\Server\\htdoc...')
#9 {main}
CRITICAL - 2020-09-06 11:00:57 --> Unknown column 'assets' in 'where clause'
#0 D:\Server\htdocs\Sisfomaru\system\Database\MySQLi\Connection.php(331): mysqli->query('SELECT * FROM d...')
#1 D:\Server\htdocs\Sisfomaru\system\Database\BaseConnection.php(738): CodeIgniter\Database\MySQLi\Connection->execute('SELECT * FROM d...')
#2 D:\Server\htdocs\Sisfomaru\system\Database\BaseConnection.php(666): CodeIgniter\Database\BaseConnection->simpleQuery('SELECT * FROM d...')
#3 D:\Server\htdocs\Sisfomaru\app\Controllers\Identitas.php(159): CodeIgniter\Database\BaseConnection->query('SELECT * FROM d...')
#4 D:\Server\htdocs\Sisfomaru\system\CodeIgniter.php(914): App\Controllers\Identitas->edit('assets', 'js', 'style', 'js', 'plugins', 'pace.min.js')
#5 D:\Server\htdocs\Sisfomaru\system\CodeIgniter.php(400): CodeIgniter\CodeIgniter->runController(Object(App\Controllers\Identitas))
#6 D:\Server\htdocs\Sisfomaru\system\CodeIgniter.php(308): CodeIgniter\CodeIgniter->handleRequest(NULL, Object(Config\Cache), false)
#7 D:\Server\htdocs\Sisfomaru\public\index.php(45): CodeIgniter\CodeIgniter->run()
#8 D:\Server\htdocs\Sisfomaru\system\Commands\Server\rewrite.php(34): require_once('D:\\Server\\htdoc...')
#9 {main}
CRITICAL - 2020-09-06 11:02:09 --> Unknown column 'assets' in 'where clause'
#0 D:\Server\htdocs\Sisfomaru\system\Database\MySQLi\Connection.php(331): mysqli->query('SELECT * FROM d...')
#1 D:\Server\htdocs\Sisfomaru\system\Database\BaseConnection.php(738): CodeIgniter\Database\MySQLi\Connection->execute('SELECT * FROM d...')
#2 D:\Server\htdocs\Sisfomaru\system\Database\BaseConnection.php(666): CodeIgniter\Database\BaseConnection->simpleQuery('SELECT * FROM d...')
#3 D:\Server\htdocs\Sisfomaru\app\Controllers\Identitas.php(159): CodeIgniter\Database\BaseConnection->query('SELECT * FROM d...')
#4 D:\Server\htdocs\Sisfomaru\system\CodeIgniter.php(914): App\Controllers\Identitas->edit('assets', 'js', 'style', 'js', 'plugins', 'pace.min.js')
#5 D:\Server\htdocs\Sisfomaru\system\CodeIgniter.php(400): CodeIgniter\CodeIgniter->runController(Object(App\Controllers\Identitas))
#6 D:\Server\htdocs\Sisfomaru\system\CodeIgniter.php(308): CodeIgniter\CodeIgniter->handleRequest(NULL, Object(Config\Cache), false)
#7 D:\Server\htdocs\Sisfomaru\public\index.php(45): CodeIgniter\CodeIgniter->run()
#8 D:\Server\htdocs\Sisfomaru\system\Commands\Server\rewrite.php(34): require_once('D:\\Server\\htdoc...')
#9 {main}
CRITICAL - 2020-09-06 11:02:09 --> Unknown column 'assets' in 'where clause'
#0 D:\Server\htdocs\Sisfomaru\system\Database\MySQLi\Connection.php(331): mysqli->query('SELECT * FROM d...')
#1 D:\Server\htdocs\Sisfomaru\system\Database\BaseConnection.php(738): CodeIgniter\Database\MySQLi\Connection->execute('SELECT * FROM d...')
#2 D:\Server\htdocs\Sisfomaru\system\Database\BaseConnection.php(666): CodeIgniter\Database\BaseConnection->simpleQuery('SELECT * FROM d...')
#3 D:\Server\htdocs\Sisfomaru\app\Controllers\Identitas.php(159): CodeIgniter\Database\BaseConnection->query('SELECT * FROM d...')
#4 D:\Server\htdocs\Sisfomaru\system\CodeIgniter.php(914): App\Controllers\Identitas->edit('assets', 'js', 'style', 'js', 'plugins', 'pace.min.js')
#5 D:\Server\htdocs\Sisfomaru\system\CodeIgniter.php(400): CodeIgniter\CodeIgniter->runController(Object(App\Controllers\Identitas))
#6 D:\Server\htdocs\Sisfomaru\system\CodeIgniter.php(308): CodeIgniter\CodeIgniter->handleRequest(NULL, Object(Config\Cache), false)
#7 D:\Server\htdocs\Sisfomaru\public\index.php(45): CodeIgniter\CodeIgniter->run()
#8 D:\Server\htdocs\Sisfomaru\system\Commands\Server\rewrite.php(34): require_once('D:\\Server\\htdoc...')
#9 {main}
CRITICAL - 2020-09-06 17:43:31 --> Undefined index: nik
#0 D:\Server\htdocs\Sisfomaru\app\Controllers\Identitas.php(169): CodeIgniter\Debug\Exceptions->errorHandler(8, 'Undefined index...', 'D:\\Server\\htdoc...', 169, Array)
#1 D:\Server\htdocs\Sisfomaru\system\CodeIgniter.php(914): App\Controllers\Identitas->update('9')
#2 D:\Server\htdocs\Sisfomaru\system\CodeIgniter.php(400): CodeIgniter\CodeIgniter->runController(Object(App\Controllers\Identitas))
#3 D:\Server\htdocs\Sisfomaru\system\CodeIgniter.php(308): CodeIgniter\CodeIgniter->handleRequest(NULL, Object(Config\Cache), false)
#4 D:\Server\htdocs\Sisfomaru\public\index.php(45): CodeIgniter\CodeIgniter->run()
#5 D:\Server\htdocs\Sisfomaru\system\Commands\Server\rewrite.php(34): require_once('D:\\Server\\htdoc...')
#6 {main}
CRITICAL - 2020-09-06 17:46:15 --> Function name must be a string
#0 D:\Server\htdocs\Sisfomaru\system\CodeIgniter.php(914): App\Controllers\Identitas->update('9')
#1 D:\Server\htdocs\Sisfomaru\system\CodeIgniter.php(400): CodeIgniter\CodeIgniter->runController(Object(App\Controllers\Identitas))
#2 D:\Server\htdocs\Sisfomaru\system\CodeIgniter.php(308): CodeIgniter\CodeIgniter->handleRequest(NULL, Object(Config\Cache), false)
#3 D:\Server\htdocs\Sisfomaru\public\index.php(45): CodeIgniter\CodeIgniter->run()
#4 D:\Server\htdocs\Sisfomaru\system\Commands\Server\rewrite.php(34): require_once('D:\\Server\\htdoc...')
#5 {main}
CRITICAL - 2020-09-06 17:47:01 --> Function name must be a string
#0 D:\Server\htdocs\Sisfomaru\system\CodeIgniter.php(914): App\Controllers\Identitas->update('9')
#1 D:\Server\htdocs\Sisfomaru\system\CodeIgniter.php(400): CodeIgniter\CodeIgniter->runController(Object(App\Controllers\Identitas))
#2 D:\Server\htdocs\Sisfomaru\system\CodeIgniter.php(308): CodeIgniter\CodeIgniter->handleRequest(NULL, Object(Config\Cache), false)
#3 D:\Server\htdocs\Sisfomaru\public\index.php(45): CodeIgniter\CodeIgniter->run()
#4 D:\Server\htdocs\Sisfomaru\system\Commands\Server\rewrite.php(34): require_once('D:\\Server\\htdoc...')
#5 {main}
CRITICAL - 2020-09-06 17:47:29 --> Function name must be a string
#0 D:\Server\htdocs\Sisfomaru\system\CodeIgniter.php(914): App\Controllers\Identitas->update('9')
#1 D:\Server\htdocs\Sisfomaru\system\CodeIgniter.php(400): CodeIgniter\CodeIgniter->runController(Object(App\Controllers\Identitas))
#2 D:\Server\htdocs\Sisfomaru\system\CodeIgniter.php(308): CodeIgniter\CodeIgniter->handleRequest(NULL, Object(Config\Cache), false)
#3 D:\Server\htdocs\Sisfomaru\public\index.php(45): CodeIgniter\CodeIgniter->run()
#4 D:\Server\htdocs\Sisfomaru\system\Commands\Server\rewrite.php(34): require_once('D:\\Server\\htdoc...')
#5 {main}
