CRITICAL - 2020-09-28 18:42:04 --> Undefined variable: data
#0 D:\server\htdocs\Sisfomaru\app\Views\user\upload\index.php(47): CodeIgniter\Debug\Exceptions->errorHandler(8, 'Undefined varia...', 'D:\\server\\htdoc...', 47, Array)
#1 D:\server\htdocs\Sisfomaru\system\View\View.php(246): include('D:\\server\\htdoc...')
#2 D:\server\htdocs\Sisfomaru\system\Common.php(1087): CodeIgniter\View\View->render('user/upload/ind...', Array, true)
#3 D:\server\htdocs\Sisfomaru\app\Controllers\User.php(50): view('user/upload/ind...', Array)
#4 D:\server\htdocs\Sisfomaru\system\CodeIgniter.php(914): App\Controllers\User->upload()
#5 D:\server\htdocs\Sisfomaru\system\CodeIgniter.php(400): CodeIgniter\CodeIgniter->runController(Object(App\Controllers\User))
#6 D:\server\htdocs\Sisfomaru\system\CodeIgniter.php(308): CodeIgniter\CodeIgniter->handleRequest(NULL, Object(Config\Cache), false)
#7 D:\server\htdocs\Sisfomaru\public\index.php(45): CodeIgniter\CodeIgniter->run()
#8 D:\server\htdocs\Sisfomaru\system\Commands\Server\rewrite.php(34): require_once('D:\\server\\htdoc...')
#9 {main}
CRITICAL - 2020-09-28 20:43:56 --> You have an error in your SQL syntax; check the manual that corresponds to your MySQL server version for the right syntax to use near ' pendaftar.no_pendaftaran
                                    FROM users 
    ' at line 3
#0 C:\laragon\www\Sisfomaru\system\Database\MySQLi\Connection.php(331): mysqli->query('SELECT users.id...')
#1 C:\laragon\www\Sisfomaru\system\Database\BaseConnection.php(738): CodeIgniter\Database\MySQLi\Connection->execute('SELECT users.id...')
#2 C:\laragon\www\Sisfomaru\system\Database\BaseConnection.php(666): CodeIgniter\Database\BaseConnection->simpleQuery('SELECT users.id...')
#3 C:\laragon\www\Sisfomaru\app\Views\user\dasboard\index.php(12): CodeIgniter\Database\BaseConnection->query('SELECT users.id...')
#4 C:\laragon\www\Sisfomaru\system\View\View.php(246): include('C:\\laragon\\www\\...')
#5 C:\laragon\www\Sisfomaru\system\Common.php(1087): CodeIgniter\View\View->render('user/dasboard/i...', Array, true)
#6 C:\laragon\www\Sisfomaru\app\Controllers\User.php(36): view('user/dasboard/i...', Array)
#7 C:\laragon\www\Sisfomaru\system\CodeIgniter.php(914): App\Controllers\User->index()
#8 C:\laragon\www\Sisfomaru\system\CodeIgniter.php(400): CodeIgniter\CodeIgniter->runController(Object(App\Controllers\User))
#9 C:\laragon\www\Sisfomaru\system\CodeIgniter.php(308): CodeIgniter\CodeIgniter->handleRequest(NULL, Object(Config\Cache), false)
#10 C:\laragon\www\Sisfomaru\public\index.php(45): CodeIgniter\CodeIgniter->run()
#11 C:\laragon\www\Sisfomaru\system\Commands\Server\rewrite.php(34): require_once('C:\\laragon\\www\\...')
#12 {main}
