CRITICAL - 2020-09-08 05:03:44 --> Duplicate entry '9' for key 'PRIMARY'
#0 D:\Server\htdocs\Sisfomaru\system\Database\MySQLi\Connection.php(331): mysqli->query('INSERT INTO `da...')
#1 D:\Server\htdocs\Sisfomaru\system\Database\BaseConnection.php(738): CodeIgniter\Database\MySQLi\Connection->execute('INSERT INTO `da...')
#2 D:\Server\htdocs\Sisfomaru\system\Database\BaseConnection.php(666): CodeIgniter\Database\BaseConnection->simpleQuery('INSERT INTO `da...')
#3 D:\Server\htdocs\Sisfomaru\system\Database\BaseBuilder.php(2234): CodeIgniter\Database\BaseConnection->query('INSERT INTO `da...', Array, false)
#4 D:\Server\htdocs\Sisfomaru\app\Controllers\Identitas.php(272): CodeIgniter\Database\BaseBuilder->insert(Array)
#5 D:\Server\htdocs\Sisfomaru\system\CodeIgniter.php(914): App\Controllers\Identitas->update('9')
#6 D:\Server\htdocs\Sisfomaru\system\CodeIgniter.php(400): CodeIgniter\CodeIgniter->runController(Object(App\Controllers\Identitas))
#7 D:\Server\htdocs\Sisfomaru\system\CodeIgniter.php(308): CodeIgniter\CodeIgniter->handleRequest(NULL, Object(Config\Cache), false)
#8 D:\Server\htdocs\Sisfomaru\public\index.php(45): CodeIgniter\CodeIgniter->run()
#9 D:\Server\htdocs\Sisfomaru\system\Commands\Server\rewrite.php(34): require_once('D:\\Server\\htdoc...')
#10 {main}
CRITICAL - 2020-09-08 05:05:04 --> Duplicate entry '9' for key 'PRIMARY'
#0 D:\Server\htdocs\Sisfomaru\system\Database\MySQLi\Connection.php(331): mysqli->query('INSERT INTO `da...')
#1 D:\Server\htdocs\Sisfomaru\system\Database\BaseConnection.php(738): CodeIgniter\Database\MySQLi\Connection->execute('INSERT INTO `da...')
#2 D:\Server\htdocs\Sisfomaru\system\Database\BaseConnection.php(666): CodeIgniter\Database\BaseConnection->simpleQuery('INSERT INTO `da...')
#3 D:\Server\htdocs\Sisfomaru\system\Database\BaseBuilder.php(2234): CodeIgniter\Database\BaseConnection->query('INSERT INTO `da...', Array, false)
#4 D:\Server\htdocs\Sisfomaru\app\Controllers\Identitas.php(271): CodeIgniter\Database\BaseBuilder->insert(Array)
#5 D:\Server\htdocs\Sisfomaru\system\CodeIgniter.php(914): App\Controllers\Identitas->update('9')
#6 D:\Server\htdocs\Sisfomaru\system\CodeIgniter.php(400): CodeIgniter\CodeIgniter->runController(Object(App\Controllers\Identitas))
#7 D:\Server\htdocs\Sisfomaru\system\CodeIgniter.php(308): CodeIgniter\CodeIgniter->handleRequest(NULL, Object(Config\Cache), false)
#8 D:\Server\htdocs\Sisfomaru\public\index.php(45): CodeIgniter\CodeIgniter->run()
#9 D:\Server\htdocs\Sisfomaru\system\Commands\Server\rewrite.php(34): require_once('D:\\Server\\htdoc...')
#10 {main}
CRITICAL - 2020-09-08 05:08:20 --> Duplicate entry '9' for key 'PRIMARY'
#0 D:\Server\htdocs\Sisfomaru\system\Database\MySQLi\Connection.php(331): mysqli->query('UPDATE `data_di...')
#1 D:\Server\htdocs\Sisfomaru\system\Database\BaseConnection.php(738): CodeIgniter\Database\MySQLi\Connection->execute('UPDATE `data_di...')
#2 D:\Server\htdocs\Sisfomaru\system\Database\BaseConnection.php(666): CodeIgniter\Database\BaseConnection->simpleQuery('UPDATE `data_di...')
#3 D:\Server\htdocs\Sisfomaru\system\Database\BaseBuilder.php(2441): CodeIgniter\Database\BaseConnection->query('UPDATE `data_di...', Array, false)
#4 D:\Server\htdocs\Sisfomaru\app\Controllers\Identitas.php(272): CodeIgniter\Database\BaseBuilder->update(Array)
#5 D:\Server\htdocs\Sisfomaru\system\CodeIgniter.php(914): App\Controllers\Identitas->update('9')
#6 D:\Server\htdocs\Sisfomaru\system\CodeIgniter.php(400): CodeIgniter\CodeIgniter->runController(Object(App\Controllers\Identitas))
#7 D:\Server\htdocs\Sisfomaru\system\CodeIgniter.php(308): CodeIgniter\CodeIgniter->handleRequest(NULL, Object(Config\Cache), false)
#8 D:\Server\htdocs\Sisfomaru\public\index.php(45): CodeIgniter\CodeIgniter->run()
#9 D:\Server\htdocs\Sisfomaru\system\Commands\Server\rewrite.php(34): require_once('D:\\Server\\htdoc...')
#10 {main}
CRITICAL - 2020-09-08 05:08:47 --> Duplicate entry '9' for key 'PRIMARY'
#0 D:\Server\htdocs\Sisfomaru\system\Database\MySQLi\Connection.php(331): mysqli->query('UPDATE `data_di...')
#1 D:\Server\htdocs\Sisfomaru\system\Database\BaseConnection.php(738): CodeIgniter\Database\MySQLi\Connection->execute('UPDATE `data_di...')
#2 D:\Server\htdocs\Sisfomaru\system\Database\BaseConnection.php(666): CodeIgniter\Database\BaseConnection->simpleQuery('UPDATE `data_di...')
#3 D:\Server\htdocs\Sisfomaru\system\Database\BaseBuilder.php(2441): CodeIgniter\Database\BaseConnection->query('UPDATE `data_di...', Array, false)
#4 D:\Server\htdocs\Sisfomaru\app\Controllers\Identitas.php(271): CodeIgniter\Database\BaseBuilder->update(Array)
#5 D:\Server\htdocs\Sisfomaru\system\CodeIgniter.php(914): App\Controllers\Identitas->update('9')
#6 D:\Server\htdocs\Sisfomaru\system\CodeIgniter.php(400): CodeIgniter\CodeIgniter->runController(Object(App\Controllers\Identitas))
#7 D:\Server\htdocs\Sisfomaru\system\CodeIgniter.php(308): CodeIgniter\CodeIgniter->handleRequest(NULL, Object(Config\Cache), false)
#8 D:\Server\htdocs\Sisfomaru\public\index.php(45): CodeIgniter\CodeIgniter->run()
#9 D:\Server\htdocs\Sisfomaru\system\Commands\Server\rewrite.php(34): require_once('D:\\Server\\htdoc...')
#10 {main}
CRITICAL - 2020-09-08 05:09:37 --> Call to a member function getWhere() on bool
#0 D:\Server\htdocs\Sisfomaru\system\CodeIgniter.php(914): App\Controllers\Identitas->update('9')
#1 D:\Server\htdocs\Sisfomaru\system\CodeIgniter.php(400): CodeIgniter\CodeIgniter->runController(Object(App\Controllers\Identitas))
#2 D:\Server\htdocs\Sisfomaru\system\CodeIgniter.php(308): CodeIgniter\CodeIgniter->handleRequest(NULL, Object(Config\Cache), false)
#3 D:\Server\htdocs\Sisfomaru\public\index.php(45): CodeIgniter\CodeIgniter->run()
#4 D:\Server\htdocs\Sisfomaru\system\Commands\Server\rewrite.php(34): require_once('D:\\Server\\htdoc...')
#5 {main}
CRITICAL - 2020-09-08 05:09:55 --> Call to a member function WHERE() on bool
#0 D:\Server\htdocs\Sisfomaru\system\CodeIgniter.php(914): App\Controllers\Identitas->update('9')
#1 D:\Server\htdocs\Sisfomaru\system\CodeIgniter.php(400): CodeIgniter\CodeIgniter->runController(Object(App\Controllers\Identitas))
#2 D:\Server\htdocs\Sisfomaru\system\CodeIgniter.php(308): CodeIgniter\CodeIgniter->handleRequest(NULL, Object(Config\Cache), false)
#3 D:\Server\htdocs\Sisfomaru\public\index.php(45): CodeIgniter\CodeIgniter->run()
#4 D:\Server\htdocs\Sisfomaru\system\Commands\Server\rewrite.php(34): require_once('D:\\Server\\htdoc...')
#5 {main}
CRITICAL - 2020-09-08 05:09:59 --> Call to a member function WHERE() on bool
#0 D:\Server\htdocs\Sisfomaru\system\CodeIgniter.php(914): App\Controllers\Identitas->update('9')
#1 D:\Server\htdocs\Sisfomaru\system\CodeIgniter.php(400): CodeIgniter\CodeIgniter->runController(Object(App\Controllers\Identitas))
#2 D:\Server\htdocs\Sisfomaru\system\CodeIgniter.php(308): CodeIgniter\CodeIgniter->handleRequest(NULL, Object(Config\Cache), false)
#3 D:\Server\htdocs\Sisfomaru\public\index.php(45): CodeIgniter\CodeIgniter->run()
#4 D:\Server\htdocs\Sisfomaru\system\Commands\Server\rewrite.php(34): require_once('D:\\Server\\htdoc...')
#5 {main}
CRITICAL - 2020-09-08 05:13:24 --> Call to a member function where() on bool
#0 D:\Server\htdocs\Sisfomaru\system\CodeIgniter.php(914): App\Controllers\Identitas->update('9')
#1 D:\Server\htdocs\Sisfomaru\system\CodeIgniter.php(400): CodeIgniter\CodeIgniter->runController(Object(App\Controllers\Identitas))
#2 D:\Server\htdocs\Sisfomaru\system\CodeIgniter.php(308): CodeIgniter\CodeIgniter->handleRequest(NULL, Object(Config\Cache), false)
#3 D:\Server\htdocs\Sisfomaru\public\index.php(45): CodeIgniter\CodeIgniter->run()
#4 D:\Server\htdocs\Sisfomaru\system\Commands\Server\rewrite.php(34): require_once('D:\\Server\\htdoc...')
#5 {main}
CRITICAL - 2020-09-08 05:14:15 --> Duplicate entry '9' for key 'PRIMARY'
#0 D:\Server\htdocs\Sisfomaru\system\Database\MySQLi\Connection.php(331): mysqli->query('UPDATE `data_di...')
#1 D:\Server\htdocs\Sisfomaru\system\Database\BaseConnection.php(738): CodeIgniter\Database\MySQLi\Connection->execute('UPDATE `data_di...')
#2 D:\Server\htdocs\Sisfomaru\system\Database\BaseConnection.php(666): CodeIgniter\Database\BaseConnection->simpleQuery('UPDATE `data_di...')
#3 D:\Server\htdocs\Sisfomaru\system\Database\BaseBuilder.php(2441): CodeIgniter\Database\BaseConnection->query('UPDATE `data_di...', Array, false)
#4 D:\Server\htdocs\Sisfomaru\app\Controllers\Identitas.php(271): CodeIgniter\Database\BaseBuilder->update(Array)
#5 D:\Server\htdocs\Sisfomaru\system\CodeIgniter.php(914): App\Controllers\Identitas->update('9')
#6 D:\Server\htdocs\Sisfomaru\system\CodeIgniter.php(400): CodeIgniter\CodeIgniter->runController(Object(App\Controllers\Identitas))
#7 D:\Server\htdocs\Sisfomaru\system\CodeIgniter.php(308): CodeIgniter\CodeIgniter->handleRequest(NULL, Object(Config\Cache), false)
#8 D:\Server\htdocs\Sisfomaru\public\index.php(45): CodeIgniter\CodeIgniter->run()
#9 D:\Server\htdocs\Sisfomaru\system\Commands\Server\rewrite.php(34): require_once('D:\\Server\\htdoc...')
#10 {main}
CRITICAL - 2020-09-08 05:24:26 --> Call to a member function where() on string
#0 D:\Server\htdocs\Sisfomaru\system\CodeIgniter.php(914): App\Controllers\Identitas->update('9')
#1 D:\Server\htdocs\Sisfomaru\system\CodeIgniter.php(400): CodeIgniter\CodeIgniter->runController(Object(App\Controllers\Identitas))
#2 D:\Server\htdocs\Sisfomaru\system\CodeIgniter.php(308): CodeIgniter\CodeIgniter->handleRequest(NULL, Object(Config\Cache), false)
#3 D:\Server\htdocs\Sisfomaru\public\index.php(45): CodeIgniter\CodeIgniter->run()
#4 D:\Server\htdocs\Sisfomaru\system\Commands\Server\rewrite.php(34): require_once('D:\\Server\\htdoc...')
#5 {main}
CRITICAL - 2020-09-08 05:27:15 --> Duplicate entry '9' for key 'PRIMARY'
#0 D:\Server\htdocs\Sisfomaru\system\Database\MySQLi\Connection.php(331): mysqli->query('UPDATE `data_di...')
#1 D:\Server\htdocs\Sisfomaru\system\Database\BaseConnection.php(738): CodeIgniter\Database\MySQLi\Connection->execute('UPDATE `data_di...')
#2 D:\Server\htdocs\Sisfomaru\system\Database\BaseConnection.php(666): CodeIgniter\Database\BaseConnection->simpleQuery('UPDATE `data_di...')
#3 D:\Server\htdocs\Sisfomaru\system\Database\BaseBuilder.php(2441): CodeIgniter\Database\BaseConnection->query('UPDATE `data_di...', Array, false)
#4 D:\Server\htdocs\Sisfomaru\app\Controllers\Identitas.php(271): CodeIgniter\Database\BaseBuilder->update(Array)
#5 D:\Server\htdocs\Sisfomaru\system\CodeIgniter.php(914): App\Controllers\Identitas->update('9')
#6 D:\Server\htdocs\Sisfomaru\system\CodeIgniter.php(400): CodeIgniter\CodeIgniter->runController(Object(App\Controllers\Identitas))
#7 D:\Server\htdocs\Sisfomaru\system\CodeIgniter.php(308): CodeIgniter\CodeIgniter->handleRequest(NULL, Object(Config\Cache), false)
#8 D:\Server\htdocs\Sisfomaru\public\index.php(45): CodeIgniter\CodeIgniter->run()
#9 D:\Server\htdocs\Sisfomaru\system\Commands\Server\rewrite.php(34): require_once('D:\\Server\\htdoc...')
#10 {main}
CRITICAL - 2020-09-08 05:28:51 --> Call to a member function getWhere() on bool
#0 D:\Server\htdocs\Sisfomaru\system\CodeIgniter.php(914): App\Controllers\Identitas->update('9')
#1 D:\Server\htdocs\Sisfomaru\system\CodeIgniter.php(400): CodeIgniter\CodeIgniter->runController(Object(App\Controllers\Identitas))
#2 D:\Server\htdocs\Sisfomaru\system\CodeIgniter.php(308): CodeIgniter\CodeIgniter->handleRequest(NULL, Object(Config\Cache), false)
#3 D:\Server\htdocs\Sisfomaru\public\index.php(45): CodeIgniter\CodeIgniter->run()
#4 D:\Server\htdocs\Sisfomaru\system\Commands\Server\rewrite.php(34): require_once('D:\\Server\\htdoc...')
#5 {main}
CRITICAL - 2020-09-08 05:30:26 --> Call to a member function getWhere() on bool
#0 D:\Server\htdocs\Sisfomaru\system\CodeIgniter.php(914): App\Controllers\Identitas->update('9')
#1 D:\Server\htdocs\Sisfomaru\system\CodeIgniter.php(400): CodeIgniter\CodeIgniter->runController(Object(App\Controllers\Identitas))
#2 D:\Server\htdocs\Sisfomaru\system\CodeIgniter.php(308): CodeIgniter\CodeIgniter->handleRequest(NULL, Object(Config\Cache), false)
#3 D:\Server\htdocs\Sisfomaru\public\index.php(45): CodeIgniter\CodeIgniter->run()
#4 D:\Server\htdocs\Sisfomaru\system\Commands\Server\rewrite.php(34): require_once('D:\\Server\\htdoc...')
#5 {main}
CRITICAL - 2020-09-08 05:31:23 --> Call to a member function Where() on bool
#0 D:\Server\htdocs\Sisfomaru\system\CodeIgniter.php(914): App\Controllers\Identitas->update('9')
#1 D:\Server\htdocs\Sisfomaru\system\CodeIgniter.php(400): CodeIgniter\CodeIgniter->runController(Object(App\Controllers\Identitas))
#2 D:\Server\htdocs\Sisfomaru\system\CodeIgniter.php(308): CodeIgniter\CodeIgniter->handleRequest(NULL, Object(Config\Cache), false)
#3 D:\Server\htdocs\Sisfomaru\public\index.php(45): CodeIgniter\CodeIgniter->run()
#4 D:\Server\htdocs\Sisfomaru\system\Commands\Server\rewrite.php(34): require_once('D:\\Server\\htdoc...')
#5 {main}
CRITICAL - 2020-09-08 05:33:46 --> Call to a member function WHERE() on bool
#0 D:\Server\htdocs\Sisfomaru\system\CodeIgniter.php(914): App\Controllers\Identitas->update('9')
#1 D:\Server\htdocs\Sisfomaru\system\CodeIgniter.php(400): CodeIgniter\CodeIgniter->runController(Object(App\Controllers\Identitas))
#2 D:\Server\htdocs\Sisfomaru\system\CodeIgniter.php(308): CodeIgniter\CodeIgniter->handleRequest(NULL, Object(Config\Cache), false)
#3 D:\Server\htdocs\Sisfomaru\public\index.php(45): CodeIgniter\CodeIgniter->run()
#4 D:\Server\htdocs\Sisfomaru\system\Commands\Server\rewrite.php(34): require_once('D:\\Server\\htdoc...')
#5 {main}
CRITICAL - 2020-09-08 05:38:25 --> Duplicate entry '9' for key 'PRIMARY'
#0 D:\Server\htdocs\Sisfomaru\system\Database\MySQLi\Connection.php(331): mysqli->query('UPDATE `data_di...')
#1 D:\Server\htdocs\Sisfomaru\system\Database\BaseConnection.php(738): CodeIgniter\Database\MySQLi\Connection->execute('UPDATE `data_di...')
#2 D:\Server\htdocs\Sisfomaru\system\Database\BaseConnection.php(666): CodeIgniter\Database\BaseConnection->simpleQuery('UPDATE `data_di...')
#3 D:\Server\htdocs\Sisfomaru\system\Database\BaseBuilder.php(2441): CodeIgniter\Database\BaseConnection->query('UPDATE `data_di...', Array, false)
#4 D:\Server\htdocs\Sisfomaru\app\Controllers\Identitas.php(273): CodeIgniter\Database\BaseBuilder->update(Array)
#5 D:\Server\htdocs\Sisfomaru\system\CodeIgniter.php(914): App\Controllers\Identitas->update('9')
#6 D:\Server\htdocs\Sisfomaru\system\CodeIgniter.php(400): CodeIgniter\CodeIgniter->runController(Object(App\Controllers\Identitas))
#7 D:\Server\htdocs\Sisfomaru\system\CodeIgniter.php(308): CodeIgniter\CodeIgniter->handleRequest(NULL, Object(Config\Cache), false)
#8 D:\Server\htdocs\Sisfomaru\public\index.php(45): CodeIgniter\CodeIgniter->run()
#9 D:\Server\htdocs\Sisfomaru\system\Commands\Server\rewrite.php(34): require_once('D:\\Server\\htdoc...')
#10 {main}
CRITICAL - 2020-09-08 05:39:50 --> Duplicate entry '9' for key 'PRIMARY'
#0 D:\Server\htdocs\Sisfomaru\system\Database\MySQLi\Connection.php(331): mysqli->query('UPDATE `data_di...')
#1 D:\Server\htdocs\Sisfomaru\system\Database\BaseConnection.php(738): CodeIgniter\Database\MySQLi\Connection->execute('UPDATE `data_di...')
#2 D:\Server\htdocs\Sisfomaru\system\Database\BaseConnection.php(666): CodeIgniter\Database\BaseConnection->simpleQuery('UPDATE `data_di...')
#3 D:\Server\htdocs\Sisfomaru\system\Database\BaseBuilder.php(2441): CodeIgniter\Database\BaseConnection->query('UPDATE `data_di...', Array, false)
#4 D:\Server\htdocs\Sisfomaru\app\Controllers\Identitas.php(273): CodeIgniter\Database\BaseBuilder->update(Array)
#5 D:\Server\htdocs\Sisfomaru\system\CodeIgniter.php(914): App\Controllers\Identitas->update('9')
#6 D:\Server\htdocs\Sisfomaru\system\CodeIgniter.php(400): CodeIgniter\CodeIgniter->runController(Object(App\Controllers\Identitas))
#7 D:\Server\htdocs\Sisfomaru\system\CodeIgniter.php(308): CodeIgniter\CodeIgniter->handleRequest(NULL, Object(Config\Cache), false)
#8 D:\Server\htdocs\Sisfomaru\public\index.php(45): CodeIgniter\CodeIgniter->run()
#9 D:\Server\htdocs\Sisfomaru\system\Commands\Server\rewrite.php(34): require_once('D:\\Server\\htdoc...')
#10 {main}
CRITICAL - 2020-09-08 05:40:16 --> syntax error, unexpected ''nik'' (T_CONSTANT_ENCAPSED_STRING), expecting ']'
#0 D:\Server\htdocs\Sisfomaru\system\Router\Router.php(192): CodeIgniter\Router\Router->autoRoute('identitas/updat...')
#1 D:\Server\htdocs\Sisfomaru\system\CodeIgniter.php(789): CodeIgniter\Router\Router->handle('identitas/updat...')
#2 D:\Server\htdocs\Sisfomaru\system\CodeIgniter.php(360): CodeIgniter\CodeIgniter->tryToRouteIt(Object(CodeIgniter\Router\RouteCollection))
#3 D:\Server\htdocs\Sisfomaru\system\CodeIgniter.php(308): CodeIgniter\CodeIgniter->handleRequest(NULL, Object(Config\Cache), false)
#4 D:\Server\htdocs\Sisfomaru\public\index.php(45): CodeIgniter\CodeIgniter->run()
#5 D:\Server\htdocs\Sisfomaru\system\Commands\Server\rewrite.php(34): require_once('D:\\Server\\htdoc...')
#6 {main}
CRITICAL - 2020-09-08 05:40:42 --> Duplicate entry '9' for key 'PRIMARY'
#0 D:\Server\htdocs\Sisfomaru\system\Database\MySQLi\Connection.php(331): mysqli->query('UPDATE `data_di...')
#1 D:\Server\htdocs\Sisfomaru\system\Database\BaseConnection.php(738): CodeIgniter\Database\MySQLi\Connection->execute('UPDATE `data_di...')
#2 D:\Server\htdocs\Sisfomaru\system\Database\BaseConnection.php(666): CodeIgniter\Database\BaseConnection->simpleQuery('UPDATE `data_di...')
#3 D:\Server\htdocs\Sisfomaru\system\Database\BaseBuilder.php(2441): CodeIgniter\Database\BaseConnection->query('UPDATE `data_di...', Array, false)
#4 D:\Server\htdocs\Sisfomaru\app\Controllers\Identitas.php(271): CodeIgniter\Database\BaseBuilder->update(Array)
#5 D:\Server\htdocs\Sisfomaru\system\CodeIgniter.php(914): App\Controllers\Identitas->update('9')
#6 D:\Server\htdocs\Sisfomaru\system\CodeIgniter.php(400): CodeIgniter\CodeIgniter->runController(Object(App\Controllers\Identitas))
#7 D:\Server\htdocs\Sisfomaru\system\CodeIgniter.php(308): CodeIgniter\CodeIgniter->handleRequest(NULL, Object(Config\Cache), false)
#8 D:\Server\htdocs\Sisfomaru\public\index.php(45): CodeIgniter\CodeIgniter->run()
#9 D:\Server\htdocs\Sisfomaru\system\Commands\Server\rewrite.php(34): require_once('D:\\Server\\htdoc...')
#10 {main}
CRITICAL - 2020-09-08 05:41:14 --> Duplicate entry '9' for key 'PRIMARY'
#0 D:\Server\htdocs\Sisfomaru\system\Database\MySQLi\Connection.php(331): mysqli->query('UPDATE `data_di...')
#1 D:\Server\htdocs\Sisfomaru\system\Database\BaseConnection.php(738): CodeIgniter\Database\MySQLi\Connection->execute('UPDATE `data_di...')
#2 D:\Server\htdocs\Sisfomaru\system\Database\BaseConnection.php(666): CodeIgniter\Database\BaseConnection->simpleQuery('UPDATE `data_di...')
#3 D:\Server\htdocs\Sisfomaru\system\Database\BaseBuilder.php(2441): CodeIgniter\Database\BaseConnection->query('UPDATE `data_di...', Array, false)
#4 D:\Server\htdocs\Sisfomaru\app\Controllers\Identitas.php(272): CodeIgniter\Database\BaseBuilder->update(Array)
#5 D:\Server\htdocs\Sisfomaru\system\CodeIgniter.php(914): App\Controllers\Identitas->update('9')
#6 D:\Server\htdocs\Sisfomaru\system\CodeIgniter.php(400): CodeIgniter\CodeIgniter->runController(Object(App\Controllers\Identitas))
#7 D:\Server\htdocs\Sisfomaru\system\CodeIgniter.php(308): CodeIgniter\CodeIgniter->handleRequest(NULL, Object(Config\Cache), false)
#8 D:\Server\htdocs\Sisfomaru\public\index.php(45): CodeIgniter\CodeIgniter->run()
#9 D:\Server\htdocs\Sisfomaru\system\Commands\Server\rewrite.php(34): require_once('D:\\Server\\htdoc...')
#10 {main}
CRITICAL - 2020-09-08 05:41:18 --> Duplicate entry '9' for key 'PRIMARY'
#0 D:\Server\htdocs\Sisfomaru\system\Database\MySQLi\Connection.php(331): mysqli->query('UPDATE `data_di...')
#1 D:\Server\htdocs\Sisfomaru\system\Database\BaseConnection.php(738): CodeIgniter\Database\MySQLi\Connection->execute('UPDATE `data_di...')
#2 D:\Server\htdocs\Sisfomaru\system\Database\BaseConnection.php(666): CodeIgniter\Database\BaseConnection->simpleQuery('UPDATE `data_di...')
#3 D:\Server\htdocs\Sisfomaru\system\Database\BaseBuilder.php(2441): CodeIgniter\Database\BaseConnection->query('UPDATE `data_di...', Array, false)
#4 D:\Server\htdocs\Sisfomaru\app\Controllers\Identitas.php(272): CodeIgniter\Database\BaseBuilder->update(Array)
#5 D:\Server\htdocs\Sisfomaru\system\CodeIgniter.php(914): App\Controllers\Identitas->update('9')
#6 D:\Server\htdocs\Sisfomaru\system\CodeIgniter.php(400): CodeIgniter\CodeIgniter->runController(Object(App\Controllers\Identitas))
#7 D:\Server\htdocs\Sisfomaru\system\CodeIgniter.php(308): CodeIgniter\CodeIgniter->handleRequest(NULL, Object(Config\Cache), false)
#8 D:\Server\htdocs\Sisfomaru\public\index.php(45): CodeIgniter\CodeIgniter->run()
#9 D:\Server\htdocs\Sisfomaru\system\Commands\Server\rewrite.php(34): require_once('D:\\Server\\htdoc...')
#10 {main}
CRITICAL - 2020-09-08 05:43:37 --> Duplicate entry '9' for key 'PRIMARY'
#0 D:\Server\htdocs\Sisfomaru\system\Database\MySQLi\Connection.php(331): mysqli->query('UPDATE `data_di...')
#1 D:\Server\htdocs\Sisfomaru\system\Database\BaseConnection.php(738): CodeIgniter\Database\MySQLi\Connection->execute('UPDATE `data_di...')
#2 D:\Server\htdocs\Sisfomaru\system\Database\BaseConnection.php(666): CodeIgniter\Database\BaseConnection->simpleQuery('UPDATE `data_di...')
#3 D:\Server\htdocs\Sisfomaru\system\Database\BaseBuilder.php(2441): CodeIgniter\Database\BaseConnection->query('UPDATE `data_di...', Array, false)
#4 D:\Server\htdocs\Sisfomaru\app\Controllers\Identitas.php(272): CodeIgniter\Database\BaseBuilder->update(Array)
#5 D:\Server\htdocs\Sisfomaru\system\CodeIgniter.php(914): App\Controllers\Identitas->update('9')
#6 D:\Server\htdocs\Sisfomaru\system\CodeIgniter.php(400): CodeIgniter\CodeIgniter->runController(Object(App\Controllers\Identitas))
#7 D:\Server\htdocs\Sisfomaru\system\CodeIgniter.php(308): CodeIgniter\CodeIgniter->handleRequest(NULL, Object(Config\Cache), false)
#8 D:\Server\htdocs\Sisfomaru\public\index.php(45): CodeIgniter\CodeIgniter->run()
#9 D:\Server\htdocs\Sisfomaru\system\Commands\Server\rewrite.php(34): require_once('D:\\Server\\htdoc...')
#10 {main}
CRITICAL - 2020-09-08 05:44:20 --> Duplicate entry '9' for key 'PRIMARY'
#0 D:\Server\htdocs\Sisfomaru\system\Database\MySQLi\Connection.php(331): mysqli->query('UPDATE `data_di...')
#1 D:\Server\htdocs\Sisfomaru\system\Database\BaseConnection.php(738): CodeIgniter\Database\MySQLi\Connection->execute('UPDATE `data_di...')
#2 D:\Server\htdocs\Sisfomaru\system\Database\BaseConnection.php(666): CodeIgniter\Database\BaseConnection->simpleQuery('UPDATE `data_di...')
#3 D:\Server\htdocs\Sisfomaru\system\Database\BaseBuilder.php(2441): CodeIgniter\Database\BaseConnection->query('UPDATE `data_di...', Array, false)
#4 D:\Server\htdocs\Sisfomaru\app\Controllers\Identitas.php(272): CodeIgniter\Database\BaseBuilder->update(Array)
#5 D:\Server\htdocs\Sisfomaru\system\CodeIgniter.php(914): App\Controllers\Identitas->update('9')
#6 D:\Server\htdocs\Sisfomaru\system\CodeIgniter.php(400): CodeIgniter\CodeIgniter->runController(Object(App\Controllers\Identitas))
#7 D:\Server\htdocs\Sisfomaru\system\CodeIgniter.php(308): CodeIgniter\CodeIgniter->handleRequest(NULL, Object(Config\Cache), false)
#8 D:\Server\htdocs\Sisfomaru\public\index.php(45): CodeIgniter\CodeIgniter->run()
#9 D:\Server\htdocs\Sisfomaru\system\Commands\Server\rewrite.php(34): require_once('D:\\Server\\htdoc...')
#10 {main}
CRITICAL - 2020-09-08 05:44:44 --> Duplicate entry '9' for key 'PRIMARY'
#0 D:\Server\htdocs\Sisfomaru\system\Database\MySQLi\Connection.php(331): mysqli->query('UPDATE `data_di...')
#1 D:\Server\htdocs\Sisfomaru\system\Database\BaseConnection.php(738): CodeIgniter\Database\MySQLi\Connection->execute('UPDATE `data_di...')
#2 D:\Server\htdocs\Sisfomaru\system\Database\BaseConnection.php(666): CodeIgniter\Database\BaseConnection->simpleQuery('UPDATE `data_di...')
#3 D:\Server\htdocs\Sisfomaru\system\Database\BaseBuilder.php(2441): CodeIgniter\Database\BaseConnection->query('UPDATE `data_di...', Array, false)
#4 D:\Server\htdocs\Sisfomaru\app\Controllers\Identitas.php(272): CodeIgniter\Database\BaseBuilder->update(Array)
#5 D:\Server\htdocs\Sisfomaru\system\CodeIgniter.php(914): App\Controllers\Identitas->update('9')
#6 D:\Server\htdocs\Sisfomaru\system\CodeIgniter.php(400): CodeIgniter\CodeIgniter->runController(Object(App\Controllers\Identitas))
#7 D:\Server\htdocs\Sisfomaru\system\CodeIgniter.php(308): CodeIgniter\CodeIgniter->handleRequest(NULL, Object(Config\Cache), false)
#8 D:\Server\htdocs\Sisfomaru\public\index.php(45): CodeIgniter\CodeIgniter->run()
#9 D:\Server\htdocs\Sisfomaru\system\Commands\Server\rewrite.php(34): require_once('D:\\Server\\htdoc...')
#10 {main}
CRITICAL - 2020-09-08 05:44:54 --> Call to a member function WHERE() on bool
#0 D:\Server\htdocs\Sisfomaru\system\CodeIgniter.php(914): App\Controllers\Identitas->update('9')
#1 D:\Server\htdocs\Sisfomaru\system\CodeIgniter.php(400): CodeIgniter\CodeIgniter->runController(Object(App\Controllers\Identitas))
#2 D:\Server\htdocs\Sisfomaru\system\CodeIgniter.php(308): CodeIgniter\CodeIgniter->handleRequest(NULL, Object(Config\Cache), false)
#3 D:\Server\htdocs\Sisfomaru\public\index.php(45): CodeIgniter\CodeIgniter->run()
#4 D:\Server\htdocs\Sisfomaru\system\Commands\Server\rewrite.php(34): require_once('D:\\Server\\htdoc...')
#5 {main}
CRITICAL - 2020-09-08 05:52:57 --> Duplicate entry '9' for key 'PRIMARY'
#0 D:\Server\htdocs\Sisfomaru\system\Database\MySQLi\Connection.php(331): mysqli->query('UPDATE `data_di...')
#1 D:\Server\htdocs\Sisfomaru\system\Database\BaseConnection.php(738): CodeIgniter\Database\MySQLi\Connection->execute('UPDATE `data_di...')
#2 D:\Server\htdocs\Sisfomaru\system\Database\BaseConnection.php(666): CodeIgniter\Database\BaseConnection->simpleQuery('UPDATE `data_di...')
#3 D:\Server\htdocs\Sisfomaru\system\Database\BaseBuilder.php(2441): CodeIgniter\Database\BaseConnection->query('UPDATE `data_di...', Array, false)
#4 D:\Server\htdocs\Sisfomaru\app\Controllers\Identitas.php(271): CodeIgniter\Database\BaseBuilder->update(Array)
#5 D:\Server\htdocs\Sisfomaru\system\CodeIgniter.php(914): App\Controllers\Identitas->update('9')
#6 D:\Server\htdocs\Sisfomaru\system\CodeIgniter.php(400): CodeIgniter\CodeIgniter->runController(Object(App\Controllers\Identitas))
#7 D:\Server\htdocs\Sisfomaru\system\CodeIgniter.php(308): CodeIgniter\CodeIgniter->handleRequest(NULL, Object(Config\Cache), false)
#8 D:\Server\htdocs\Sisfomaru\public\index.php(45): CodeIgniter\CodeIgniter->run()
#9 D:\Server\htdocs\Sisfomaru\system\Commands\Server\rewrite.php(34): require_once('D:\\Server\\htdoc...')
#10 {main}
CRITICAL - 2020-09-08 06:41:44 --> Undefined index: status_datadiri
#0 D:\Server\htdocs\Sisfomaru\app\Views\user\dasboard\index.php(104): CodeIgniter\Debug\Exceptions->errorHandler(8, 'Undefined index...', 'D:\\Server\\htdoc...', 104, Array)
#1 D:\Server\htdocs\Sisfomaru\system\View\View.php(246): include('D:\\Server\\htdoc...')
#2 D:\Server\htdocs\Sisfomaru\system\Common.php(1087): CodeIgniter\View\View->render('user/dasboard/i...', Array, true)
#3 D:\Server\htdocs\Sisfomaru\app\Controllers\User.php(36): view('user/dasboard/i...', Array)
#4 D:\Server\htdocs\Sisfomaru\system\CodeIgniter.php(914): App\Controllers\User->index()
#5 D:\Server\htdocs\Sisfomaru\system\CodeIgniter.php(400): CodeIgniter\CodeIgniter->runController(Object(App\Controllers\User))
#6 D:\Server\htdocs\Sisfomaru\system\CodeIgniter.php(308): CodeIgniter\CodeIgniter->handleRequest(NULL, Object(Config\Cache), false)
#7 D:\Server\htdocs\Sisfomaru\public\index.php(45): CodeIgniter\CodeIgniter->run()
#8 D:\Server\htdocs\Sisfomaru\system\Commands\Server\rewrite.php(34): require_once('D:\\Server\\htdoc...')
#9 {main}
CRITICAL - 2020-09-08 06:44:48 --> Undefined index: status_datadiri
#0 D:\Server\htdocs\Sisfomaru\app\Views\user\dasboard\index.php(105): CodeIgniter\Debug\Exceptions->errorHandler(8, 'Undefined index...', 'D:\\Server\\htdoc...', 105, Array)
#1 D:\Server\htdocs\Sisfomaru\system\View\View.php(246): include('D:\\Server\\htdoc...')
#2 D:\Server\htdocs\Sisfomaru\system\Common.php(1087): CodeIgniter\View\View->render('user/dasboard/i...', Array, true)
#3 D:\Server\htdocs\Sisfomaru\app\Controllers\User.php(36): view('user/dasboard/i...', Array)
#4 D:\Server\htdocs\Sisfomaru\system\CodeIgniter.php(914): App\Controllers\User->index()
#5 D:\Server\htdocs\Sisfomaru\system\CodeIgniter.php(400): CodeIgniter\CodeIgniter->runController(Object(App\Controllers\User))
#6 D:\Server\htdocs\Sisfomaru\system\CodeIgniter.php(308): CodeIgniter\CodeIgniter->handleRequest(NULL, Object(Config\Cache), false)
#7 D:\Server\htdocs\Sisfomaru\public\index.php(45): CodeIgniter\CodeIgniter->run()
#8 D:\Server\htdocs\Sisfomaru\system\Commands\Server\rewrite.php(34): require_once('D:\\Server\\htdoc...')
#9 {main}
CRITICAL - 2020-09-08 06:53:04 --> Trying to get property 'getRowArray' of non-object
#0 D:\Server\htdocs\Sisfomaru\app\Controllers\User.php(34): CodeIgniter\Debug\Exceptions->errorHandler(8, 'Trying to get p...', 'D:\\Server\\htdoc...', 34, Array)
#1 D:\Server\htdocs\Sisfomaru\system\CodeIgniter.php(914): App\Controllers\User->index()
#2 D:\Server\htdocs\Sisfomaru\system\CodeIgniter.php(400): CodeIgniter\CodeIgniter->runController(Object(App\Controllers\User))
#3 D:\Server\htdocs\Sisfomaru\system\CodeIgniter.php(308): CodeIgniter\CodeIgniter->handleRequest(NULL, Object(Config\Cache), false)
#4 D:\Server\htdocs\Sisfomaru\public\index.php(45): CodeIgniter\CodeIgniter->run()
#5 D:\Server\htdocs\Sisfomaru\system\Commands\Server\rewrite.php(34): require_once('D:\\Server\\htdoc...')
#6 {main}
CRITICAL - 2020-09-08 06:53:16 --> Undefined index: status_datadiri
#0 D:\Server\htdocs\Sisfomaru\app\Views\user\dasboard\index.php(105): CodeIgniter\Debug\Exceptions->errorHandler(8, 'Undefined index...', 'D:\\Server\\htdoc...', 105, Array)
#1 D:\Server\htdocs\Sisfomaru\system\View\View.php(246): include('D:\\Server\\htdoc...')
#2 D:\Server\htdocs\Sisfomaru\system\Common.php(1087): CodeIgniter\View\View->render('user/dasboard/i...', Array, true)
#3 D:\Server\htdocs\Sisfomaru\app\Controllers\User.php(36): view('user/dasboard/i...', Array)
#4 D:\Server\htdocs\Sisfomaru\system\CodeIgniter.php(914): App\Controllers\User->index()
#5 D:\Server\htdocs\Sisfomaru\system\CodeIgniter.php(400): CodeIgniter\CodeIgniter->runController(Object(App\Controllers\User))
#6 D:\Server\htdocs\Sisfomaru\system\CodeIgniter.php(308): CodeIgniter\CodeIgniter->handleRequest(NULL, Object(Config\Cache), false)
#7 D:\Server\htdocs\Sisfomaru\public\index.php(45): CodeIgniter\CodeIgniter->run()
#8 D:\Server\htdocs\Sisfomaru\system\Commands\Server\rewrite.php(34): require_once('D:\\Server\\htdoc...')
#9 {main}
CRITICAL - 2020-09-08 06:55:19 --> Undefined index: status_datadiri
#0 D:\Server\htdocs\Sisfomaru\app\Views\user\dasboard\index.php(105): CodeIgniter\Debug\Exceptions->errorHandler(8, 'Undefined index...', 'D:\\Server\\htdoc...', 105, Array)
#1 D:\Server\htdocs\Sisfomaru\system\View\View.php(246): include('D:\\Server\\htdoc...')
#2 D:\Server\htdocs\Sisfomaru\system\Common.php(1087): CodeIgniter\View\View->render('user/dasboard/i...', Array, true)
#3 D:\Server\htdocs\Sisfomaru\app\Controllers\User.php(36): view('user/dasboard/i...', Array)
#4 D:\Server\htdocs\Sisfomaru\system\CodeIgniter.php(914): App\Controllers\User->index()
#5 D:\Server\htdocs\Sisfomaru\system\CodeIgniter.php(400): CodeIgniter\CodeIgniter->runController(Object(App\Controllers\User))
#6 D:\Server\htdocs\Sisfomaru\system\CodeIgniter.php(308): CodeIgniter\CodeIgniter->handleRequest(NULL, Object(Config\Cache), false)
#7 D:\Server\htdocs\Sisfomaru\public\index.php(45): CodeIgniter\CodeIgniter->run()
#8 D:\Server\htdocs\Sisfomaru\system\Commands\Server\rewrite.php(34): require_once('D:\\Server\\htdoc...')
#9 {main}
CRITICAL - 2020-09-08 07:01:45 --> You have an error in your SQL syntax; check the manual that corresponds to your MariaDB server version for the right syntax to use near '@stmiksznw.ac.id' at line 1
#0 D:\Server\htdocs\Sisfomaru\system\Database\MySQLi\Connection.php(331): mysqli->query('SELECT * FROM p...')
#1 D:\Server\htdocs\Sisfomaru\system\Database\BaseConnection.php(738): CodeIgniter\Database\MySQLi\Connection->execute('SELECT * FROM p...')
#2 D:\Server\htdocs\Sisfomaru\system\Database\BaseConnection.php(666): CodeIgniter\Database\BaseConnection->simpleQuery('SELECT * FROM p...')
#3 D:\Server\htdocs\Sisfomaru\app\Views\user\dasboard\index.php(106): CodeIgniter\Database\BaseConnection->query('SELECT * FROM p...')
#4 D:\Server\htdocs\Sisfomaru\system\View\View.php(246): include('D:\\Server\\htdoc...')
#5 D:\Server\htdocs\Sisfomaru\system\Common.php(1087): CodeIgniter\View\View->render('user/dasboard/i...', Array, true)
#6 D:\Server\htdocs\Sisfomaru\app\Controllers\User.php(36): view('user/dasboard/i...', Array)
#7 D:\Server\htdocs\Sisfomaru\system\CodeIgniter.php(914): App\Controllers\User->index()
#8 D:\Server\htdocs\Sisfomaru\system\CodeIgniter.php(400): CodeIgniter\CodeIgniter->runController(Object(App\Controllers\User))
#9 D:\Server\htdocs\Sisfomaru\system\CodeIgniter.php(308): CodeIgniter\CodeIgniter->handleRequest(NULL, Object(Config\Cache), false)
#10 D:\Server\htdocs\Sisfomaru\public\index.php(45): CodeIgniter\CodeIgniter->run()
#11 D:\Server\htdocs\Sisfomaru\system\Commands\Server\rewrite.php(34): require_once('D:\\Server\\htdoc...')
#12 {main}
CRITICAL - 2020-09-08 07:05:07 --> You have an error in your SQL syntax; check the manual that corresponds to your MariaDB server version for the right syntax to use near '' at line 1
#0 D:\Server\htdocs\Sisfomaru\system\Database\MySQLi\Connection.php(331): mysqli->query('SELECT * FROM p...')
#1 D:\Server\htdocs\Sisfomaru\system\Database\BaseConnection.php(738): CodeIgniter\Database\MySQLi\Connection->execute('SELECT * FROM p...')
#2 D:\Server\htdocs\Sisfomaru\system\Database\BaseConnection.php(666): CodeIgniter\Database\BaseConnection->simpleQuery('SELECT * FROM p...')
#3 D:\Server\htdocs\Sisfomaru\app\Views\user\dasboard\index.php(106): CodeIgniter\Database\BaseConnection->query('SELECT * FROM p...')
#4 D:\Server\htdocs\Sisfomaru\system\View\View.php(246): include('D:\\Server\\htdoc...')
#5 D:\Server\htdocs\Sisfomaru\system\Common.php(1087): CodeIgniter\View\View->render('user/dasboard/i...', Array, true)
#6 D:\Server\htdocs\Sisfomaru\app\Controllers\User.php(36): view('user/dasboard/i...', Array)
#7 D:\Server\htdocs\Sisfomaru\system\CodeIgniter.php(914): App\Controllers\User->index()
#8 D:\Server\htdocs\Sisfomaru\system\CodeIgniter.php(400): CodeIgniter\CodeIgniter->runController(Object(App\Controllers\User))
#9 D:\Server\htdocs\Sisfomaru\system\CodeIgniter.php(308): CodeIgniter\CodeIgniter->handleRequest(NULL, Object(Config\Cache), false)
#10 D:\Server\htdocs\Sisfomaru\public\index.php(45): CodeIgniter\CodeIgniter->run()
#11 D:\Server\htdocs\Sisfomaru\system\Commands\Server\rewrite.php(34): require_once('D:\\Server\\htdoc...')
#12 {main}
CRITICAL - 2020-09-08 07:15:56 --> You have an error in your SQL syntax; check the manual that corresponds to your MariaDB server version for the right syntax to use near '@stmiksznw.ac.id
                                                    ORDER B...' at line 4
#0 D:\Server\htdocs\Sisfomaru\system\Database\MySQLi\Connection.php(331): mysqli->query('SELECT users.id...')
#1 D:\Server\htdocs\Sisfomaru\system\Database\BaseConnection.php(738): CodeIgniter\Database\MySQLi\Connection->execute('SELECT users.id...')
#2 D:\Server\htdocs\Sisfomaru\system\Database\BaseConnection.php(666): CodeIgniter\Database\BaseConnection->simpleQuery('SELECT users.id...')
#3 D:\Server\htdocs\Sisfomaru\app\Views\user\dasboard\index.php(111): CodeIgniter\Database\BaseConnection->query('SELECT users.id...')
#4 D:\Server\htdocs\Sisfomaru\system\View\View.php(246): include('D:\\Server\\htdoc...')
#5 D:\Server\htdocs\Sisfomaru\system\Common.php(1087): CodeIgniter\View\View->render('user/dasboard/i...', Array, true)
#6 D:\Server\htdocs\Sisfomaru\app\Controllers\User.php(36): view('user/dasboard/i...', Array)
#7 D:\Server\htdocs\Sisfomaru\system\CodeIgniter.php(914): App\Controllers\User->index()
#8 D:\Server\htdocs\Sisfomaru\system\CodeIgniter.php(400): CodeIgniter\CodeIgniter->runController(Object(App\Controllers\User))
#9 D:\Server\htdocs\Sisfomaru\system\CodeIgniter.php(308): CodeIgniter\CodeIgniter->handleRequest(NULL, Object(Config\Cache), false)
#10 D:\Server\htdocs\Sisfomaru\public\index.php(45): CodeIgniter\CodeIgniter->run()
#11 D:\Server\htdocs\Sisfomaru\system\Commands\Server\rewrite.php(34): require_once('D:\\Server\\htdoc...')
#12 {main}
CRITICAL - 2020-09-08 07:16:47 --> Undefined index: status_datadiri
#0 D:\Server\htdocs\Sisfomaru\app\Views\user\dasboard\index.php(120): CodeIgniter\Debug\Exceptions->errorHandler(8, 'Undefined index...', 'D:\\Server\\htdoc...', 120, Array)
#1 D:\Server\htdocs\Sisfomaru\system\View\View.php(246): include('D:\\Server\\htdoc...')
#2 D:\Server\htdocs\Sisfomaru\system\Common.php(1087): CodeIgniter\View\View->render('user/dasboard/i...', Array, true)
#3 D:\Server\htdocs\Sisfomaru\app\Controllers\User.php(36): view('user/dasboard/i...', Array)
#4 D:\Server\htdocs\Sisfomaru\system\CodeIgniter.php(914): App\Controllers\User->index()
#5 D:\Server\htdocs\Sisfomaru\system\CodeIgniter.php(400): CodeIgniter\CodeIgniter->runController(Object(App\Controllers\User))
#6 D:\Server\htdocs\Sisfomaru\system\CodeIgniter.php(308): CodeIgniter\CodeIgniter->handleRequest(NULL, Object(Config\Cache), false)
#7 D:\Server\htdocs\Sisfomaru\public\index.php(45): CodeIgniter\CodeIgniter->run()
#8 D:\Server\htdocs\Sisfomaru\system\Commands\Server\rewrite.php(34): require_once('D:\\Server\\htdoc...')
#9 {main}
CRITICAL - 2020-09-08 07:16:49 --> Undefined index: status_datadiri
#0 D:\Server\htdocs\Sisfomaru\app\Views\user\dasboard\index.php(120): CodeIgniter\Debug\Exceptions->errorHandler(8, 'Undefined index...', 'D:\\Server\\htdoc...', 120, Array)
#1 D:\Server\htdocs\Sisfomaru\system\View\View.php(246): include('D:\\Server\\htdoc...')
#2 D:\Server\htdocs\Sisfomaru\system\Common.php(1087): CodeIgniter\View\View->render('user/dasboard/i...', Array, true)
#3 D:\Server\htdocs\Sisfomaru\app\Controllers\User.php(36): view('user/dasboard/i...', Array)
#4 D:\Server\htdocs\Sisfomaru\system\CodeIgniter.php(914): App\Controllers\User->index()
#5 D:\Server\htdocs\Sisfomaru\system\CodeIgniter.php(400): CodeIgniter\CodeIgniter->runController(Object(App\Controllers\User))
#6 D:\Server\htdocs\Sisfomaru\system\CodeIgniter.php(308): CodeIgniter\CodeIgniter->handleRequest(NULL, Object(Config\Cache), false)
#7 D:\Server\htdocs\Sisfomaru\public\index.php(45): CodeIgniter\CodeIgniter->run()
#8 D:\Server\htdocs\Sisfomaru\system\Commands\Server\rewrite.php(34): require_once('D:\\Server\\htdoc...')
#9 {main}
CRITICAL - 2020-09-08 22:48:57 --> Invalid file: {0}
#0 D:\server\htdocs\Sisfomaru\system\View\View.php(228): CodeIgniter\Exceptions\FrameworkException::forInvalidFile('user/identitas/...')
#1 D:\server\htdocs\Sisfomaru\system\Common.php(1087): CodeIgniter\View\View->render('user/identitas/...', Array, true)
#2 D:\server\htdocs\Sisfomaru\app\Controllers\Identitas.php(295): view('user/identitas/...', Array)
#3 D:\server\htdocs\Sisfomaru\system\CodeIgniter.php(914): App\Controllers\Identitas->ortu()
#4 D:\server\htdocs\Sisfomaru\system\CodeIgniter.php(400): CodeIgniter\CodeIgniter->runController(Object(App\Controllers\Identitas))
#5 D:\server\htdocs\Sisfomaru\system\CodeIgniter.php(308): CodeIgniter\CodeIgniter->handleRequest(NULL, Object(Config\Cache), false)
#6 D:\server\htdocs\Sisfomaru\public\index.php(45): CodeIgniter\CodeIgniter->run()
#7 D:\server\htdocs\Sisfomaru\system\Commands\Server\rewrite.php(34): require_once('D:\\server\\htdoc...')
#8 {main}
CRITICAL - 2020-09-08 22:49:06 --> Invalid file: {0}
#0 D:\server\htdocs\Sisfomaru\system\View\View.php(228): CodeIgniter\Exceptions\FrameworkException::forInvalidFile('user/identitas/...')
#1 D:\server\htdocs\Sisfomaru\system\Common.php(1087): CodeIgniter\View\View->render('user/identitas/...', Array, true)
#2 D:\server\htdocs\Sisfomaru\app\Controllers\Identitas.php(295): view('user/identitas/...', Array)
#3 D:\server\htdocs\Sisfomaru\system\CodeIgniter.php(914): App\Controllers\Identitas->ortu()
#4 D:\server\htdocs\Sisfomaru\system\CodeIgniter.php(400): CodeIgniter\CodeIgniter->runController(Object(App\Controllers\Identitas))
#5 D:\server\htdocs\Sisfomaru\system\CodeIgniter.php(308): CodeIgniter\CodeIgniter->handleRequest(NULL, Object(Config\Cache), false)
#6 D:\server\htdocs\Sisfomaru\public\index.php(45): CodeIgniter\CodeIgniter->run()
#7 D:\server\htdocs\Sisfomaru\system\Commands\Server\rewrite.php(34): require_once('D:\\server\\htdoc...')
#8 {main}
CRITICAL - 2020-09-08 22:50:39 --> Undefined variable: base_url
#0 D:\server\htdocs\Sisfomaru\app\Views\user\identitas\ortu.php(12): CodeIgniter\Debug\Exceptions->errorHandler(8, 'Undefined varia...', 'D:\\server\\htdoc...', 12, Array)
#1 D:\server\htdocs\Sisfomaru\system\View\View.php(246): include('D:\\server\\htdoc...')
#2 D:\server\htdocs\Sisfomaru\system\Common.php(1087): CodeIgniter\View\View->render('user/identitas/...', Array, true)
#3 D:\server\htdocs\Sisfomaru\app\Controllers\Identitas.php(295): view('user/identitas/...', Array)
#4 D:\server\htdocs\Sisfomaru\system\CodeIgniter.php(914): App\Controllers\Identitas->ortu()
#5 D:\server\htdocs\Sisfomaru\system\CodeIgniter.php(400): CodeIgniter\CodeIgniter->runController(Object(App\Controllers\Identitas))
#6 D:\server\htdocs\Sisfomaru\system\CodeIgniter.php(308): CodeIgniter\CodeIgniter->handleRequest(NULL, Object(Config\Cache), false)
#7 D:\server\htdocs\Sisfomaru\public\index.php(45): CodeIgniter\CodeIgniter->run()
#8 D:\server\htdocs\Sisfomaru\system\Commands\Server\rewrite.php(34): require_once('D:\\server\\htdoc...')
#9 {main}
CRITICAL - 2020-09-08 22:52:27 --> Undefined variable: base_url
#0 D:\server\htdocs\Sisfomaru\app\Views\user\identitas\ortu.php(43): CodeIgniter\Debug\Exceptions->errorHandler(8, 'Undefined varia...', 'D:\\server\\htdoc...', 43, Array)
#1 D:\server\htdocs\Sisfomaru\system\View\View.php(246): include('D:\\server\\htdoc...')
#2 D:\server\htdocs\Sisfomaru\system\Common.php(1087): CodeIgniter\View\View->render('user/identitas/...', Array, true)
#3 D:\server\htdocs\Sisfomaru\app\Controllers\Identitas.php(295): view('user/identitas/...', Array)
#4 D:\server\htdocs\Sisfomaru\system\CodeIgniter.php(914): App\Controllers\Identitas->ortu()
#5 D:\server\htdocs\Sisfomaru\system\CodeIgniter.php(400): CodeIgniter\CodeIgniter->runController(Object(App\Controllers\Identitas))
#6 D:\server\htdocs\Sisfomaru\system\CodeIgniter.php(308): CodeIgniter\CodeIgniter->handleRequest(NULL, Object(Config\Cache), false)
#7 D:\server\htdocs\Sisfomaru\public\index.php(45): CodeIgniter\CodeIgniter->run()
#8 D:\server\htdocs\Sisfomaru\system\Commands\Server\rewrite.php(34): require_once('D:\\server\\htdoc...')
#9 {main}
CRITICAL - 2020-09-08 22:56:55 --> syntax error, unexpected end of file
#0 D:\server\htdocs\Sisfomaru\system\Common.php(1087): CodeIgniter\View\View->render('user/identitas/...', Array, true)
#1 D:\server\htdocs\Sisfomaru\app\Controllers\Identitas.php(295): view('user/identitas/...', Array)
#2 D:\server\htdocs\Sisfomaru\system\CodeIgniter.php(914): App\Controllers\Identitas->ortu()
#3 D:\server\htdocs\Sisfomaru\system\CodeIgniter.php(400): CodeIgniter\CodeIgniter->runController(Object(App\Controllers\Identitas))
#4 D:\server\htdocs\Sisfomaru\system\CodeIgniter.php(308): CodeIgniter\CodeIgniter->handleRequest(NULL, Object(Config\Cache), false)
#5 D:\server\htdocs\Sisfomaru\public\index.php(45): CodeIgniter\CodeIgniter->run()
#6 D:\server\htdocs\Sisfomaru\system\Commands\Server\rewrite.php(34): require_once('D:\\server\\htdoc...')
#7 {main}
